# JRE version: OpenJDK Runtime Environment (17.0.7) (build 17.0.7+0-b2043.56-10550314)
# Java VM: OpenJDK 64-Bit Server VM (17.0.7+0-b2043.56-10550314, mixed mode, tiered, compressed oops, compressed class ptrs, g1 gc, windows-amd64)
GC Precious Log:
 CPUs: 8 total, 8 available
 Memory: 16303M
 Large Page Support: Disabled
 NUMA Support: Disabled
 Compressed Oops: Enabled (32-bit)
 Heap Region Size: 1M
 Heap Min Capacity: 8M
 Heap Initial Capacity: 256M
 Heap Max Capacity: 2G
 Pre-touch: Disabled
 Parallel Workers: 8
 Concurrent Workers: 2
 Concurrent Refinement Workers: 8
 Periodic GC: Disabled
Heap:
 garbage-first heap   total 164864K, used 111971K [0x0000000080000000, 0x0000000100000000)
  region size 1024K, 26 young (26624K), 1 survivors (1024K)
 Metaspace       used 94764K, committed 95424K, reserved 1179648K
  class space    used 13117K, committed 13440K, reserved 1048576K
GC Heap History (20 events):
Event: 4.504 GC heap before
{Heap before GC invocations=21 (full 0):
 garbage-first heap   total 137216K, used 97415K [0x0000000080000000, 0x0000000100000000)
  region size 1024K, 31 young (31744K), 4 survivors (4096K)
 Metaspace       used 70540K, committed 71168K, reserved 1114112K
  class space    used 9498K, committed 9792K, reserved 1048576K
}
Event: 4.507 GC heap after
{Heap after GC invocations=22 (full 0):
 garbage-first heap   total 137216K, used 71945K [0x0000000080000000, 0x0000000100000000)
  region size 1024K, 2 young (2048K), 2 survivors (2048K)
 Metaspace       used 70540K, committed 71168K, reserved 1114112K
  class space    used 9498K, committed 9792K, reserved 1048576K
}
Event: 4.753 GC heap before
{Heap before GC invocations=23 (full 0):
 garbage-first heap   total 137216K, used 114953K [0x0000000080000000, 0x0000000100000000)
  region size 1024K, 41 young (41984K), 2 survivors (2048K)
 Metaspace       used 74697K, committed 75328K, reserved 1114112K
  class space    used 10069K, committed 10368K, reserved 1048576K
}
Event: 4.755 GC heap after
{Heap after GC invocations=24 (full 0):
 garbage-first heap   total 137216K, used 77412K [0x0000000080000000, 0x0000000100000000)
  region size 1024K, 4 young (4096K), 4 survivors (4096K)
 Metaspace       used 74697K, committed 75328K, reserved 1114112K
  class space    used 10069K, committed 10368K, reserved 1048576K
}
Event: 4.767 GC heap before
{Heap before GC invocations=24 (full 0):
 garbage-first heap   total 137216K, used 79460K [0x0000000080000000, 0x0000000100000000)
  region size 1024K, 6 young (6144K), 4 survivors (4096K)
 Metaspace       used 74926K, committed 75520K, reserved 1114112K
  class space    used 10107K, committed 10368K, reserved 1048576K
}
Event: 4.769 GC heap after
{Heap after GC invocations=25 (full 0):
 garbage-first heap   total 137216K, used 77123K [0x0000000080000000, 0x0000000100000000)
  region size 1024K, 1 young (1024K), 1 survivors (1024K)
 Metaspace       used 74926K, committed 75520K, reserved 1114112K
  class space    used 10107K, committed 10368K, reserved 1048576K
}
Event: 4.995 GC heap before
{Heap before GC invocations=25 (full 0):
 garbage-first heap   total 137216K, used 113987K [0x0000000080000000, 0x0000000100000000)
  region size 1024K, 37 young (37888K), 1 survivors (1024K)
 Metaspace       used 77734K, committed 78272K, reserved 1179648K
  class space    used 10489K, committed 10752K, reserved 1048576K
}
Event: 4.997 GC heap after
{Heap after GC invocations=26 (full 0):
 garbage-first heap   total 164864K, used 78731K [0x0000000080000000, 0x0000000100000000)
  region size 1024K, 3 young (3072K), 3 survivors (3072K)
 Metaspace       used 77734K, committed 78272K, reserved 1179648K
  class space    used 10489K, committed 10752K, reserved 1048576K
}
Event: 5.255 GC heap before
{Heap before GC invocations=27 (full 0):
 garbage-first heap   total 164864K, used 120715K [0x0000000080000000, 0x0000000100000000)
  region size 1024K, 48 young (49152K), 3 survivors (3072K)
 Metaspace       used 79992K, committed 80576K, reserved 1179648K
  class space    used 10795K, committed 11072K, reserved 1048576K
}
Event: 5.257 GC heap after
{Heap after GC invocations=28 (full 0):
 garbage-first heap   total 164864K, used 80352K [0x0000000080000000, 0x0000000100000000)
  region size 1024K, 6 young (6144K), 6 survivors (6144K)
 Metaspace       used 79992K, committed 80576K, reserved 1179648K
  class space    used 10795K, committed 11072K, reserved 1048576K
}
Event: 5.560 GC heap before
{Heap before GC invocations=29 (full 0):
 garbage-first heap   total 164864K, used 132576K [0x0000000080000000, 0x0000000100000000)
  region size 1024K, 56 young (57344K), 6 survivors (6144K)
 Metaspace       used 83987K, committed 84544K, reserved 1179648K
  class space    used 11549K, committed 11840K, reserved 1048576K
}
Event: 5.563 GC heap after
{Heap after GC invocations=30 (full 0):
 garbage-first heap   total 164864K, used 81949K [0x0000000080000000, 0x0000000100000000)
  region size 1024K, 6 young (6144K), 6 survivors (6144K)
 Metaspace       used 83987K, committed 84544K, reserved 1179648K
  class space    used 11549K, committed 11840K, reserved 1048576K
}
Event: 5.578 GC heap before
{Heap before GC invocations=30 (full 0):
 garbage-first heap   total 164864K, used 83997K [0x0000000080000000, 0x0000000100000000)
  region size 1024K, 8 young (8192K), 6 survivors (6144K)
 Metaspace       used 84152K, committed 84736K, reserved 1179648K
  class space    used 11569K, committed 11840K, reserved 1048576K
}
Event: 5.581 GC heap after
{Heap after GC invocations=31 (full 0):
 garbage-first heap   total 164864K, used 81995K [0x0000000080000000, 0x0000000100000000)
  region size 1024K, 1 young (1024K), 1 survivors (1024K)
 Metaspace       used 84152K, committed 84736K, reserved 1179648K
  class space    used 11569K, committed 11840K, reserved 1048576K
}
Event: 5.927 GC heap before
{Heap before GC invocations=31 (full 0):
 garbage-first heap   total 164864K, used 134219K [0x0000000080000000, 0x0000000100000000)
  region size 1024K, 52 young (53248K), 1 survivors (1024K)
 Metaspace       used 88161K, committed 88832K, reserved 1179648K
  class space    used 12168K, committed 12480K, reserved 1048576K
}
Event: 5.929 GC heap after
{Heap after GC invocations=32 (full 0):
 garbage-first heap   total 164864K, used 84792K [0x0000000080000000, 0x0000000100000000)
  region size 1024K, 4 young (4096K), 4 survivors (4096K)
 Metaspace       used 88161K, committed 88832K, reserved 1179648K
  class space    used 12168K, committed 12480K, reserved 1048576K
}
Event: 6.248 GC heap before
{Heap before GC invocations=33 (full 0):
 garbage-first heap   total 164864K, used 134968K [0x0000000080000000, 0x0000000100000000)
  region size 1024K, 53 young (54272K), 4 survivors (4096K)
 Metaspace       used 92064K, committed 92672K, reserved 1179648K
  class space    used 12791K, committed 13056K, reserved 1048576K
}
Event: 6.252 GC heap after
{Heap after GC invocations=34 (full 0):
 garbage-first heap   total 164864K, used 87265K [0x0000000080000000, 0x0000000100000000)
  region size 1024K, 6 young (6144K), 6 survivors (6144K)
 Metaspace       used 92064K, committed 92672K, reserved 1179648K
  class space    used 12791K, committed 13056K, reserved 1048576K
}
Event: 6.266 GC heap before
{Heap before GC invocations=34 (full 0):
 garbage-first heap   total 164864K, used 88289K [0x0000000080000000, 0x0000000100000000)
  region size 1024K, 8 young (8192K), 6 survivors (6144K)
 Metaspace       used 92241K, committed 92928K, reserved 1179648K
  class space    used 12817K, committed 13120K, reserved 1048576K
}
Event: 6.269 GC heap after
{Heap after GC invocations=35 (full 0):
 garbage-first heap   total 164864K, used 87395K [0x0000000080000000, 0x0000000100000000)
  region size 1024K, 1 young (1024K), 1 survivors (1024K)
 Metaspace       used 92241K, committed 92928K, reserved 1179648K
  class space    used 12817K, committed 13120K, reserved 1048576K
}

