# JRE version: OpenJDK Runtime Environment (17.0.7) (build 17.0.7+0-b2043.56-10550314)
# Java VM: OpenJDK 64-Bit Server VM (17.0.7+0-b2043.56-10550314, mixed mode, tiered, compressed oops, compressed class ptrs, g1 gc, windows-amd64)
GC Precious Log:
 CPUs: 8 total, 8 available
 Memory: 16303M
 Large Page Support: Disabled
 NUMA Support: Disabled
 Compressed Oops: Enabled (32-bit)
 Heap Region Size: 1M
 Heap Min Capacity: 8M
 Heap Initial Capacity: 256M
 Heap Max Capacity: 2G
 Pre-touch: Disabled
 Parallel Workers: 8
 Concurrent Workers: 2
 Concurrent Refinement Workers: 8
 Periodic GC: Disabled
Heap:
 garbage-first heap   total 360448K, used 216127K [0x0000000080000000, 0x0000000100000000)
  region size 1024K, 28 young (28672K), 8 survivors (8192K)
 Metaspace       used 111751K, committed 112640K, reserved 1179648K
  class space    used 15184K, committed 15616K, reserved 1048576K
GC Heap History (20 events):
Event: 6.011 GC heap before
{Heap before GC invocations=33 (full 0):
 garbage-first heap   total 350208K, used 240542K [0x0000000080000000, 0x0000000100000000)
  region size 1024K, 132 young (135168K), 1 survivors (1024K)
 Metaspace       used 83644K, committed 84416K, reserved 1179648K
  class space    used 11358K, committed 11712K, reserved 1048576K
}
Event: 6.015 GC heap after
{Heap after GC invocations=34 (full 0):
 garbage-first heap   total 350208K, used 112822K [0x0000000080000000, 0x0000000100000000)
  region size 1024K, 8 young (8192K), 8 survivors (8192K)
 Metaspace       used 83644K, committed 84416K, reserved 1179648K
  class space    used 11358K, committed 11712K, reserved 1048576K
}
Event: 6.560 GC heap before
{Heap before GC invocations=34 (full 0):
 garbage-first heap   total 350208K, used 199862K [0x0000000080000000, 0x0000000100000000)
  region size 1024K, 94 young (96256K), 8 survivors (8192K)
 Metaspace       used 90773K, committed 91520K, reserved 1179648K
  class space    used 12545K, committed 12928K, reserved 1048576K
}
Event: 6.565 GC heap after
{Heap after GC invocations=35 (full 0):
 garbage-first heap   total 350208K, used 117560K [0x0000000080000000, 0x0000000100000000)
  region size 1024K, 12 young (12288K), 12 survivors (12288K)
 Metaspace       used 90773K, committed 91520K, reserved 1179648K
  class space    used 12545K, committed 12928K, reserved 1048576K
}
Event: 7.408 GC heap before
{Heap before GC invocations=36 (full 0):
 garbage-first heap   total 350208K, used 302904K [0x0000000080000000, 0x0000000100000000)
  region size 1024K, 169 young (173056K), 12 survivors (12288K)
 Metaspace       used 95408K, committed 96256K, reserved 1179648K
  class space    used 13241K, committed 13696K, reserved 1048576K
}
Event: 7.420 GC heap after
{Heap after GC invocations=37 (full 0):
 garbage-first heap   total 350208K, used 166519K [0x0000000080000000, 0x0000000100000000)
  region size 1024K, 22 young (22528K), 22 survivors (22528K)
 Metaspace       used 95408K, committed 96256K, reserved 1179648K
  class space    used 13241K, committed 13696K, reserved 1048576K
}
Event: 7.426 GC heap before
{Heap before GC invocations=37 (full 0):
 garbage-first heap   total 350208K, used 167543K [0x0000000080000000, 0x0000000100000000)
  region size 1024K, 23 young (23552K), 22 survivors (22528K)
 Metaspace       used 95408K, committed 96256K, reserved 1179648K
  class space    used 13241K, committed 13696K, reserved 1048576K
}
Event: 7.433 GC heap after
{Heap after GC invocations=38 (full 0):
 garbage-first heap   total 350208K, used 169648K [0x0000000080000000, 0x0000000100000000)
  region size 1024K, 3 young (3072K), 3 survivors (3072K)
 Metaspace       used 95408K, committed 96256K, reserved 1179648K
  class space    used 13241K, committed 13696K, reserved 1048576K
}
Event: 8.197 GC heap before
{Heap before GC invocations=38 (full 0):
 garbage-first heap   total 350208K, used 274096K [0x0000000080000000, 0x0000000100000000)
  region size 1024K, 105 young (107520K), 3 survivors (3072K)
 Metaspace       used 95409K, committed 96256K, reserved 1179648K
  class space    used 13241K, committed 13696K, reserved 1048576K
}
Event: 8.200 GC heap after
{Heap after GC invocations=39 (full 0):
 garbage-first heap   total 350208K, used 172287K [0x0000000080000000, 0x0000000100000000)
  region size 1024K, 5 young (5120K), 5 survivors (5120K)
 Metaspace       used 95409K, committed 96256K, reserved 1179648K
  class space    used 13241K, committed 13696K, reserved 1048576K
}
Event: 8.943 GC heap before
{Heap before GC invocations=39 (full 0):
 garbage-first heap   total 350208K, used 280831K [0x0000000080000000, 0x0000000100000000)
  region size 1024K, 111 young (113664K), 5 survivors (5120K)
 Metaspace       used 95418K, committed 96320K, reserved 1179648K
  class space    used 13241K, committed 13696K, reserved 1048576K
}
Event: 8.946 GC heap after
{Heap after GC invocations=40 (full 0):
 garbage-first heap   total 350208K, used 177679K [0x0000000080000000, 0x0000000100000000)
  region size 1024K, 11 young (11264K), 11 survivors (11264K)
 Metaspace       used 95418K, committed 96320K, reserved 1179648K
  class space    used 13241K, committed 13696K, reserved 1048576K
}
Event: 9.157 GC heap before
{Heap before GC invocations=40 (full 0):
 garbage-first heap   total 350208K, used 208399K [0x0000000080000000, 0x0000000100000000)
  region size 1024K, 42 young (43008K), 11 survivors (11264K)
 Metaspace       used 95458K, committed 96320K, reserved 1179648K
  class space    used 13251K, committed 13696K, reserved 1048576K
}
Event: 9.160 GC heap after
{Heap after GC invocations=41 (full 0):
 garbage-first heap   total 350208K, used 179543K [0x0000000080000000, 0x0000000100000000)
  region size 1024K, 8 young (8192K), 8 survivors (8192K)
 Metaspace       used 95458K, committed 96320K, reserved 1179648K
  class space    used 13251K, committed 13696K, reserved 1048576K
}
Event: 9.822 GC heap before
{Heap before GC invocations=42 (full 0):
 garbage-first heap   total 360448K, used 305495K [0x0000000080000000, 0x0000000100000000)
  region size 1024K, 112 young (114688K), 8 survivors (8192K)
 Metaspace       used 105026K, committed 105920K, reserved 1179648K
  class space    used 14491K, committed 14912K, reserved 1048576K
}
Event: 9.829 GC heap after
{Heap after GC invocations=43 (full 0):
 garbage-first heap   total 360448K, used 189350K [0x0000000080000000, 0x0000000100000000)
  region size 1024K, 14 young (14336K), 14 survivors (14336K)
 Metaspace       used 105026K, committed 105920K, reserved 1179648K
  class space    used 14491K, committed 14912K, reserved 1048576K
}
Event: 9.849 GC heap before
{Heap before GC invocations=43 (full 0):
 garbage-first heap   total 360448K, used 191398K [0x0000000080000000, 0x0000000100000000)
  region size 1024K, 17 young (17408K), 14 survivors (14336K)
 Metaspace       used 105269K, committed 106112K, reserved 1179648K
  class space    used 14528K, committed 14912K, reserved 1048576K
}
Event: 9.854 GC heap after
{Heap after GC invocations=44 (full 0):
 garbage-first heap   total 360448K, used 190987K [0x0000000080000000, 0x0000000100000000)
  region size 1024K, 2 young (2048K), 2 survivors (2048K)
 Metaspace       used 105269K, committed 106112K, reserved 1179648K
  class space    used 14528K, committed 14912K, reserved 1048576K
}
Event: 10.387 GC heap before
{Heap before GC invocations=44 (full 0):
 garbage-first heap   total 360448K, used 298507K [0x0000000080000000, 0x0000000100000000)
  region size 1024K, 103 young (105472K), 2 survivors (2048K)
 Metaspace       used 110366K, committed 111232K, reserved 1179648K
  class space    used 15021K, committed 15424K, reserved 1048576K
}
Event: 10.391 GC heap after
{Heap after GC invocations=45 (full 0):
 garbage-first heap   total 360448K, used 196671K [0x0000000080000000, 0x0000000100000000)
  region size 1024K, 8 young (8192K), 8 survivors (8192K)
 Metaspace       used 110366K, committed 111232K, reserved 1179648K
  class space    used 15021K, committed 15424K, reserved 1048576K
}

