# JRE version: OpenJDK Runtime Environment (17.0.7) (build 17.0.7+0-b2043.56-10550314)
# Java VM: OpenJDK 64-Bit Server VM (17.0.7+0-b2043.56-10550314, mixed mode, tiered, compressed oops, compressed class ptrs, g1 gc, windows-amd64)
GC Precious Log:
 CPUs: 8 total, 8 available
 Memory: 16303M
 Large Page Support: Disabled
 NUMA Support: Disabled
 Compressed Oops: Enabled (32-bit)
 Heap Region Size: 1M
 Heap Min Capacity: 8M
 Heap Initial Capacity: 256M
 Heap Max Capacity: 2G
 Pre-touch: Disabled
 Parallel Workers: 8
 Concurrent Workers: 2
 Concurrent Refinement Workers: 8
 Periodic GC: Disabled
Heap:
 garbage-first heap   total 160768K, used 119598K [0x0000000080000000, 0x0000000100000000)
  region size 1024K, 45 young (46080K), 1 survivors (1024K)
 Metaspace       used 77862K, committed 78528K, reserved 1179648K
  class space    used 10494K, committed 10816K, reserved 1048576K
GC Heap History (20 events):
Event: 3.303 GC heap before
{Heap before GC invocations=17 (full 0):
 garbage-first heap   total 104448K, used 59982K [0x0000000080000000, 0x0000000100000000)
  region size 1024K, 4 young (4096K), 2 survivors (2048K)
 Metaspace       used 55372K, committed 55872K, reserved 1114112K
  class space    used 7440K, committed 7680K, reserved 1048576K
}
Event: 3.304 GC heap after
{Heap after GC invocations=18 (full 0):
 garbage-first heap   total 104448K, used 59069K [0x0000000080000000, 0x0000000100000000)
  region size 1024K, 1 young (1024K), 1 survivors (1024K)
 Metaspace       used 55372K, committed 55872K, reserved 1114112K
  class space    used 7440K, committed 7680K, reserved 1048576K
}
Event: 3.404 GC heap before
{Heap before GC invocations=19 (full 0):
 garbage-first heap   total 109568K, used 76477K [0x0000000080000000, 0x0000000100000000)
  region size 1024K, 17 young (17408K), 1 survivors (1024K)
 Metaspace       used 56750K, committed 57216K, reserved 1114112K
  class space    used 7660K, committed 7872K, reserved 1048576K
}
Event: 3.406 GC heap after
{Heap after GC invocations=20 (full 0):
 garbage-first heap   total 132096K, used 60652K [0x0000000080000000, 0x0000000100000000)
  region size 1024K, 1 young (1024K), 1 survivors (1024K)
 Metaspace       used 56750K, committed 57216K, reserved 1114112K
  class space    used 7660K, committed 7872K, reserved 1048576K
}
Event: 3.431 GC heap before
{Heap before GC invocations=20 (full 0):
 garbage-first heap   total 132096K, used 64748K [0x0000000080000000, 0x0000000100000000)
  region size 1024K, 6 young (6144K), 1 survivors (1024K)
 Metaspace       used 57239K, committed 57664K, reserved 1114112K
  class space    used 7728K, committed 7936K, reserved 1048576K
}
Event: 3.432 GC heap after
{Heap after GC invocations=21 (full 0):
 garbage-first heap   total 132096K, used 60087K [0x0000000080000000, 0x0000000100000000)
  region size 1024K, 1 young (1024K), 1 survivors (1024K)
 Metaspace       used 57239K, committed 57664K, reserved 1114112K
  class space    used 7728K, committed 7936K, reserved 1048576K
}
Event: 3.618 GC heap before
{Heap before GC invocations=21 (full 0):
 garbage-first heap   total 132096K, used 90807K [0x0000000080000000, 0x0000000100000000)
  region size 1024K, 31 young (31744K), 1 survivors (1024K)
 Metaspace       used 60658K, committed 61184K, reserved 1114112K
  class space    used 8125K, committed 8384K, reserved 1048576K
}
Event: 3.620 GC heap after
{Heap after GC invocations=22 (full 0):
 garbage-first heap   total 132096K, used 60850K [0x0000000080000000, 0x0000000100000000)
  region size 1024K, 1 young (1024K), 1 survivors (1024K)
 Metaspace       used 60658K, committed 61184K, reserved 1114112K
  class space    used 8125K, committed 8384K, reserved 1048576K
}
Event: 3.873 GC heap before
{Heap before GC invocations=23 (full 0):
 garbage-first heap   total 132096K, used 90546K [0x0000000080000000, 0x0000000100000000)
  region size 1024K, 31 young (31744K), 1 survivors (1024K)
 Metaspace       used 65294K, committed 65856K, reserved 1114112K
  class space    used 8753K, committed 9024K, reserved 1048576K
}
Event: 3.875 GC heap after
{Heap after GC invocations=24 (full 0):
 garbage-first heap   total 132096K, used 63283K [0x0000000080000000, 0x0000000100000000)
  region size 1024K, 4 young (4096K), 4 survivors (4096K)
 Metaspace       used 65294K, committed 65856K, reserved 1114112K
  class space    used 8753K, committed 9024K, reserved 1048576K
}
Event: 4.035 GC heap before
{Heap before GC invocations=25 (full 0):
 garbage-first heap   total 132096K, used 103219K [0x0000000080000000, 0x0000000100000000)
  region size 1024K, 37 young (37888K), 4 survivors (4096K)
 Metaspace       used 67034K, committed 67648K, reserved 1114112K
  class space    used 8992K, committed 9280K, reserved 1048576K
}
Event: 4.037 GC heap after
{Heap after GC invocations=26 (full 0):
 garbage-first heap   total 132096K, used 66605K [0x0000000080000000, 0x0000000100000000)
  region size 1024K, 5 young (5120K), 5 survivors (5120K)
 Metaspace       used 67034K, committed 67648K, reserved 1114112K
  class space    used 8992K, committed 9280K, reserved 1048576K
}
Event: 4.215 GC heap before
{Heap before GC invocations=26 (full 0):
 garbage-first heap   total 132096K, used 99373K [0x0000000080000000, 0x0000000100000000)
  region size 1024K, 37 young (37888K), 5 survivors (5120K)
 Metaspace       used 69546K, committed 70144K, reserved 1114112K
  class space    used 9338K, committed 9664K, reserved 1048576K
}
Event: 4.218 GC heap after
{Heap after GC invocations=27 (full 0):
 garbage-first heap   total 132096K, used 68620K [0x0000000080000000, 0x0000000100000000)
  region size 1024K, 2 young (2048K), 2 survivors (2048K)
 Metaspace       used 69546K, committed 70144K, reserved 1114112K
  class space    used 9338K, committed 9664K, reserved 1048576K
}
Event: 4.286 GC heap before
{Heap before GC invocations=28 (full 0):
 garbage-first heap   total 132096K, used 77836K [0x0000000080000000, 0x0000000100000000)
  region size 1024K, 12 young (12288K), 2 survivors (2048K)
 Metaspace       used 70539K, committed 71168K, reserved 1114112K
  class space    used 9492K, committed 9792K, reserved 1048576K
}
Event: 4.288 GC heap after
{Heap after GC invocations=29 (full 0):
 garbage-first heap   total 132096K, used 69096K [0x0000000080000000, 0x0000000100000000)
  region size 1024K, 3 young (3072K), 3 survivors (3072K)
 Metaspace       used 70539K, committed 71168K, reserved 1114112K
  class space    used 9492K, committed 9792K, reserved 1048576K
}
Event: 4.495 GC heap before
{Heap before GC invocations=30 (full 0):
 garbage-first heap   total 132096K, used 108008K [0x0000000080000000, 0x0000000100000000)
  region size 1024K, 37 young (37888K), 3 survivors (3072K)
 Metaspace       used 74226K, committed 74752K, reserved 1114112K
  class space    used 9993K, committed 10240K, reserved 1048576K
}
Event: 4.497 GC heap after
{Heap after GC invocations=31 (full 0):
 garbage-first heap   total 132096K, used 75022K [0x0000000080000000, 0x0000000100000000)
  region size 1024K, 4 young (4096K), 4 survivors (4096K)
 Metaspace       used 74226K, committed 74752K, reserved 1114112K
  class space    used 9993K, committed 10240K, reserved 1048576K
}
Event: 4.509 GC heap before
{Heap before GC invocations=31 (full 0):
 garbage-first heap   total 132096K, used 76046K [0x0000000080000000, 0x0000000100000000)
  region size 1024K, 6 young (6144K), 4 survivors (4096K)
 Metaspace       used 74449K, committed 75008K, reserved 1114112K
  class space    used 10027K, committed 10304K, reserved 1048576K
}
Event: 4.511 GC heap after
{Heap after GC invocations=32 (full 0):
 garbage-first heap   total 160768K, used 75566K [0x0000000080000000, 0x0000000100000000)
  region size 1024K, 1 young (1024K), 1 survivors (1024K)
 Metaspace       used 74449K, committed 75008K, reserved 1114112K
  class space    used 10027K, committed 10304K, reserved 1048576K
}

