# JRE version: OpenJDK Runtime Environment (17.0.7) (build 17.0.7+0-b2043.56-10550314)
# Java VM: OpenJDK 64-Bit Server VM (17.0.7+0-b2043.56-10550314, mixed mode, tiered, compressed oops, compressed class ptrs, g1 gc, windows-amd64)
GC Precious Log:
 CPUs: 8 total, 8 available
 Memory: 16303M
 Large Page Support: Disabled
 NUMA Support: Disabled
 Compressed Oops: Enabled (32-bit)
 Heap Region Size: 1M
 Heap Min Capacity: 8M
 Heap Initial Capacity: 256M
 Heap Max Capacity: 2G
 Pre-touch: Disabled
 Parallel Workers: 8
 Concurrent Workers: 2
 Concurrent Refinement Workers: 8
 Periodic GC: Disabled
Heap:
 garbage-first heap   total 262144K, used 170834K [0x0000000080000000, 0x0000000100000000)
  region size 1024K, 7 young (7168K), 7 survivors (7168K)
 Metaspace       used 95753K, committed 96512K, reserved 1179648K
  class space    used 13294K, committed 13632K, reserved 1048576K
GC Heap History (20 events):
Event: 5.146 GC heap after
{Heap after GC invocations=37 (full 0):
 garbage-first heap   total 241664K, used 101067K [0x0000000080000000, 0x0000000100000000)
  region size 1024K, 1 young (1024K), 1 survivors (1024K)
 Metaspace       used 71096K, committed 71808K, reserved 1114112K
  class space    used 9588K, committed 9920K, reserved 1048576K
}
Event: 5.311 GC heap before
{Heap before GC invocations=37 (full 0):
 garbage-first heap   total 241664K, used 126667K [0x0000000080000000, 0x0000000100000000)
  region size 1024K, 27 young (27648K), 1 survivors (1024K)
 Metaspace       used 73261K, committed 73984K, reserved 1114112K
  class space    used 9907K, committed 10240K, reserved 1048576K
}
Event: 5.312 GC heap after
{Heap after GC invocations=38 (full 0):
 garbage-first heap   total 241664K, used 101456K [0x0000000080000000, 0x0000000100000000)
  region size 1024K, 2 young (2048K), 2 survivors (2048K)
 Metaspace       used 73261K, committed 73984K, reserved 1114112K
  class space    used 9907K, committed 10240K, reserved 1048576K
}
Event: 5.920 GC heap before
{Heap before GC invocations=39 (full 0):
 garbage-first heap   total 241664K, used 188496K [0x0000000080000000, 0x0000000100000000)
  region size 1024K, 83 young (84992K), 2 survivors (2048K)
 Metaspace       used 80653K, committed 81344K, reserved 1179648K
  class space    used 10918K, committed 11264K, reserved 1048576K
}
Event: 5.923 GC heap after
{Heap after GC invocations=40 (full 0):
 garbage-first heap   total 241664K, used 110672K [0x0000000080000000, 0x0000000100000000)
  region size 1024K, 7 young (7168K), 7 survivors (7168K)
 Metaspace       used 80653K, committed 81344K, reserved 1179648K
  class space    used 10918K, committed 11264K, reserved 1048576K
}
Event: 5.946 GC heap before
{Heap before GC invocations=40 (full 0):
 garbage-first heap   total 241664K, used 114768K [0x0000000080000000, 0x0000000100000000)
  region size 1024K, 11 young (11264K), 7 survivors (7168K)
 Metaspace       used 80698K, committed 81408K, reserved 1179648K
  class space    used 10919K, committed 11264K, reserved 1048576K
}
Event: 5.951 GC heap after
{Heap after GC invocations=41 (full 0):
 garbage-first heap   total 241664K, used 111893K [0x0000000080000000, 0x0000000100000000)
  region size 1024K, 2 young (2048K), 2 survivors (2048K)
 Metaspace       used 80698K, committed 81408K, reserved 1179648K
  class space    used 10919K, committed 11264K, reserved 1048576K
}
Event: 6.155 GC heap before
{Heap before GC invocations=41 (full 0):
 garbage-first heap   total 241664K, used 153877K [0x0000000080000000, 0x0000000100000000)
  region size 1024K, 44 young (45056K), 2 survivors (2048K)
 Metaspace       used 82724K, committed 83392K, reserved 1179648K
  class space    used 11196K, committed 11520K, reserved 1048576K
}
Event: 6.157 GC heap after
{Heap after GC invocations=42 (full 0):
 garbage-first heap   total 241664K, used 114039K [0x0000000080000000, 0x0000000100000000)
  region size 1024K, 4 young (4096K), 4 survivors (4096K)
 Metaspace       used 82724K, committed 83392K, reserved 1179648K
  class space    used 11196K, committed 11520K, reserved 1048576K
}
Event: 6.694 GC heap before
{Heap before GC invocations=43 (full 0):
 garbage-first heap   total 241664K, used 189815K [0x0000000080000000, 0x0000000100000000)
  region size 1024K, 77 young (78848K), 4 survivors (4096K)
 Metaspace       used 88311K, committed 89088K, reserved 1179648K
  class space    used 12180K, committed 12544K, reserved 1048576K
}
Event: 6.698 GC heap after
{Heap after GC invocations=44 (full 0):
 garbage-first heap   total 241664K, used 116895K [0x0000000080000000, 0x0000000100000000)
  region size 1024K, 7 young (7168K), 7 survivors (7168K)
 Metaspace       used 88311K, committed 89088K, reserved 1179648K
  class space    used 12180K, committed 12544K, reserved 1048576K
}
Event: 6.726 GC heap before
{Heap before GC invocations=44 (full 0):
 garbage-first heap   total 241664K, used 119967K [0x0000000080000000, 0x0000000100000000)
  region size 1024K, 11 young (11264K), 7 survivors (7168K)
 Metaspace       used 88602K, committed 89344K, reserved 1179648K
  class space    used 12225K, committed 12544K, reserved 1048576K
}
Event: 6.729 GC heap after
{Heap after GC invocations=45 (full 0):
 garbage-first heap   total 241664K, used 117055K [0x0000000080000000, 0x0000000100000000)
  region size 1024K, 1 young (1024K), 1 survivors (1024K)
 Metaspace       used 88602K, committed 89344K, reserved 1179648K
  class space    used 12225K, committed 12544K, reserved 1048576K
}
Event: 6.992 GC heap before
{Heap before GC invocations=45 (full 0):
 garbage-first heap   total 241664K, used 144703K [0x0000000080000000, 0x0000000100000000)
  region size 1024K, 29 young (29696K), 1 survivors (1024K)
 Metaspace       used 91142K, committed 91840K, reserved 1179648K
  class space    used 12599K, committed 12928K, reserved 1048576K
}
Event: 6.994 GC heap after
{Heap after GC invocations=46 (full 0):
 garbage-first heap   total 241664K, used 117845K [0x0000000080000000, 0x0000000100000000)
  region size 1024K, 2 young (2048K), 2 survivors (2048K)
 Metaspace       used 91142K, committed 91840K, reserved 1179648K
  class space    used 12599K, committed 12928K, reserved 1048576K
}
Event: 7.530 GC heap before
{Heap before GC invocations=47 (full 0):
 garbage-first heap   total 242688K, used 218197K [0x0000000080000000, 0x0000000100000000)
  region size 1024K, 76 young (77824K), 2 survivors (2048K)
 Metaspace       used 95751K, committed 96512K, reserved 1179648K
  class space    used 13293K, committed 13632K, reserved 1048576K
}
Event: 7.535 GC heap after
{Heap after GC invocations=48 (full 0):
 garbage-first heap   total 242688K, used 153175K [0x0000000080000000, 0x0000000100000000)
  region size 1024K, 10 young (10240K), 10 survivors (10240K)
 Metaspace       used 95751K, committed 96512K, reserved 1179648K
  class space    used 13293K, committed 13632K, reserved 1048576K
}
Event: 7.538 GC heap before
{Heap before GC invocations=48 (full 0):
 garbage-first heap   total 242688K, used 154199K [0x0000000080000000, 0x0000000100000000)
  region size 1024K, 11 young (11264K), 10 survivors (10240K)
 Metaspace       used 95751K, committed 96512K, reserved 1179648K
  class space    used 13293K, committed 13632K, reserved 1048576K
}
Event: 7.542 GC heap after
{Heap after GC invocations=49 (full 0):
 garbage-first heap   total 242688K, used 153032K [0x0000000080000000, 0x0000000100000000)
  region size 1024K, 1 young (1024K), 1 survivors (1024K)
 Metaspace       used 95751K, committed 96512K, reserved 1179648K
  class space    used 13293K, committed 13632K, reserved 1048576K
}
Event: 7.693 GC heap before
{Heap before GC invocations=49 (full 0):
 garbage-first heap   total 242688K, used 202184K [0x0000000080000000, 0x0000000100000000)
  region size 1024K, 49 young (50176K), 1 survivors (1024K)
 Metaspace       used 95753K, committed 96512K, reserved 1179648K
  class space    used 13294K, committed 13632K, reserved 1048576K
}

