# JRE version: OpenJDK Runtime Environment (17.0.7) (build 17.0.7+0-b2043.56-10550314)
# Java VM: OpenJDK 64-Bit Server VM (17.0.7+0-b2043.56-10550314, mixed mode, tiered, compressed oops, compressed class ptrs, g1 gc, windows-amd64)
GC Precious Log:
 CPUs: 8 total, 8 available
 Memory: 16303M
 Large Page Support: Disabled
 NUMA Support: Disabled
 Compressed Oops: Enabled (32-bit)
 Heap Region Size: 1M
 Heap Min Capacity: 8M
 Heap Initial Capacity: 256M
 Heap Max Capacity: 2G
 Pre-touch: Disabled
 Parallel Workers: 8
 Concurrent Workers: 2
 Concurrent Refinement Workers: 8
 Periodic GC: Disabled
Heap:
 garbage-first heap   total 357376K, used 245350K [0x0000000080000000, 0x0000000100000000)
  region size 1024K, 25 young (25600K), 10 survivors (10240K)
 Metaspace       used 151339K, committed 152192K, reserved 1245184K
  class space    used 20057K, committed 20480K, reserved 1048576K
GC Heap History (20 events):
Event: 8.641 GC heap before
{Heap before GC invocations=39 (full 0):
 garbage-first heap   total 312320K, used 248194K [0x0000000080000000, 0x0000000100000000)
  region size 1024K, 88 young (90112K), 10 survivors (10240K)
 Metaspace       used 115915K, committed 116736K, reserved 1179648K
  class space    used 15526K, committed 15872K, reserved 1048576K
}
Event: 8.647 GC heap after
{Heap after GC invocations=40 (full 0):
 garbage-first heap   total 312320K, used 172946K [0x0000000080000000, 0x0000000100000000)
  region size 1024K, 10 young (10240K), 10 survivors (10240K)
 Metaspace       used 115915K, committed 116736K, reserved 1179648K
  class space    used 15526K, committed 15872K, reserved 1048576K
}
Event: 9.236 GC heap before
{Heap before GC invocations=40 (full 0):
 garbage-first heap   total 312320K, used 250770K [0x0000000080000000, 0x0000000100000000)
  region size 1024K, 86 young (88064K), 10 survivors (10240K)
 Metaspace       used 120662K, committed 121472K, reserved 1179648K
  class space    used 16026K, committed 16384K, reserved 1048576K
}
Event: 9.241 GC heap after
{Heap after GC invocations=41 (full 0):
 garbage-first heap   total 312320K, used 178576K [0x0000000080000000, 0x0000000100000000)
  region size 1024K, 11 young (11264K), 11 survivors (11264K)
 Metaspace       used 120662K, committed 121472K, reserved 1179648K
  class space    used 16026K, committed 16384K, reserved 1048576K
}
Event: 9.714 GC heap before
{Heap before GC invocations=41 (full 0):
 garbage-first heap   total 312320K, used 254352K [0x0000000080000000, 0x0000000100000000)
  region size 1024K, 85 young (87040K), 11 survivors (11264K)
 Metaspace       used 129361K, committed 130176K, reserved 1179648K
  class space    used 16987K, committed 17344K, reserved 1048576K
}
Event: 9.719 GC heap after
{Heap after GC invocations=42 (full 0):
 garbage-first heap   total 312320K, used 183999K [0x0000000080000000, 0x0000000100000000)
  region size 1024K, 5 young (5120K), 5 survivors (5120K)
 Metaspace       used 129361K, committed 130176K, reserved 1179648K
  class space    used 16987K, committed 17344K, reserved 1048576K
}
Event: 10.250 GC heap before
{Heap before GC invocations=42 (full 0):
 garbage-first heap   total 312320K, used 258751K [0x0000000080000000, 0x0000000100000000)
  region size 1024K, 78 young (79872K), 5 survivors (5120K)
 Metaspace       used 138712K, committed 139520K, reserved 1179648K
  class space    used 18005K, committed 18368K, reserved 1048576K
}
Event: 10.253 GC heap after
{Heap after GC invocations=43 (full 0):
 garbage-first heap   total 312320K, used 184676K [0x0000000080000000, 0x0000000100000000)
  region size 1024K, 6 young (6144K), 6 survivors (6144K)
 Metaspace       used 138712K, committed 139520K, reserved 1179648K
  class space    used 18005K, committed 18368K, reserved 1048576K
}
Event: 10.735 GC heap before
{Heap before GC invocations=43 (full 0):
 garbage-first heap   total 312320K, used 261476K [0x0000000080000000, 0x0000000100000000)
  region size 1024K, 81 young (82944K), 6 survivors (6144K)
 Metaspace       used 144480K, committed 145280K, reserved 1179648K
  class space    used 19008K, committed 19392K, reserved 1048576K
}
Event: 10.738 GC heap after
{Heap after GC invocations=44 (full 0):
 garbage-first heap   total 312320K, used 187498K [0x0000000080000000, 0x0000000100000000)
  region size 1024K, 9 young (9216K), 9 survivors (9216K)
 Metaspace       used 144480K, committed 145280K, reserved 1179648K
  class space    used 19008K, committed 19392K, reserved 1048576K
}
Event: 11.008 GC heap before
{Heap before GC invocations=44 (full 0):
 garbage-first heap   total 312320K, used 227434K [0x0000000080000000, 0x0000000100000000)
  region size 1024K, 43 young (44032K), 9 survivors (9216K)
 Metaspace       used 146927K, committed 147712K, reserved 1179648K
  class space    used 19370K, committed 19712K, reserved 1048576K
}
Event: 11.013 GC heap after
{Heap after GC invocations=45 (full 0):
 garbage-first heap   total 312320K, used 191590K [0x0000000080000000, 0x0000000100000000)
  region size 1024K, 9 young (9216K), 9 survivors (9216K)
 Metaspace       used 146927K, committed 147712K, reserved 1179648K
  class space    used 19370K, committed 19712K, reserved 1048576K
}
Event: 11.019 GC heap before
{Heap before GC invocations=45 (full 0):
 garbage-first heap   total 312320K, used 203878K [0x0000000080000000, 0x0000000100000000)
  region size 1024K, 10 young (10240K), 9 survivors (9216K)
 Metaspace       used 146927K, committed 147712K, reserved 1179648K
  class space    used 19370K, committed 19712K, reserved 1048576K
}
Event: 11.023 GC heap after
{Heap after GC invocations=46 (full 0):
 garbage-first heap   total 312320K, used 203680K [0x0000000080000000, 0x0000000100000000)
  region size 1024K, 5 young (5120K), 5 survivors (5120K)
 Metaspace       used 146927K, committed 147712K, reserved 1179648K
  class space    used 19370K, committed 19712K, reserved 1048576K
}
Event: 11.447 GC heap before
{Heap before GC invocations=47 (full 0):
 garbage-first heap   total 357376K, used 268192K [0x0000000080000000, 0x0000000100000000)
  region size 1024K, 67 young (68608K), 5 survivors (5120K)
 Metaspace       used 150684K, committed 151616K, reserved 1245184K
  class space    used 19971K, committed 20416K, reserved 1048576K
}
Event: 11.452 GC heap after
{Heap after GC invocations=48 (full 0):
 garbage-first heap   total 357376K, used 212065K [0x0000000080000000, 0x0000000100000000)
  region size 1024K, 9 young (9216K), 9 survivors (9216K)
 Metaspace       used 150684K, committed 151616K, reserved 1245184K
  class space    used 19971K, committed 20416K, reserved 1048576K
}
Event: 11.522 GC heap before
{Heap before GC invocations=48 (full 0):
 garbage-first heap   total 357376K, used 223329K [0x0000000080000000, 0x0000000100000000)
  region size 1024K, 17 young (17408K), 9 survivors (9216K)
 Metaspace       used 151313K, committed 152192K, reserved 1245184K
  class space    used 20056K, committed 20480K, reserved 1048576K
}
Event: 11.525 GC heap after
{Heap after GC invocations=49 (full 0):
 garbage-first heap   total 357376K, used 215859K [0x0000000080000000, 0x0000000100000000)
  region size 1024K, 2 young (2048K), 2 survivors (2048K)
 Metaspace       used 151313K, committed 152192K, reserved 1245184K
  class space    used 20056K, committed 20480K, reserved 1048576K
}
Event: 11.783 GC heap before
{Heap before GC invocations=49 (full 0):
 garbage-first heap   total 357376K, used 289587K [0x0000000080000000, 0x0000000100000000)
  region size 1024K, 75 young (76800K), 2 survivors (2048K)
 Metaspace       used 151338K, committed 152192K, reserved 1245184K
  class space    used 20057K, committed 20480K, reserved 1048576K
}
Event: 11.790 GC heap after
{Heap after GC invocations=50 (full 0):
 garbage-first heap   total 357376K, used 232038K [0x0000000080000000, 0x0000000100000000)
  region size 1024K, 10 young (10240K), 10 survivors (10240K)
 Metaspace       used 151338K, committed 152192K, reserved 1245184K
  class space    used 20057K, committed 20480K, reserved 1048576K
}

