# JRE version: OpenJDK Runtime Environment (17.0.7) (build 17.0.7+0-b2043.56-10550314)
# Java VM: OpenJDK 64-Bit Server VM (17.0.7+0-b2043.56-10550314, mixed mode, tiered, compressed oops, compressed class ptrs, g1 gc, windows-amd64)
GC Precious Log:
 CPUs: 8 total, 8 available
 Memory: 16303M
 Large Page Support: Disabled
 NUMA Support: Disabled
 Compressed Oops: Enabled (32-bit)
 Heap Region Size: 1M
 Heap Min Capacity: 8M
 Heap Initial Capacity: 256M
 Heap Max Capacity: 2G
 Pre-touch: Disabled
 Parallel Workers: 8
 Concurrent Workers: 2
 Concurrent Refinement Workers: 8
 Periodic GC: Disabled
Heap:
 garbage-first heap   total 396288K, used 128817K [0x0000000080000000, 0x0000000100000000)
  region size 1024K, 21 young (21504K), 4 survivors (4096K)
 Metaspace       used 83160K, committed 83840K, reserved 1179648K
  class space    used 11263K, committed 11584K, reserved 1048576K
GC Heap History (20 events):
Event: 3.663 GC heap before
{Heap before GC invocations=26 (full 0):
 garbage-first heap   total 182272K, used 91562K [0x0000000080000000, 0x0000000100000000)
  region size 1024K, 4 young (4096K), 1 survivors (1024K)
 Metaspace       used 57907K, committed 58624K, reserved 1114112K
  class space    used 7859K, committed 8192K, reserved 1048576K
}
Event: 3.664 GC heap after
{Heap after GC invocations=27 (full 0):
 garbage-first heap   total 182272K, used 90331K [0x0000000080000000, 0x0000000100000000)
  region size 1024K, 2 young (2048K), 2 survivors (2048K)
 Metaspace       used 57907K, committed 58624K, reserved 1114112K
  class space    used 7859K, committed 8192K, reserved 1048576K
}
Event: 3.974 GC heap before
{Heap before GC invocations=28 (full 0):
 garbage-first heap   total 182272K, used 149723K [0x0000000080000000, 0x0000000100000000)
  region size 1024K, 58 young (59392K), 2 survivors (2048K)
 Metaspace       used 63253K, committed 63936K, reserved 1114112K
  class space    used 8523K, committed 8832K, reserved 1048576K
}
Event: 3.976 GC heap after
{Heap after GC invocations=29 (full 0):
 garbage-first heap   total 182272K, used 94618K [0x0000000080000000, 0x0000000100000000)
  region size 1024K, 5 young (5120K), 5 survivors (5120K)
 Metaspace       used 63253K, committed 63936K, reserved 1114112K
  class space    used 8523K, committed 8832K, reserved 1048576K
}
Event: 3.999 GC heap before
{Heap before GC invocations=29 (full 0):
 garbage-first heap   total 182272K, used 97690K [0x0000000080000000, 0x0000000100000000)
  region size 1024K, 8 young (8192K), 5 survivors (5120K)
 Metaspace       used 63571K, committed 64192K, reserved 1114112K
  class space    used 8563K, committed 8832K, reserved 1048576K
}
Event: 4.001 GC heap after
{Heap after GC invocations=30 (full 0):
 garbage-first heap   total 182272K, used 93747K [0x0000000080000000, 0x0000000100000000)
  region size 1024K, 1 young (1024K), 1 survivors (1024K)
 Metaspace       used 63571K, committed 64192K, reserved 1114112K
  class space    used 8563K, committed 8832K, reserved 1048576K
}
Event: 4.249 GC heap before
{Heap before GC invocations=30 (full 0):
 garbage-first heap   total 182272K, used 123443K [0x0000000080000000, 0x0000000100000000)
  region size 1024K, 31 young (31744K), 1 survivors (1024K)
 Metaspace       used 68069K, committed 68800K, reserved 1114112K
  class space    used 9174K, committed 9472K, reserved 1048576K
}
Event: 4.251 GC heap after
{Heap after GC invocations=31 (full 0):
 garbage-first heap   total 182272K, used 96214K [0x0000000080000000, 0x0000000100000000)
  region size 1024K, 3 young (3072K), 3 survivors (3072K)
 Metaspace       used 68069K, committed 68800K, reserved 1114112K
  class space    used 9174K, committed 9472K, reserved 1048576K
}
Event: 4.526 GC heap before
{Heap before GC invocations=32 (full 0):
 garbage-first heap   total 193536K, used 156630K [0x0000000080000000, 0x0000000100000000)
  region size 1024K, 56 young (57344K), 3 survivors (3072K)
 Metaspace       used 71257K, committed 71936K, reserved 1114112K
  class space    used 9621K, committed 9920K, reserved 1048576K
}
Event: 4.529 GC heap after
{Heap after GC invocations=33 (full 0):
 garbage-first heap   total 193536K, used 100466K [0x0000000080000000, 0x0000000100000000)
  region size 1024K, 7 young (7168K), 7 survivors (7168K)
 Metaspace       used 71257K, committed 71936K, reserved 1114112K
  class space    used 9621K, committed 9920K, reserved 1048576K
}
Event: 4.537 GC heap before
{Heap before GC invocations=33 (full 0):
 garbage-first heap   total 193536K, used 101490K [0x0000000080000000, 0x0000000100000000)
  region size 1024K, 9 young (9216K), 7 survivors (7168K)
 Metaspace       used 71421K, committed 72064K, reserved 1114112K
  class space    used 9643K, committed 9920K, reserved 1048576K
}
Event: 4.540 GC heap after
{Heap after GC invocations=34 (full 0):
 garbage-first heap   total 193536K, used 100895K [0x0000000080000000, 0x0000000100000000)
  region size 1024K, 1 young (1024K), 1 survivors (1024K)
 Metaspace       used 71421K, committed 72064K, reserved 1114112K
  class space    used 9643K, committed 9920K, reserved 1048576K
}
Event: 4.683 GC heap before
{Heap before GC invocations=34 (full 0):
 garbage-first heap   total 193536K, used 122399K [0x0000000080000000, 0x0000000100000000)
  region size 1024K, 23 young (23552K), 1 survivors (1024K)
 Metaspace       used 73249K, committed 74048K, reserved 1114112K
  class space    used 9914K, committed 10304K, reserved 1048576K
}
Event: 4.685 GC heap after
{Heap after GC invocations=35 (full 0):
 garbage-first heap   total 193536K, used 101209K [0x0000000080000000, 0x0000000100000000)
  region size 1024K, 1 young (1024K), 1 survivors (1024K)
 Metaspace       used 73249K, committed 74048K, reserved 1114112K
  class space    used 9914K, committed 10304K, reserved 1048576K
}
Event: 5.033 GC heap before
{Heap before GC invocations=36 (full 0):
 garbage-first heap   total 193536K, used 162649K [0x0000000080000000, 0x0000000100000000)
  region size 1024K, 57 young (58368K), 1 survivors (1024K)
 Metaspace       used 78846K, committed 79552K, reserved 1179648K
  class space    used 10680K, committed 11008K, reserved 1048576K
}
Event: 5.035 GC heap after
{Heap after GC invocations=37 (full 0):
 garbage-first heap   total 193536K, used 108778K [0x0000000080000000, 0x0000000100000000)
  region size 1024K, 5 young (5120K), 5 survivors (5120K)
 Metaspace       used 78846K, committed 79552K, reserved 1179648K
  class space    used 10680K, committed 11008K, reserved 1048576K
}
Event: 5.057 GC heap before
{Heap before GC invocations=37 (full 0):
 garbage-first heap   total 193536K, used 112874K [0x0000000080000000, 0x0000000100000000)
  region size 1024K, 9 young (9216K), 5 survivors (5120K)
 Metaspace       used 79164K, committed 79872K, reserved 1179648K
  class space    used 10729K, committed 11072K, reserved 1048576K
}
Event: 5.059 GC heap after
{Heap after GC invocations=38 (full 0):
 garbage-first heap   total 193536K, used 108771K [0x0000000080000000, 0x0000000100000000)
  region size 1024K, 1 young (1024K), 1 survivors (1024K)
 Metaspace       used 79164K, committed 79872K, reserved 1179648K
  class space    used 10729K, committed 11072K, reserved 1048576K
}
Event: 5.362 GC heap before
{Heap before GC invocations=38 (full 0):
 garbage-first heap   total 193536K, used 160995K [0x0000000080000000, 0x0000000100000000)
  region size 1024K, 53 young (54272K), 1 survivors (1024K)
 Metaspace       used 82080K, committed 82816K, reserved 1179648K
  class space    used 11121K, committed 11456K, reserved 1048576K
}
Event: 5.366 GC heap after
{Heap after GC invocations=39 (full 0):
 garbage-first heap   total 437248K, used 111409K [0x0000000080000000, 0x0000000100000000)
  region size 1024K, 4 young (4096K), 4 survivors (4096K)
 Metaspace       used 82080K, committed 82816K, reserved 1179648K
  class space    used 11121K, committed 11456K, reserved 1048576K
}

