# JRE version: OpenJDK Runtime Environment (17.0.7) (build 17.0.7+0-b2043.56-10550314)
# Java VM: OpenJDK 64-Bit Server VM (17.0.7+0-b2043.56-10550314, mixed mode, tiered, compressed oops, compressed class ptrs, g1 gc, windows-amd64)
GC Precious Log:
 CPUs: 8 total, 8 available
 Memory: 16303M
 Large Page Support: Disabled
 NUMA Support: Disabled
 Compressed Oops: Enabled (32-bit)
 Heap Region Size: 1M
 Heap Min Capacity: 8M
 Heap Initial Capacity: 256M
 Heap Max Capacity: 2G
 Pre-touch: Disabled
 Parallel Workers: 8
 Concurrent Workers: 2
 Concurrent Refinement Workers: 8
 Periodic GC: Disabled
Heap:
 garbage-first heap   total 489472K, used 391680K [0x0000000080000000, 0x0000000100000000)
  region size 1024K, 31 young (31744K), 8 survivors (8192K)
 Metaspace       used 157756K, committed 160256K, reserved 1245184K
  class space    used 21701K, committed 22592K, reserved 1048576K
GC Heap History (20 events):
Event: 60.904 GC heap before
{Heap before GC invocations=58 (full 0):
 garbage-first heap   total 489472K, used 394543K [0x0000000080000000, 0x0000000100000000)
  region size 1024K, 185 young (189440K), 20 survivors (20480K)
 Metaspace       used 125121K, committed 126400K, reserved 1179648K
  class space    used 17048K, committed 17664K, reserved 1048576K
}
Event: 60.923 GC heap after
{Heap after GC invocations=59 (full 0):
 garbage-first heap   total 489472K, used 235243K [0x0000000080000000, 0x0000000100000000)
  region size 1024K, 11 young (11264K), 11 survivors (11264K)
 Metaspace       used 125121K, committed 126400K, reserved 1179648K
  class space    used 17048K, committed 17664K, reserved 1048576K
}
Event: 61.586 GC heap before
{Heap before GC invocations=59 (full 0):
 garbage-first heap   total 489472K, used 397035K [0x0000000080000000, 0x0000000100000000)
  region size 1024K, 170 young (174080K), 11 survivors (11264K)
 Metaspace       used 141440K, committed 142720K, reserved 1179648K
  class space    used 20039K, committed 20672K, reserved 1048576K
}
Event: 61.600 GC heap after
{Heap after GC invocations=60 (full 0):
 garbage-first heap   total 489472K, used 246488K [0x0000000080000000, 0x0000000100000000)
  region size 1024K, 22 young (22528K), 22 survivors (22528K)
 Metaspace       used 141440K, committed 142720K, reserved 1179648K
  class space    used 20039K, committed 20672K, reserved 1048576K
}
Event: 1761.199 GC heap before
{Heap before GC invocations=60 (full 0):
 garbage-first heap   total 489472K, used 416472K [0x0000000080000000, 0x0000000100000000)
  region size 1024K, 172 young (176128K), 22 survivors (22528K)
 Metaspace       used 146911K, committed 148288K, reserved 1179648K
  class space    used 20789K, committed 21504K, reserved 1048576K
}
Event: 1761.206 GC heap after
{Heap after GC invocations=61 (full 0):
 garbage-first heap   total 489472K, used 241418K [0x0000000080000000, 0x0000000100000000)
  region size 1024K, 6 young (6144K), 6 survivors (6144K)
 Metaspace       used 146911K, committed 148288K, reserved 1179648K
  class space    used 20789K, committed 21504K, reserved 1048576K
}
Event: 1762.625 GC heap before
{Heap before GC invocations=61 (full 0):
 garbage-first heap   total 489472K, used 404234K [0x0000000080000000, 0x0000000100000000)
  region size 1024K, 158 young (161792K), 6 survivors (6144K)
 Metaspace       used 151539K, committed 152896K, reserved 1245184K
  class space    used 21285K, committed 21952K, reserved 1048576K
}
Event: 1762.638 GC heap after
{Heap after GC invocations=62 (full 0):
 garbage-first heap   total 489472K, used 271360K [0x0000000080000000, 0x0000000100000000)
  region size 1024K, 21 young (21504K), 21 survivors (21504K)
 Metaspace       used 151539K, committed 152896K, reserved 1245184K
  class space    used 21285K, committed 21952K, reserved 1048576K
}
Event: 1763.345 GC heap before
{Heap before GC invocations=63 (full 0):
 garbage-first heap   total 489472K, used 418816K [0x0000000080000000, 0x0000000100000000)
  region size 1024K, 141 young (144384K), 21 survivors (21504K)
 Metaspace       used 154916K, committed 156288K, reserved 1245184K
  class space    used 21551K, committed 22208K, reserved 1048576K
}
Event: 1763.357 GC heap after
{Heap after GC invocations=64 (full 0):
 garbage-first heap   total 489472K, used 286373K [0x0000000080000000, 0x0000000100000000)
  region size 1024K, 14 young (14336K), 14 survivors (14336K)
 Metaspace       used 154916K, committed 156288K, reserved 1245184K
  class space    used 21551K, committed 22208K, reserved 1048576K
}
Event: 1763.380 GC heap before
{Heap before GC invocations=64 (full 0):
 garbage-first heap   total 489472K, used 295589K [0x0000000080000000, 0x0000000100000000)
  region size 1024K, 23 young (23552K), 14 survivors (14336K)
 Metaspace       used 154933K, committed 156288K, reserved 1245184K
  class space    used 21551K, committed 22208K, reserved 1048576K
}
Event: 1763.388 GC heap after
{Heap after GC invocations=65 (full 0):
 garbage-first heap   total 489472K, used 284783K [0x0000000080000000, 0x0000000100000000)
  region size 1024K, 3 young (3072K), 3 survivors (3072K)
 Metaspace       used 154933K, committed 156288K, reserved 1245184K
  class space    used 21551K, committed 22208K, reserved 1048576K
}
Event: 1763.823 GC heap before
{Heap before GC invocations=65 (full 0):
 garbage-first heap   total 489472K, used 401519K [0x0000000080000000, 0x0000000100000000)
  region size 1024K, 114 young (116736K), 3 survivors (3072K)
 Metaspace       used 157370K, committed 158784K, reserved 1245184K
  class space    used 21824K, committed 22528K, reserved 1048576K
}
Event: 1763.827 GC heap after
{Heap after GC invocations=66 (full 0):
 garbage-first heap   total 489472K, used 287179K [0x0000000080000000, 0x0000000100000000)
  region size 1024K, 5 young (5120K), 5 survivors (5120K)
 Metaspace       used 157370K, committed 158784K, reserved 1245184K
  class space    used 21824K, committed 22528K, reserved 1048576K
}
Event: 1764.741 GC heap before
{Heap before GC invocations=66 (full 0):
 garbage-first heap   total 489472K, used 356811K [0x0000000080000000, 0x0000000100000000)
  region size 1024K, 49 young (50176K), 5 survivors (5120K)
 Metaspace       used 158637K, committed 160064K, reserved 1245184K
  class space    used 21965K, committed 22656K, reserved 1048576K
}
Event: 1764.745 GC heap after
{Heap after GC invocations=67 (full 0):
 garbage-first heap   total 489472K, used 312702K [0x0000000080000000, 0x0000000100000000)
  region size 1024K, 12 young (12288K), 12 survivors (12288K)
 Metaspace       used 158637K, committed 160064K, reserved 1245184K
  class space    used 21965K, committed 22656K, reserved 1048576K
}
Event: 1765.033 GC heap before
{Heap before GC invocations=67 (full 0):
 garbage-first heap   total 489472K, used 420222K [0x0000000080000000, 0x0000000100000000)
  region size 1024K, 103 young (105472K), 12 survivors (12288K)
 Metaspace       used 158986K, committed 160384K, reserved 1245184K
  class space    used 21985K, committed 22656K, reserved 1048576K
}
Event: 1765.056 GC heap after
{Heap after GC invocations=68 (full 0):
 garbage-first heap   total 489472K, used 357583K [0x0000000080000000, 0x0000000100000000)
  region size 1024K, 13 young (13312K), 13 survivors (13312K)
 Metaspace       used 158986K, committed 160384K, reserved 1245184K
  class space    used 21985K, committed 22656K, reserved 1048576K
}
Event: 1765.151 GC heap before
{Heap before GC invocations=68 (full 0):
 garbage-first heap   total 489472K, used 403663K [0x0000000080000000, 0x0000000100000000)
  region size 1024K, 58 young (59392K), 13 survivors (13312K)
 Metaspace       used 159028K, committed 160384K, reserved 1245184K
  class space    used 21985K, committed 22656K, reserved 1048576K
}
Event: 1765.173 GC heap after
{Heap after GC invocations=69 (full 0):
 garbage-first heap   total 489472K, used 382464K [0x0000000080000000, 0x0000000100000000)
  region size 1024K, 8 young (8192K), 8 survivors (8192K)
 Metaspace       used 159028K, committed 160384K, reserved 1245184K
  class space    used 21985K, committed 22656K, reserved 1048576K
}

