# JRE version: OpenJDK Runtime Environment (17.0.7) (build 17.0.7+0-b2043.56-10550314)
# Java VM: OpenJDK 64-Bit Server VM (17.0.7+0-b2043.56-10550314, mixed mode, tiered, compressed oops, compressed class ptrs, g1 gc, windows-amd64)
GC Precious Log:
 CPUs: 8 total, 8 available
 Memory: 16303M
 Large Page Support: Disabled
 NUMA Support: Disabled
 Compressed Oops: Enabled (32-bit)
 Heap Region Size: 1M
 Heap Min Capacity: 8M
 Heap Initial Capacity: 256M
 Heap Max Capacity: 2G
 Pre-touch: Disabled
 Parallel Workers: 8
 Concurrent Workers: 2
 Concurrent Refinement Workers: 8
 Periodic GC: Disabled
Heap:
 garbage-first heap   total 353280K, used 193223K [0x0000000080000000, 0x0000000100000000)
  region size 1024K, 2 young (2048K), 2 survivors (2048K)
 Metaspace       used 107326K, committed 108160K, reserved 1179648K
  class space    used 14766K, committed 15168K, reserved 1048576K
GC Heap History (20 events):
Event: 6.860 GC heap after
{Heap after GC invocations=39 (full 0):
 garbage-first heap   total 353280K, used 153264K [0x0000000080000000, 0x0000000100000000)
  region size 1024K, 2 young (2048K), 2 survivors (2048K)
 Metaspace       used 95739K, committed 96576K, reserved 1179648K
  class space    used 13307K, committed 13696K, reserved 1048576K
}
Event: 7.345 GC heap before
{Heap before GC invocations=39 (full 0):
 garbage-first heap   total 353280K, used 277168K [0x0000000080000000, 0x0000000100000000)
  region size 1024K, 124 young (126976K), 2 survivors (2048K)
 Metaspace       used 95770K, committed 96576K, reserved 1179648K
  class space    used 13309K, committed 13696K, reserved 1048576K
}
Event: 7.354 GC heap after
{Heap after GC invocations=40 (full 0):
 garbage-first heap   total 353280K, used 170721K [0x0000000080000000, 0x0000000100000000)
  region size 1024K, 16 young (16384K), 16 survivors (16384K)
 Metaspace       used 95770K, committed 96576K, reserved 1179648K
  class space    used 13309K, committed 13696K, reserved 1048576K
}
Event: 7.796 GC heap before
{Heap before GC invocations=41 (full 0):
 garbage-first heap   total 353280K, used 266977K [0x0000000080000000, 0x0000000100000000)
  region size 1024K, 110 young (112640K), 16 survivors (16384K)
 Metaspace       used 95771K, committed 96576K, reserved 1179648K
  class space    used 13309K, committed 13696K, reserved 1048576K
}
Event: 7.802 GC heap after
{Heap after GC invocations=42 (full 0):
 garbage-first heap   total 353280K, used 176065K [0x0000000080000000, 0x0000000100000000)
  region size 1024K, 7 young (7168K), 7 survivors (7168K)
 Metaspace       used 95771K, committed 96576K, reserved 1179648K
  class space    used 13309K, committed 13696K, reserved 1048576K
}
Event: 7.877 GC heap before
{Heap before GC invocations=42 (full 0):
 garbage-first heap   total 353280K, used 186305K [0x0000000080000000, 0x0000000100000000)
  region size 1024K, 17 young (17408K), 7 survivors (7168K)
 Metaspace       used 95771K, committed 96576K, reserved 1179648K
  class space    used 13309K, committed 13696K, reserved 1048576K
}
Event: 7.880 GC heap after
{Heap after GC invocations=43 (full 0):
 garbage-first heap   total 353280K, used 176039K [0x0000000080000000, 0x0000000100000000)
  region size 1024K, 3 young (3072K), 3 survivors (3072K)
 Metaspace       used 95771K, committed 96576K, reserved 1179648K
  class space    used 13309K, committed 13696K, reserved 1048576K
}
Event: 8.312 GC heap before
{Heap before GC invocations=43 (full 0):
 garbage-first heap   total 353280K, used 275367K [0x0000000080000000, 0x0000000100000000)
  region size 1024K, 100 young (102400K), 3 survivors (3072K)
 Metaspace       used 95771K, committed 96576K, reserved 1179648K
  class space    used 13309K, committed 13696K, reserved 1048576K
}
Event: 8.315 GC heap after
{Heap after GC invocations=44 (full 0):
 garbage-first heap   total 353280K, used 179605K [0x0000000080000000, 0x0000000100000000)
  region size 1024K, 6 young (6144K), 6 survivors (6144K)
 Metaspace       used 95771K, committed 96576K, reserved 1179648K
  class space    used 13309K, committed 13696K, reserved 1048576K
}
Event: 8.681 GC heap before
{Heap before GC invocations=45 (full 0):
 garbage-first heap   total 353280K, used 283029K [0x0000000080000000, 0x0000000100000000)
  region size 1024K, 107 young (109568K), 6 survivors (6144K)
 Metaspace       used 95771K, committed 96576K, reserved 1179648K
  class space    used 13309K, committed 13696K, reserved 1048576K
}
Event: 8.684 GC heap after
{Heap after GC invocations=46 (full 0):
 garbage-first heap   total 353280K, used 183363K [0x0000000080000000, 0x0000000100000000)
  region size 1024K, 10 young (10240K), 10 survivors (10240K)
 Metaspace       used 95771K, committed 96576K, reserved 1179648K
  class space    used 13309K, committed 13696K, reserved 1048576K
}
Event: 8.710 GC heap before
{Heap before GC invocations=46 (full 0):
 garbage-first heap   total 353280K, used 208963K [0x0000000080000000, 0x0000000100000000)
  region size 1024K, 17 young (17408K), 10 survivors (10240K)
 Metaspace       used 95809K, committed 96576K, reserved 1179648K
  class space    used 13320K, committed 13696K, reserved 1048576K
}
Event: 8.714 GC heap after
{Heap after GC invocations=47 (full 0):
 garbage-first heap   total 353280K, used 199048K [0x0000000080000000, 0x0000000100000000)
  region size 1024K, 3 young (3072K), 3 survivors (3072K)
 Metaspace       used 95809K, committed 96576K, reserved 1179648K
  class space    used 13320K, committed 13696K, reserved 1048576K
}
Event: 8.805 GC heap before
{Heap before GC invocations=47 (full 0):
 garbage-first heap   total 353280K, used 221576K [0x0000000080000000, 0x0000000100000000)
  region size 1024K, 27 young (27648K), 3 survivors (3072K)
 Metaspace       used 96770K, committed 97536K, reserved 1179648K
  class space    used 13435K, committed 13824K, reserved 1048576K
}
Event: 8.810 GC heap after
{Heap after GC invocations=48 (full 0):
 garbage-first heap   total 353280K, used 190028K [0x0000000080000000, 0x0000000100000000)
  region size 1024K, 9 young (9216K), 9 survivors (9216K)
 Metaspace       used 96770K, committed 97536K, reserved 1179648K
  class space    used 13435K, committed 13824K, reserved 1048576K
}
Event: 9.378 GC heap before
{Heap before GC invocations=49 (full 0):
 garbage-first heap   total 353280K, used 271948K [0x0000000080000000, 0x0000000100000000)
  region size 1024K, 87 young (89088K), 9 survivors (9216K)
 Metaspace       used 105419K, committed 106176K, reserved 1179648K
  class space    used 14564K, committed 14912K, reserved 1048576K
}
Event: 9.383 GC heap after
{Heap after GC invocations=50 (full 0):
 garbage-first heap   total 353280K, used 193416K [0x0000000080000000, 0x0000000100000000)
  region size 1024K, 9 young (9216K), 9 survivors (9216K)
 Metaspace       used 105419K, committed 106176K, reserved 1179648K
  class space    used 14564K, committed 14912K, reserved 1048576K
}
Event: 9.437 GC heap before
{Heap before GC invocations=50 (full 0):
 garbage-first heap   total 353280K, used 201608K [0x0000000080000000, 0x0000000100000000)
  region size 1024K, 17 young (17408K), 9 survivors (9216K)
 Metaspace       used 106556K, committed 107392K, reserved 1179648K
  class space    used 14674K, committed 15040K, reserved 1048576K
}
Event: 9.442 GC heap after
{Heap after GC invocations=51 (full 0):
 garbage-first heap   total 353280K, used 193532K [0x0000000080000000, 0x0000000100000000)
  region size 1024K, 2 young (2048K), 2 survivors (2048K)
 Metaspace       used 106556K, committed 107392K, reserved 1179648K
  class space    used 14674K, committed 15040K, reserved 1048576K
}
Event: 9.482 GC heap before
{Heap before GC invocations=51 (full 0):
 garbage-first heap   total 353280K, used 199676K [0x0000000080000000, 0x0000000100000000)
  region size 1024K, 10 young (10240K), 2 survivors (2048K)
 Metaspace       used 107326K, committed 108160K, reserved 1179648K
  class space    used 14766K, committed 15168K, reserved 1048576K
}

