# JRE version: OpenJDK Runtime Environment (17.0.7) (build 17.0.7+0-b2043.56-10550314)
# Java VM: OpenJDK 64-Bit Server VM (17.0.7+0-b2043.56-10550314, mixed mode, tiered, compressed oops, compressed class ptrs, g1 gc, windows-amd64)
GC Precious Log:
 CPUs: 8 total, 8 available
 Memory: 16303M
 Large Page Support: Disabled
 NUMA Support: Disabled
 Compressed Oops: Enabled (32-bit)
 Heap Region Size: 1M
 Heap Min Capacity: 8M
 Heap Initial Capacity: 256M
 Heap Max Capacity: 2G
 Pre-touch: Disabled
 Parallel Workers: 8
 Concurrent Workers: 2
 Concurrent Refinement Workers: 8
 Periodic GC: Disabled
Heap:
 garbage-first heap   total 367616K, used 188388K [0x0000000080000000, 0x0000000100000000)
  region size 1024K, 3 young (3072K), 3 survivors (3072K)
 Metaspace       used 137084K, committed 138560K, reserved 1179648K
  class space    used 18563K, committed 19264K, reserved 1048576K
GC Heap History (20 events):
Event: 1029.986 GC heap after
{Heap after GC invocations=57 (full 0):
 garbage-first heap   total 315392K, used 205395K [0x0000000080000000, 0x0000000100000000)
  region size 1024K, 8 young (8192K), 8 survivors (8192K)
 Metaspace       used 135752K, committed 136896K, reserved 1179648K
  class space    used 18366K, committed 18944K, reserved 1048576K
}
Event: 1053.521 GC heap before
{Heap before GC invocations=57 (full 0):
 garbage-first heap   total 315392K, used 263763K [0x0000000080000000, 0x0000000100000000)
  region size 1024K, 65 young (66560K), 8 survivors (8192K)
 Metaspace       used 135890K, committed 137024K, reserved 1179648K
  class space    used 18367K, committed 18944K, reserved 1048576K
}
Event: 1053.527 GC heap after
{Heap after GC invocations=58 (full 0):
 garbage-first heap   total 315392K, used 212626K [0x0000000080000000, 0x0000000100000000)
  region size 1024K, 7 young (7168K), 7 survivors (7168K)
 Metaspace       used 135890K, committed 137024K, reserved 1179648K
  class space    used 18367K, committed 18944K, reserved 1048576K
}
Event: 1126.700 GC heap before
{Heap before GC invocations=58 (full 0):
 garbage-first heap   total 315392K, used 264850K [0x0000000080000000, 0x0000000100000000)
  region size 1024K, 59 young (60416K), 7 survivors (7168K)
 Metaspace       used 135964K, committed 137088K, reserved 1179648K
  class space    used 18367K, committed 18944K, reserved 1048576K
}
Event: 1126.704 GC heap after
{Heap after GC invocations=59 (full 0):
 garbage-first heap   total 315392K, used 217703K [0x0000000080000000, 0x0000000100000000)
  region size 1024K, 6 young (6144K), 6 survivors (6144K)
 Metaspace       used 135964K, committed 137088K, reserved 1179648K
  class space    used 18367K, committed 18944K, reserved 1048576K
}
Event: 1226.487 GC heap before
{Heap before GC invocations=59 (full 0):
 garbage-first heap   total 315392K, used 265831K [0x0000000080000000, 0x0000000100000000)
  region size 1024K, 54 young (55296K), 6 survivors (6144K)
 Metaspace       used 136193K, committed 137344K, reserved 1179648K
  class space    used 18399K, committed 18944K, reserved 1048576K
}
Event: 1226.492 GC heap after
{Heap after GC invocations=60 (full 0):
 garbage-first heap   total 315392K, used 223352K [0x0000000080000000, 0x0000000100000000)
  region size 1024K, 6 young (6144K), 6 survivors (6144K)
 Metaspace       used 136193K, committed 137344K, reserved 1179648K
  class space    used 18399K, committed 18944K, reserved 1048576K
}
Event: 1226.685 GC heap before
{Heap before GC invocations=60 (full 0):
 garbage-first heap   total 315392K, used 267384K [0x0000000080000000, 0x0000000100000000)
  region size 1024K, 49 young (50176K), 6 survivors (6144K)
 Metaspace       used 136539K, committed 137792K, reserved 1179648K
  class space    used 18475K, committed 19072K, reserved 1048576K
}
Event: 1226.690 GC heap after
{Heap after GC invocations=61 (full 0):
 garbage-first heap   total 315392K, used 229293K [0x0000000080000000, 0x0000000100000000)
  region size 1024K, 6 young (6144K), 6 survivors (6144K)
 Metaspace       used 136539K, committed 137792K, reserved 1179648K
  class space    used 18475K, committed 19072K, reserved 1048576K
}
Event: 1227.936 GC heap before
{Heap before GC invocations=61 (full 0):
 garbage-first heap   total 315392K, used 268205K [0x0000000080000000, 0x0000000100000000)
  region size 1024K, 45 young (46080K), 6 survivors (6144K)
 Metaspace       used 136794K, committed 138176K, reserved 1179648K
  class space    used 18521K, committed 19200K, reserved 1048576K
}
Event: 1227.940 GC heap after
{Heap after GC invocations=62 (full 0):
 garbage-first heap   total 315392K, used 232021K [0x0000000080000000, 0x0000000100000000)
  region size 1024K, 3 young (3072K), 3 survivors (3072K)
 Metaspace       used 136794K, committed 138176K, reserved 1179648K
  class space    used 18521K, committed 19200K, reserved 1048576K
}
Event: 1227.951 GC heap before
{Heap before GC invocations=62 (full 0):
 garbage-first heap   total 315392K, used 252501K [0x0000000080000000, 0x0000000100000000)
  region size 1024K, 4 young (4096K), 3 survivors (3072K)
 Metaspace       used 136801K, committed 138240K, reserved 1179648K
  class space    used 18521K, committed 19200K, reserved 1048576K
}
Event: 1227.953 GC heap after
{Heap after GC invocations=63 (full 0):
 garbage-first heap   total 315392K, used 250200K [0x0000000080000000, 0x0000000100000000)
  region size 1024K, 3 young (3072K), 3 survivors (3072K)
 Metaspace       used 136801K, committed 138240K, reserved 1179648K
  class space    used 18521K, committed 19200K, reserved 1048576K
}
Event: 1276.715 GC heap before
{Heap before GC invocations=63 (full 0):
 garbage-first heap   total 315392K, used 278872K [0x0000000080000000, 0x0000000100000000)
  region size 1024K, 28 young (28672K), 3 survivors (3072K)
 Metaspace       used 136840K, committed 138240K, reserved 1179648K
  class space    used 18522K, committed 19200K, reserved 1048576K
}
Event: 1276.717 GC heap after
{Heap after GC invocations=64 (full 0):
 garbage-first heap   total 315392K, used 233303K [0x0000000080000000, 0x0000000100000000)
  region size 1024K, 3 young (3072K), 3 survivors (3072K)
 Metaspace       used 136840K, committed 138240K, reserved 1179648K
  class space    used 18522K, committed 19200K, reserved 1048576K
}
Event: 1276.882 GC heap before
{Heap before GC invocations=64 (full 0):
 garbage-first heap   total 315392K, used 271191K [0x0000000080000000, 0x0000000100000000)
  region size 1024K, 41 young (41984K), 3 survivors (3072K)
 Metaspace       used 137102K, committed 138560K, reserved 1179648K
  class space    used 18567K, committed 19264K, reserved 1048576K
}
Event: 1276.886 GC heap after
{Heap after GC invocations=65 (full 0):
 garbage-first heap   total 315392K, used 237716K [0x0000000080000000, 0x0000000100000000)
  region size 1024K, 6 young (6144K), 6 survivors (6144K)
 Metaspace       used 137102K, committed 138560K, reserved 1179648K
  class space    used 18567K, committed 19264K, reserved 1048576K
}
Event: 1277.075 GC heap before
{Heap before GC invocations=66 (full 0):
 garbage-first heap   total 367616K, used 239764K [0x0000000080000000, 0x0000000100000000)
  region size 1024K, 40 young (40960K), 6 survivors (6144K)
 Metaspace       used 137083K, committed 138560K, reserved 1179648K
  class space    used 18563K, committed 19264K, reserved 1048576K
}
Event: 1277.084 GC heap after
{Heap after GC invocations=67 (full 0):
 garbage-first heap   total 367616K, used 217696K [0x0000000080000000, 0x0000000100000000)
  region size 1024K, 5 young (5120K), 5 survivors (5120K)
 Metaspace       used 137083K, committed 138560K, reserved 1179648K
  class space    used 18563K, committed 19264K, reserved 1048576K
}
Event: 1277.117 GC heap before
{Heap before GC invocations=67 (full 0):
 garbage-first heap   total 367616K, used 229984K [0x0000000080000000, 0x0000000100000000)
  region size 1024K, 17 young (17408K), 5 survivors (5120K)
 Metaspace       used 137084K, committed 138560K, reserved 1179648K
  class space    used 18563K, committed 19264K, reserved 1048576K
}

