# JRE version: OpenJDK Runtime Environment (17.0.7) (build 17.0.7+0-b2043.56-10550314)
# Java VM: OpenJDK 64-Bit Server VM (17.0.7+0-b2043.56-10550314, mixed mode, tiered, compressed oops, compressed class ptrs, g1 gc, windows-amd64)
GC Precious Log:
 CPUs: 8 total, 8 available
 Memory: 16303M
 Large Page Support: Disabled
 NUMA Support: Disabled
 Compressed Oops: Enabled (32-bit)
 Heap Region Size: 1M
 Heap Min Capacity: 8M
 Heap Initial Capacity: 256M
 Heap Max Capacity: 2G
 Pre-touch: Disabled
 Parallel Workers: 8
 Concurrent Workers: 2
 Concurrent Refinement Workers: 8
 Periodic GC: Disabled
Heap:
 garbage-first heap   total 318464K, used 262869K [0x0000000080000000, 0x0000000100000000)
  region size 1024K, 46 young (47104K), 5 survivors (5120K)
 Metaspace       used 171193K, committed 172096K, reserved 1245184K
  class space    used 22244K, committed 22656K, reserved 1048576K
GC Heap History (20 events):
Event: 9.239 GC heap before
{Heap before GC invocations=45 (full 0):
 garbage-first heap   total 265216K, used 220024K [0x0000000080000000, 0x0000000100000000)
  region size 1024K, 73 young (74752K), 1 survivors (1024K)
 Metaspace       used 136157K, committed 136832K, reserved 1179648K
  class space    used 17633K, committed 17984K, reserved 1048576K
}
Event: 9.242 GC heap after
{Heap after GC invocations=46 (full 0):
 garbage-first heap   total 318464K, used 149484K [0x0000000080000000, 0x0000000100000000)
  region size 1024K, 3 young (3072K), 3 survivors (3072K)
 Metaspace       used 136157K, committed 136832K, reserved 1179648K
  class space    used 17633K, committed 17984K, reserved 1048576K
}
Event: 10.042 GC heap before
{Heap before GC invocations=47 (full 0):
 garbage-first heap   total 318464K, used 265196K [0x0000000080000000, 0x0000000100000000)
  region size 1024K, 115 young (117760K), 3 survivors (3072K)
 Metaspace       used 144397K, committed 145152K, reserved 1179648K
  class space    used 19015K, committed 19392K, reserved 1048576K
}
Event: 10.047 GC heap after
{Heap after GC invocations=48 (full 0):
 garbage-first heap   total 318464K, used 148231K [0x0000000080000000, 0x0000000100000000)
  region size 1024K, 9 young (9216K), 9 survivors (9216K)
 Metaspace       used 144397K, committed 145152K, reserved 1179648K
  class space    used 19015K, committed 19392K, reserved 1048576K
}
Event: 10.328 GC heap before
{Heap before GC invocations=48 (full 0):
 garbage-first heap   total 318464K, used 154375K [0x0000000080000000, 0x0000000100000000)
  region size 1024K, 15 young (15360K), 9 survivors (9216K)
 Metaspace       used 145064K, committed 145856K, reserved 1179648K
  class space    used 19145K, committed 19520K, reserved 1048576K
}
Event: 10.333 GC heap after
{Heap after GC invocations=49 (full 0):
 garbage-first heap   total 318464K, used 148579K [0x0000000080000000, 0x0000000100000000)
  region size 1024K, 2 young (2048K), 2 survivors (2048K)
 Metaspace       used 145064K, committed 145856K, reserved 1179648K
  class space    used 19145K, committed 19520K, reserved 1048576K
}
Event: 15.832 GC heap before
{Heap before GC invocations=49 (full 0):
 garbage-first heap   total 318464K, used 262243K [0x0000000080000000, 0x0000000100000000)
  region size 1024K, 114 young (116736K), 2 survivors (2048K)
 Metaspace       used 150357K, committed 151168K, reserved 1179648K
  class space    used 19898K, committed 20288K, reserved 1048576K
}
Event: 15.839 GC heap after
{Heap after GC invocations=50 (full 0):
 garbage-first heap   total 318464K, used 156038K [0x0000000080000000, 0x0000000100000000)
  region size 1024K, 9 young (9216K), 9 survivors (9216K)
 Metaspace       used 150357K, committed 151168K, reserved 1179648K
  class space    used 19898K, committed 20288K, reserved 1048576K
}
Event: 16.469 GC heap before
{Heap before GC invocations=50 (full 0):
 garbage-first heap   total 318464K, used 263558K [0x0000000080000000, 0x0000000100000000)
  region size 1024K, 114 young (116736K), 9 survivors (9216K)
 Metaspace       used 154597K, committed 155392K, reserved 1245184K
  class space    used 20466K, committed 20864K, reserved 1048576K
}
Event: 16.476 GC heap after
{Heap after GC invocations=51 (full 0):
 garbage-first heap   total 318464K, used 167470K [0x0000000080000000, 0x0000000100000000)
  region size 1024K, 12 young (12288K), 12 survivors (12288K)
 Metaspace       used 154597K, committed 155392K, reserved 1245184K
  class space    used 20466K, committed 20864K, reserved 1048576K
}
Event: 27.611 GC heap before
{Heap before GC invocations=51 (full 0):
 garbage-first heap   total 318464K, used 265774K [0x0000000080000000, 0x0000000100000000)
  region size 1024K, 104 young (106496K), 12 survivors (12288K)
 Metaspace       used 164625K, committed 165440K, reserved 1245184K
  class space    used 21522K, committed 21952K, reserved 1048576K
}
Event: 27.619 GC heap after
{Heap after GC invocations=52 (full 0):
 garbage-first heap   total 318464K, used 176349K [0x0000000080000000, 0x0000000100000000)
  region size 1024K, 9 young (9216K), 9 survivors (9216K)
 Metaspace       used 164625K, committed 165440K, reserved 1245184K
  class space    used 21522K, committed 21952K, reserved 1048576K
}
Event: 37.435 GC heap before
{Heap before GC invocations=52 (full 0):
 garbage-first heap   total 318464K, used 261341K [0x0000000080000000, 0x0000000100000000)
  region size 1024K, 93 young (95232K), 9 survivors (9216K)
 Metaspace       used 165770K, committed 166656K, reserved 1245184K
  class space    used 21694K, committed 22144K, reserved 1048576K
}
Event: 37.441 GC heap after
{Heap after GC invocations=53 (full 0):
 garbage-first heap   total 318464K, used 182839K [0x0000000080000000, 0x0000000100000000)
  region size 1024K, 7 young (7168K), 7 survivors (7168K)
 Metaspace       used 165770K, committed 166656K, reserved 1245184K
  class space    used 21694K, committed 22144K, reserved 1048576K
}
Event: 43.369 GC heap before
{Heap before GC invocations=53 (full 0):
 garbage-first heap   total 318464K, used 263735K [0x0000000080000000, 0x0000000100000000)
  region size 1024K, 87 young (89088K), 7 survivors (7168K)
 Metaspace       used 168981K, committed 169856K, reserved 1245184K
  class space    used 22066K, committed 22528K, reserved 1048576K
}
Event: 43.375 GC heap after
{Heap after GC invocations=54 (full 0):
 garbage-first heap   total 318464K, used 188513K [0x0000000080000000, 0x0000000100000000)
  region size 1024K, 7 young (7168K), 7 survivors (7168K)
 Metaspace       used 168981K, committed 169856K, reserved 1245184K
  class space    used 22066K, committed 22528K, reserved 1048576K
}
Event: 43.961 GC heap before
{Heap before GC invocations=54 (full 0):
 garbage-first heap   total 318464K, used 281697K [0x0000000080000000, 0x0000000100000000)
  region size 1024K, 82 young (83968K), 7 survivors (7168K)
 Metaspace       used 169563K, committed 170496K, reserved 1245184K
  class space    used 22105K, committed 22528K, reserved 1048576K
}
Event: 43.972 GC heap after
{Heap after GC invocations=55 (full 0):
 garbage-first heap   total 318464K, used 216371K [0x0000000080000000, 0x0000000100000000)
  region size 1024K, 11 young (11264K), 11 survivors (11264K)
 Metaspace       used 169563K, committed 170496K, reserved 1245184K
  class space    used 22105K, committed 22528K, reserved 1048576K
}
Event: 44.305 GC heap before
{Heap before GC invocations=55 (full 0):
 garbage-first heap   total 318464K, used 286003K [0x0000000080000000, 0x0000000100000000)
  region size 1024K, 55 young (56320K), 11 survivors (11264K)
 Metaspace       used 170053K, committed 171008K, reserved 1245184K
  class space    used 22144K, committed 22592K, reserved 1048576K
}
Event: 44.312 GC heap after
{Heap after GC invocations=56 (full 0):
 garbage-first heap   total 318464K, used 222933K [0x0000000080000000, 0x0000000100000000)
  region size 1024K, 5 young (5120K), 5 survivors (5120K)
 Metaspace       used 170053K, committed 171008K, reserved 1245184K
  class space    used 22144K, committed 22592K, reserved 1048576K
}

