# JRE version: OpenJDK Runtime Environment (17.0.7) (build 17.0.7+0-b2043.56-10550314)
# Java VM: OpenJDK 64-Bit Server VM (17.0.7+0-b2043.56-10550314, mixed mode, tiered, compressed oops, compressed class ptrs, g1 gc, windows-amd64)
GC Precious Log:
 CPUs: 8 total, 8 available
 Memory: 16303M
 Large Page Support: Disabled
 NUMA Support: Disabled
 Compressed Oops: Enabled (32-bit)
 Heap Region Size: 1M
 Heap Min Capacity: 8M
 Heap Initial Capacity: 256M
 Heap Max Capacity: 2G
 Pre-touch: Disabled
 Parallel Workers: 8
 Concurrent Workers: 2
 Concurrent Refinement Workers: 8
 Periodic GC: Disabled
Heap:
 garbage-first heap   total 118784K, used 62721K [0x0000000080000000, 0x0000000100000000)
  region size 1024K, 4 young (4096K), 4 survivors (4096K)
 Metaspace       used 65237K, committed 65728K, reserved 1114112K
  class space    used 8748K, committed 8960K, reserved 1048576K
GC Heap History (20 events):
Event: 1.567 GC heap after
{Heap after GC invocations=7 (full 0):
 garbage-first heap   total 68608K, used 21740K [0x0000000080000000, 0x0000000100000000)
  region size 1024K, 2 young (2048K), 2 survivors (2048K)
 Metaspace       used 30196K, committed 30528K, reserved 1114112K
  class space    used 4084K, committed 4224K, reserved 1048576K
}
Event: 1.791 GC heap before
{Heap before GC invocations=7 (full 0):
 garbage-first heap   total 68608K, used 49388K [0x0000000080000000, 0x0000000100000000)
  region size 1024K, 30 young (30720K), 2 survivors (2048K)
 Metaspace       used 34205K, committed 34496K, reserved 1114112K
  class space    used 4709K, committed 4864K, reserved 1048576K
}
Event: 1.793 GC heap after
{Heap after GC invocations=8 (full 0):
 garbage-first heap   total 68608K, used 22949K [0x0000000080000000, 0x0000000100000000)
  region size 1024K, 3 young (3072K), 3 survivors (3072K)
 Metaspace       used 34205K, committed 34496K, reserved 1114112K
  class space    used 4709K, committed 4864K, reserved 1048576K
}
Event: 1.869 GC heap before
{Heap before GC invocations=8 (full 0):
 garbage-first heap   total 68608K, used 31141K [0x0000000080000000, 0x0000000100000000)
  region size 1024K, 12 young (12288K), 3 survivors (3072K)
 Metaspace       used 35624K, committed 35968K, reserved 1114112K
  class space    used 4944K, committed 5120K, reserved 1048576K
}
Event: 1.871 GC heap after
{Heap after GC invocations=9 (full 0):
 garbage-first heap   total 68608K, used 23892K [0x0000000080000000, 0x0000000100000000)
  region size 1024K, 3 young (3072K), 3 survivors (3072K)
 Metaspace       used 35624K, committed 35968K, reserved 1114112K
  class space    used 4944K, committed 5120K, reserved 1048576K
}
Event: 2.092 GC heap before
{Heap before GC invocations=10 (full 0):
 garbage-first heap   total 68608K, used 51540K [0x0000000080000000, 0x0000000100000000)
  region size 1024K, 31 young (31744K), 3 survivors (3072K)
 Metaspace       used 41076K, committed 41408K, reserved 1114112K
  class space    used 5468K, committed 5632K, reserved 1048576K
}
Event: 2.095 GC heap after
{Heap after GC invocations=11 (full 0):
 garbage-first heap   total 117760K, used 27367K [0x0000000080000000, 0x0000000100000000)
  region size 1024K, 4 young (4096K), 4 survivors (4096K)
 Metaspace       used 41076K, committed 41408K, reserved 1114112K
  class space    used 5468K, committed 5632K, reserved 1048576K
}
Event: 2.098 GC heap before
{Heap before GC invocations=11 (full 0):
 garbage-first heap   total 117760K, used 28391K [0x0000000080000000, 0x0000000100000000)
  region size 1024K, 5 young (5120K), 4 survivors (4096K)
 Metaspace       used 41078K, committed 41408K, reserved 1114112K
  class space    used 5468K, committed 5632K, reserved 1048576K
}
Event: 2.100 GC heap after
{Heap after GC invocations=12 (full 0):
 garbage-first heap   total 117760K, used 27789K [0x0000000080000000, 0x0000000100000000)
  region size 1024K, 1 young (1024K), 1 survivors (1024K)
 Metaspace       used 41078K, committed 41408K, reserved 1114112K
  class space    used 5468K, committed 5632K, reserved 1048576K
}
Event: 2.462 GC heap before
{Heap before GC invocations=12 (full 0):
 garbage-first heap   total 117760K, used 93325K [0x0000000080000000, 0x0000000100000000)
  region size 1024K, 59 young (60416K), 1 survivors (1024K)
 Metaspace       used 46794K, committed 47232K, reserved 1114112K
  class space    used 6179K, committed 6400K, reserved 1048576K
}
Event: 2.464 GC heap after
{Heap after GC invocations=13 (full 0):
 garbage-first heap   total 117760K, used 31800K [0x0000000080000000, 0x0000000100000000)
  region size 1024K, 5 young (5120K), 5 survivors (5120K)
 Metaspace       used 46794K, committed 47232K, reserved 1114112K
  class space    used 6179K, committed 6400K, reserved 1048576K
}
Event: 2.929 GC heap before
{Heap before GC invocations=13 (full 0):
 garbage-first heap   total 117760K, used 87096K [0x0000000080000000, 0x0000000100000000)
  region size 1024K, 59 young (60416K), 5 survivors (5120K)
 Metaspace       used 53192K, committed 53696K, reserved 1114112K
  class space    used 7206K, committed 7424K, reserved 1048576K
}
Event: 2.933 GC heap after
{Heap after GC invocations=14 (full 0):
 garbage-first heap   total 117760K, used 34490K [0x0000000080000000, 0x0000000100000000)
  region size 1024K, 3 young (3072K), 3 survivors (3072K)
 Metaspace       used 53192K, committed 53696K, reserved 1114112K
  class space    used 7206K, committed 7424K, reserved 1048576K
}
Event: 3.318 GC heap before
{Heap before GC invocations=14 (full 0):
 garbage-first heap   total 117760K, used 103098K [0x0000000080000000, 0x0000000100000000)
  region size 1024K, 57 young (58368K), 3 survivors (3072K)
 Metaspace       used 55527K, committed 56064K, reserved 1114112K
  class space    used 7466K, committed 7680K, reserved 1048576K
}
Event: 3.322 GC heap after
{Heap after GC invocations=15 (full 0):
 garbage-first heap   total 118784K, used 58955K [0x0000000080000000, 0x0000000100000000)
  region size 1024K, 8 young (8192K), 8 survivors (8192K)
 Metaspace       used 55527K, committed 56064K, reserved 1114112K
  class space    used 7466K, committed 7680K, reserved 1048576K
}
Event: 3.529 GC heap before
{Heap before GC invocations=15 (full 0):
 garbage-first heap   total 118784K, used 91723K [0x0000000080000000, 0x0000000100000000)
  region size 1024K, 40 young (40960K), 8 survivors (8192K)
 Metaspace       used 58635K, committed 59136K, reserved 1114112K
  class space    used 7895K, committed 8128K, reserved 1048576K
}
Event: 3.532 GC heap after
{Heap after GC invocations=16 (full 0):
 garbage-first heap   total 118784K, used 60317K [0x0000000080000000, 0x0000000100000000)
  region size 1024K, 2 young (2048K), 2 survivors (2048K)
 Metaspace       used 58635K, committed 59136K, reserved 1114112K
  class space    used 7895K, committed 8128K, reserved 1048576K
}
Event: 3.583 GC heap before
{Heap before GC invocations=16 (full 0):
 garbage-first heap   total 118784K, used 71581K [0x0000000080000000, 0x0000000100000000)
  region size 1024K, 14 young (14336K), 2 survivors (2048K)
 Metaspace       used 59914K, committed 60416K, reserved 1114112K
  class space    used 8018K, committed 8256K, reserved 1048576K
}
Event: 3.584 GC heap after
{Heap after GC invocations=17 (full 0):
 garbage-first heap   total 118784K, used 60255K [0x0000000080000000, 0x0000000100000000)
  region size 1024K, 2 young (2048K), 2 survivors (2048K)
 Metaspace       used 59914K, committed 60416K, reserved 1114112K
  class space    used 8018K, committed 8256K, reserved 1048576K
}
Event: 3.887 GC heap before
{Heap before GC invocations=18 (full 0):
 garbage-first heap   total 118784K, used 95071K [0x0000000080000000, 0x0000000100000000)
  region size 1024K, 36 young (36864K), 2 survivors (2048K)
 Metaspace       used 65237K, committed 65728K, reserved 1114112K
  class space    used 8748K, committed 8960K, reserved 1048576K
}

