# JRE version: OpenJDK Runtime Environment (17.0.7) (build 17.0.7+0-b2043.56-10550314)
# Java VM: OpenJDK 64-Bit Server VM (17.0.7+0-b2043.56-10550314, mixed mode, tiered, compressed oops, compressed class ptrs, g1 gc, windows-amd64)
GC Precious Log:
 CPUs: 8 total, 8 available
 Memory: 16303M
 Large Page Support: Disabled
 NUMA Support: Disabled
 Compressed Oops: Enabled (32-bit)
 Heap Region Size: 1M
 Heap Min Capacity: 8M
 Heap Initial Capacity: 256M
 Heap Max Capacity: 2G
 Pre-touch: Disabled
 Parallel Workers: 8
 Concurrent Workers: 2
 Concurrent Refinement Workers: 8
 Periodic GC: Disabled
Heap:
 garbage-first heap   total 335872K, used 124492K [0x0000000080000000, 0x0000000100000000)
  region size 1024K, 23 young (23552K), 2 survivors (2048K)
 Metaspace       used 72778K, committed 73536K, reserved 1114112K
  class space    used 10287K, committed 10624K, reserved 1048576K
GC Heap History (20 events):
Event: 3.061 GC heap before
{Heap before GC invocations=19 (full 0):
 garbage-first heap   total 112640K, used 66204K [0x0000000080000000, 0x0000000100000000)
  region size 1024K, 9 young (9216K), 4 survivors (4096K)
 Metaspace       used 47709K, committed 48192K, reserved 1114112K
  class space    used 6354K, committed 6592K, reserved 1048576K
}
Event: 3.063 GC heap after
{Heap after GC invocations=20 (full 0):
 garbage-first heap   total 112640K, used 64379K [0x0000000080000000, 0x0000000100000000)
  region size 1024K, 4 young (4096K), 4 survivors (4096K)
 Metaspace       used 47709K, committed 48192K, reserved 1114112K
  class space    used 6354K, committed 6592K, reserved 1048576K
}
Event: 3.236 GC heap before
{Heap before GC invocations=21 (full 0):
 garbage-first heap   total 117760K, used 88955K [0x0000000080000000, 0x0000000100000000)
  region size 1024K, 26 young (26624K), 4 survivors (4096K)
 Metaspace       used 50188K, committed 50752K, reserved 1114112K
  class space    used 6612K, committed 6848K, reserved 1048576K
}
Event: 3.239 GC heap after
{Heap after GC invocations=22 (full 0):
 garbage-first heap   total 141312K, used 65405K [0x0000000080000000, 0x0000000100000000)
  region size 1024K, 3 young (3072K), 3 survivors (3072K)
 Metaspace       used 50188K, committed 50752K, reserved 1114112K
  class space    used 6612K, committed 6848K, reserved 1048576K
}
Event: 3.532 GC heap before
{Heap before GC invocations=22 (full 0):
 garbage-first heap   total 141312K, used 107389K [0x0000000080000000, 0x0000000100000000)
  region size 1024K, 44 young (45056K), 3 survivors (3072K)
 Metaspace       used 53576K, committed 54208K, reserved 1114112K
  class space    used 7235K, committed 7552K, reserved 1048576K
}
Event: 3.534 GC heap after
{Heap after GC invocations=23 (full 0):
 garbage-first heap   total 141312K, used 68030K [0x0000000080000000, 0x0000000100000000)
  region size 1024K, 5 young (5120K), 5 survivors (5120K)
 Metaspace       used 53576K, committed 54208K, reserved 1114112K
  class space    used 7235K, committed 7552K, reserved 1048576K
}
Event: 3.914 GC heap before
{Heap before GC invocations=23 (full 0):
 garbage-first heap   total 141312K, used 108990K [0x0000000080000000, 0x0000000100000000)
  region size 1024K, 46 young (47104K), 5 survivors (5120K)
 Metaspace       used 56758K, committed 57408K, reserved 1114112K
  class space    used 7699K, committed 8000K, reserved 1048576K
}
Event: 3.917 GC heap after
{Heap after GC invocations=24 (full 0):
 garbage-first heap   total 141312K, used 71617K [0x0000000080000000, 0x0000000100000000)
  region size 1024K, 6 young (6144K), 6 survivors (6144K)
 Metaspace       used 56758K, committed 57408K, reserved 1114112K
  class space    used 7699K, committed 8000K, reserved 1048576K
}
Event: 4.175 GC heap before
{Heap before GC invocations=24 (full 0):
 garbage-first heap   total 141312K, used 103361K [0x0000000080000000, 0x0000000100000000)
  region size 1024K, 39 young (39936K), 6 survivors (6144K)
 Metaspace       used 61536K, committed 62272K, reserved 1114112K
  class space    used 8784K, committed 9088K, reserved 1048576K
}
Event: 4.177 GC heap after
{Heap after GC invocations=25 (full 0):
 garbage-first heap   total 141312K, used 73206K [0x0000000080000000, 0x0000000100000000)
  region size 1024K, 2 young (2048K), 2 survivors (2048K)
 Metaspace       used 61536K, committed 62272K, reserved 1114112K
  class space    used 8784K, committed 9088K, reserved 1048576K
}
Event: 4.375 GC heap before
{Heap before GC invocations=26 (full 0):
 garbage-first heap   total 141312K, used 126454K [0x0000000080000000, 0x0000000100000000)
  region size 1024K, 41 young (41984K), 2 survivors (2048K)
 Metaspace       used 63996K, committed 64704K, reserved 1114112K
  class space    used 9142K, committed 9472K, reserved 1048576K
}
Event: 4.377 GC heap after
{Heap after GC invocations=27 (full 0):
 garbage-first heap   total 141312K, used 94419K [0x0000000080000000, 0x0000000100000000)
  region size 1024K, 6 young (6144K), 6 survivors (6144K)
 Metaspace       used 63996K, committed 64704K, reserved 1114112K
  class space    used 9142K, committed 9472K, reserved 1048576K
}
Event: 4.381 GC heap before
{Heap before GC invocations=27 (full 0):
 garbage-first heap   total 141312K, used 94419K [0x0000000080000000, 0x0000000100000000)
  region size 1024K, 7 young (7168K), 6 survivors (6144K)
 Metaspace       used 64088K, committed 64768K, reserved 1114112K
  class space    used 9158K, committed 9472K, reserved 1048576K
}
Event: 4.384 GC heap after
{Heap after GC invocations=28 (full 0):
 garbage-first heap   total 141312K, used 95051K [0x0000000080000000, 0x0000000100000000)
  region size 1024K, 1 young (1024K), 1 survivors (1024K)
 Metaspace       used 64088K, committed 64768K, reserved 1114112K
  class space    used 9158K, committed 9472K, reserved 1048576K
}
Event: 4.516 GC heap before
{Heap before GC invocations=28 (full 0):
 garbage-first heap   total 141312K, used 117579K [0x0000000080000000, 0x0000000100000000)
  region size 1024K, 24 young (24576K), 1 survivors (1024K)
 Metaspace       used 66502K, committed 67136K, reserved 1114112K
  class space    used 9428K, committed 9728K, reserved 1048576K
}
Event: 4.517 GC heap after
{Heap after GC invocations=29 (full 0):
 garbage-first heap   total 141312K, used 95088K [0x0000000080000000, 0x0000000100000000)
  region size 1024K, 1 young (1024K), 1 survivors (1024K)
 Metaspace       used 66502K, committed 67136K, reserved 1114112K
  class space    used 9428K, committed 9728K, reserved 1048576K
}
Event: 4.725 GC heap before
{Heap before GC invocations=30 (full 0):
 garbage-first heap   total 167936K, used 119664K [0x0000000080000000, 0x0000000100000000)
  region size 1024K, 25 young (25600K), 1 survivors (1024K)
 Metaspace       used 69970K, committed 70784K, reserved 1114112K
  class space    used 9918K, committed 10304K, reserved 1048576K
}
Event: 4.728 GC heap after
{Heap after GC invocations=31 (full 0):
 garbage-first heap   total 335872K, used 96274K [0x0000000080000000, 0x0000000100000000)
  region size 1024K, 2 young (2048K), 2 survivors (2048K)
 Metaspace       used 69970K, committed 70784K, reserved 1114112K
  class space    used 9918K, committed 10304K, reserved 1048576K
}
Event: 4.824 GC heap before
{Heap before GC invocations=31 (full 0):
 garbage-first heap   total 335872K, used 110610K [0x0000000080000000, 0x0000000100000000)
  region size 1024K, 16 young (16384K), 2 survivors (2048K)
 Metaspace       used 71941K, committed 72640K, reserved 1114112K
  class space    used 10158K, committed 10496K, reserved 1048576K
}
Event: 4.826 GC heap after
{Heap after GC invocations=32 (full 0):
 garbage-first heap   total 335872K, used 98892K [0x0000000080000000, 0x0000000100000000)
  region size 1024K, 2 young (2048K), 2 survivors (2048K)
 Metaspace       used 71941K, committed 72640K, reserved 1114112K
  class space    used 10158K, committed 10496K, reserved 1048576K
}

