# JRE version: OpenJDK Runtime Environment (17.0.7) (build 17.0.7+0-b2043.56-10550314)
# Java VM: OpenJDK 64-Bit Server VM (17.0.7+0-b2043.56-10550314, mixed mode, tiered, compressed oops, compressed class ptrs, g1 gc, windows-amd64)
GC Precious Log:
 CPUs: 8 total, 8 available
 Memory: 16303M
 Large Page Support: Disabled
 NUMA Support: Disabled
 Compressed Oops: Enabled (32-bit)
 Heap Region Size: 1M
 Heap Min Capacity: 8M
 Heap Initial Capacity: 256M
 Heap Max Capacity: 2G
 Pre-touch: Disabled
 Parallel Workers: 8
 Concurrent Workers: 2
 Concurrent Refinement Workers: 8
 Periodic GC: Disabled
Heap:
 garbage-first heap   total 316416K, used 177506K [0x0000000080000000, 0x0000000100000000)
  region size 1024K, 7 young (7168K), 7 survivors (7168K)
 Metaspace       used 121650K, committed 122432K, reserved 1179648K
  class space    used 16137K, committed 16512K, reserved 1048576K
GC Heap History (20 events):
Event: 4.674 GC heap after
{Heap after GC invocations=35 (full 0):
 garbage-first heap   total 284672K, used 97501K [0x0000000080000000, 0x0000000100000000)
  region size 1024K, 2 young (2048K), 2 survivors (2048K)
 Metaspace       used 71962K, committed 72832K, reserved 1114112K
  class space    used 10166K, committed 10560K, reserved 1048576K
}
Event: 5.341 GC heap before
{Heap before GC invocations=35 (full 0):
 garbage-first heap   total 284672K, used 218333K [0x0000000080000000, 0x0000000100000000)
  region size 1024K, 110 young (112640K), 2 survivors (2048K)
 Metaspace       used 80485K, committed 81280K, reserved 1179648K
  class space    used 11352K, committed 11712K, reserved 1048576K
}
Event: 5.344 GC heap after
{Heap after GC invocations=36 (full 0):
 garbage-first heap   total 284672K, used 108659K [0x0000000080000000, 0x0000000100000000)
  region size 1024K, 8 young (8192K), 8 survivors (8192K)
 Metaspace       used 80485K, committed 81280K, reserved 1179648K
  class space    used 11352K, committed 11712K, reserved 1048576K
}
Event: 6.010 GC heap before
{Heap before GC invocations=36 (full 0):
 garbage-first heap   total 284672K, used 222323K [0x0000000080000000, 0x0000000100000000)
  region size 1024K, 116 young (118784K), 8 survivors (8192K)
 Metaspace       used 90160K, committed 90880K, reserved 1179648K
  class space    used 12584K, committed 12928K, reserved 1048576K
}
Event: 6.015 GC heap after
{Heap after GC invocations=37 (full 0):
 garbage-first heap   total 284672K, used 120531K [0x0000000080000000, 0x0000000100000000)
  region size 1024K, 15 young (15360K), 15 survivors (15360K)
 Metaspace       used 90160K, committed 90880K, reserved 1179648K
  class space    used 12584K, committed 12928K, reserved 1048576K
}
Event: 6.491 GC heap before
{Heap before GC invocations=37 (full 0):
 garbage-first heap   total 284672K, used 235219K [0x0000000080000000, 0x0000000100000000)
  region size 1024K, 120 young (122880K), 15 survivors (15360K)
 Metaspace       used 95001K, committed 95744K, reserved 1179648K
  class space    used 13201K, committed 13568K, reserved 1048576K
}
Event: 6.505 GC heap after
{Heap after GC invocations=38 (full 0):
 garbage-first heap   total 284672K, used 143574K [0x0000000080000000, 0x0000000100000000)
  region size 1024K, 15 young (15360K), 15 survivors (15360K)
 Metaspace       used 95001K, committed 95744K, reserved 1179648K
  class space    used 13201K, committed 13568K, reserved 1048576K
}
Event: 6.804 GC heap before
{Heap before GC invocations=38 (full 0):
 garbage-first heap   total 284672K, used 194774K [0x0000000080000000, 0x0000000100000000)
  region size 1024K, 66 young (67584K), 15 survivors (15360K)
 Metaspace       used 99209K, committed 100032K, reserved 1179648K
  class space    used 13699K, committed 14080K, reserved 1048576K
}
Event: 6.811 GC heap after
{Heap after GC invocations=39 (full 0):
 garbage-first heap   total 284672K, used 151609K [0x0000000080000000, 0x0000000100000000)
  region size 1024K, 7 young (7168K), 7 survivors (7168K)
 Metaspace       used 99209K, committed 100032K, reserved 1179648K
  class space    used 13699K, committed 14080K, reserved 1048576K
}
Event: 7.223 GC heap before
{Heap before GC invocations=40 (full 0):
 garbage-first heap   total 284672K, used 229433K [0x0000000080000000, 0x0000000100000000)
  region size 1024K, 76 young (77824K), 7 survivors (7168K)
 Metaspace       used 105650K, committed 106432K, reserved 1179648K
  class space    used 14314K, committed 14656K, reserved 1048576K
}
Event: 7.227 GC heap after
{Heap after GC invocations=41 (full 0):
 garbage-first heap   total 284672K, used 166072K [0x0000000080000000, 0x0000000100000000)
  region size 1024K, 8 young (8192K), 8 survivors (8192K)
 Metaspace       used 105650K, committed 106432K, reserved 1179648K
  class space    used 14314K, committed 14656K, reserved 1048576K
}
Event: 7.263 GC heap before
{Heap before GC invocations=41 (full 0):
 garbage-first heap   total 284672K, used 171192K [0x0000000080000000, 0x0000000100000000)
  region size 1024K, 13 young (13312K), 8 survivors (8192K)
 Metaspace       used 106288K, committed 107072K, reserved 1179648K
  class space    used 14375K, committed 14720K, reserved 1048576K
}
Event: 7.266 GC heap after
{Heap after GC invocations=42 (full 0):
 garbage-first heap   total 284672K, used 165225K [0x0000000080000000, 0x0000000100000000)
  region size 1024K, 2 young (2048K), 2 survivors (2048K)
 Metaspace       used 106288K, committed 107072K, reserved 1179648K
  class space    used 14375K, committed 14720K, reserved 1048576K
}
Event: 7.667 GC heap before
{Heap before GC invocations=42 (full 0):
 garbage-first heap   total 284672K, used 229737K [0x0000000080000000, 0x0000000100000000)
  region size 1024K, 64 young (65536K), 2 survivors (2048K)
 Metaspace       used 113287K, committed 114048K, reserved 1179648K
  class space    used 15259K, committed 15616K, reserved 1048576K
}
Event: 7.670 GC heap after
{Heap after GC invocations=43 (full 0):
 garbage-first heap   total 284672K, used 168912K [0x0000000080000000, 0x0000000100000000)
  region size 1024K, 5 young (5120K), 5 survivors (5120K)
 Metaspace       used 113287K, committed 114048K, reserved 1179648K
  class space    used 15259K, committed 15616K, reserved 1048576K
}
Event: 8.115 GC heap before
{Heap before GC invocations=44 (full 0):
 garbage-first heap   total 316416K, used 232400K [0x0000000080000000, 0x0000000100000000)
  region size 1024K, 67 young (68608K), 5 survivors (5120K)
 Metaspace       used 115710K, committed 116480K, reserved 1179648K
  class space    used 15527K, committed 15872K, reserved 1048576K
}
Event: 8.123 GC heap after
{Heap after GC invocations=45 (full 0):
 garbage-first heap   total 316416K, used 172512K [0x0000000080000000, 0x0000000100000000)
  region size 1024K, 8 young (8192K), 8 survivors (8192K)
 Metaspace       used 115710K, committed 116480K, reserved 1179648K
  class space    used 15527K, committed 15872K, reserved 1048576K
}
Event: 8.146 GC heap before
{Heap before GC invocations=45 (full 0):
 garbage-first heap   total 316416K, used 179680K [0x0000000080000000, 0x0000000100000000)
  region size 1024K, 15 young (15360K), 8 survivors (8192K)
 Metaspace       used 115722K, committed 116480K, reserved 1179648K
  class space    used 15527K, committed 15872K, reserved 1048576K
}
Event: 8.155 GC heap after
{Heap after GC invocations=46 (full 0):
 garbage-first heap   total 316416K, used 171687K [0x0000000080000000, 0x0000000100000000)
  region size 1024K, 2 young (2048K), 2 survivors (2048K)
 Metaspace       used 115722K, committed 116480K, reserved 1179648K
  class space    used 15527K, committed 15872K, reserved 1048576K
}
Event: 8.815 GC heap before
{Heap before GC invocations=46 (full 0):
 garbage-first heap   total 316416K, used 256679K [0x0000000080000000, 0x0000000100000000)
  region size 1024K, 85 young (87040K), 2 survivors (2048K)
 Metaspace       used 121650K, committed 122432K, reserved 1179648K
  class space    used 16137K, committed 16512K, reserved 1048576K
}

