# JRE version: OpenJDK Runtime Environment (17.0.7) (build 17.0.7+0-b2043.56-10550314)
# Java VM: OpenJDK 64-Bit Server VM (17.0.7+0-b2043.56-10550314, mixed mode, tiered, compressed oops, compressed class ptrs, g1 gc, windows-amd64)
GC Precious Log:
 CPUs: 8 total, 8 available
 Memory: 16303M
 Large Page Support: Disabled
 NUMA Support: Disabled
 Compressed Oops: Enabled (32-bit)
 Heap Region Size: 1M
 Heap Min Capacity: 8M
 Heap Initial Capacity: 256M
 Heap Max Capacity: 2G
 Pre-touch: Disabled
 Parallel Workers: 8
 Concurrent Workers: 2
 Concurrent Refinement Workers: 8
 Periodic GC: Disabled
Heap:
 garbage-first heap   total 128000K, used 65658K [0x0000000080000000, 0x0000000100000000)
  region size 1024K, 1 young (1024K), 1 survivors (1024K)
 Metaspace       used 66533K, committed 67072K, reserved 1114112K
  class space    used 8928K, committed 9216K, reserved 1048576K
GC Heap History (20 events):
Event: 2.793 GC heap after
{Heap after GC invocations=13 (full 0):
 garbage-first heap   total 88064K, used 34562K [0x0000000080000000, 0x0000000100000000)
  region size 1024K, 4 young (4096K), 4 survivors (4096K)
 Metaspace       used 52312K, committed 52800K, reserved 1114112K
  class space    used 7070K, committed 7296K, reserved 1048576K
}
Event: 3.102 GC heap before
{Heap before GC invocations=13 (full 0):
 garbage-first heap   total 88064K, used 68354K [0x0000000080000000, 0x0000000100000000)
  region size 1024K, 38 young (38912K), 4 survivors (4096K)
 Metaspace       used 54258K, committed 54720K, reserved 1114112K
  class space    used 7319K, committed 7552K, reserved 1048576K
}
Event: 3.105 GC heap after
{Heap after GC invocations=14 (full 0):
 garbage-first heap   total 88064K, used 38182K [0x0000000080000000, 0x0000000100000000)
  region size 1024K, 5 young (5120K), 5 survivors (5120K)
 Metaspace       used 54258K, committed 54720K, reserved 1114112K
  class space    used 7319K, committed 7552K, reserved 1048576K
}
Event: 3.143 GC heap before
{Heap before GC invocations=14 (full 0):
 garbage-first heap   total 88064K, used 47398K [0x0000000080000000, 0x0000000100000000)
  region size 1024K, 11 young (11264K), 5 survivors (5120K)
 Metaspace       used 54330K, committed 54848K, reserved 1114112K
  class space    used 7324K, committed 7552K, reserved 1048576K
}
Event: 3.146 GC heap after
{Heap after GC invocations=15 (full 0):
 garbage-first heap   total 88064K, used 44432K [0x0000000080000000, 0x0000000100000000)
  region size 1024K, 3 young (3072K), 3 survivors (3072K)
 Metaspace       used 54330K, committed 54848K, reserved 1114112K
  class space    used 7324K, committed 7552K, reserved 1048576K
}
Event: 3.253 GC heap before
{Heap before GC invocations=16 (full 0):
 garbage-first heap   total 88064K, used 77200K [0x0000000080000000, 0x0000000100000000)
  region size 1024K, 26 young (26624K), 3 survivors (3072K)
 Metaspace       used 55559K, committed 56064K, reserved 1114112K
  class space    used 7485K, committed 7680K, reserved 1048576K
}
Event: 3.255 GC heap after
{Heap after GC invocations=17 (full 0):
 garbage-first heap   total 89088K, used 59613K [0x0000000080000000, 0x0000000100000000)
  region size 1024K, 4 young (4096K), 4 survivors (4096K)
 Metaspace       used 55559K, committed 56064K, reserved 1114112K
  class space    used 7485K, committed 7680K, reserved 1048576K
}
Event: 3.259 GC heap before
{Heap before GC invocations=17 (full 0):
 garbage-first heap   total 89088K, used 60637K [0x0000000080000000, 0x0000000100000000)
  region size 1024K, 5 young (5120K), 4 survivors (4096K)
 Metaspace       used 55630K, committed 56192K, reserved 1114112K
  class space    used 7497K, committed 7744K, reserved 1048576K
}
Event: 3.261 GC heap after
{Heap after GC invocations=18 (full 0):
 garbage-first heap   total 107520K, used 59988K [0x0000000080000000, 0x0000000100000000)
  region size 1024K, 1 young (1024K), 1 survivors (1024K)
 Metaspace       used 55630K, committed 56192K, reserved 1114112K
  class space    used 7497K, committed 7744K, reserved 1048576K
}
Event: 3.405 GC heap before
{Heap before GC invocations=18 (full 0):
 garbage-first heap   total 107520K, used 83540K [0x0000000080000000, 0x0000000100000000)
  region size 1024K, 24 young (24576K), 1 survivors (1024K)
 Metaspace       used 57862K, committed 58432K, reserved 1114112K
  class space    used 7820K, committed 8064K, reserved 1048576K
}
Event: 3.407 GC heap after
{Heap after GC invocations=19 (full 0):
 garbage-first heap   total 107520K, used 60604K [0x0000000080000000, 0x0000000100000000)
  region size 1024K, 1 young (1024K), 1 survivors (1024K)
 Metaspace       used 57862K, committed 58432K, reserved 1114112K
  class space    used 7820K, committed 8064K, reserved 1048576K
}
Event: 3.552 GC heap before
{Heap before GC invocations=20 (full 0):
 garbage-first heap   total 107520K, used 84156K [0x0000000080000000, 0x0000000100000000)
  region size 1024K, 25 young (25600K), 1 survivors (1024K)
 Metaspace       used 60631K, committed 61184K, reserved 1114112K
  class space    used 8130K, committed 8384K, reserved 1048576K
}
Event: 3.553 GC heap after
{Heap after GC invocations=21 (full 0):
 garbage-first heap   total 107520K, used 61081K [0x0000000080000000, 0x0000000100000000)
  region size 1024K, 2 young (2048K), 2 survivors (2048K)
 Metaspace       used 60631K, committed 61184K, reserved 1114112K
  class space    used 8130K, committed 8384K, reserved 1048576K
}
Event: 3.577 GC heap before
{Heap before GC invocations=21 (full 0):
 garbage-first heap   total 107520K, used 64153K [0x0000000080000000, 0x0000000100000000)
  region size 1024K, 5 young (5120K), 2 survivors (2048K)
 Metaspace       used 60854K, committed 61376K, reserved 1114112K
  class space    used 8157K, committed 8384K, reserved 1048576K
}
Event: 3.578 GC heap after
{Heap after GC invocations=22 (full 0):
 garbage-first heap   total 107520K, used 60605K [0x0000000080000000, 0x0000000100000000)
  region size 1024K, 1 young (1024K), 1 survivors (1024K)
 Metaspace       used 60854K, committed 61376K, reserved 1114112K
  class space    used 8157K, committed 8384K, reserved 1048576K
}
Event: 3.806 GC heap before
{Heap before GC invocations=22 (full 0):
 garbage-first heap   total 107520K, used 87229K [0x0000000080000000, 0x0000000100000000)
  region size 1024K, 27 young (27648K), 1 survivors (1024K)
 Metaspace       used 65294K, committed 65920K, reserved 1114112K
  class space    used 8759K, committed 9088K, reserved 1048576K
}
Event: 3.808 GC heap after
{Heap after GC invocations=23 (full 0):
 garbage-first heap   total 107520K, used 62364K [0x0000000080000000, 0x0000000100000000)
  region size 1024K, 3 young (3072K), 3 survivors (3072K)
 Metaspace       used 65294K, committed 65920K, reserved 1114112K
  class space    used 8759K, committed 9088K, reserved 1048576K
}
Event: 3.929 GC heap before
{Heap before GC invocations=24 (full 0):
 garbage-first heap   total 128000K, used 93084K [0x0000000080000000, 0x0000000100000000)
  region size 1024K, 28 young (28672K), 3 survivors (3072K)
 Metaspace       used 66363K, committed 66944K, reserved 1114112K
  class space    used 8905K, committed 9216K, reserved 1048576K
}
Event: 3.932 GC heap after
{Heap after GC invocations=25 (full 0):
 garbage-first heap   total 128000K, used 65848K [0x0000000080000000, 0x0000000100000000)
  region size 1024K, 4 young (4096K), 4 survivors (4096K)
 Metaspace       used 66363K, committed 66944K, reserved 1114112K
  class space    used 8905K, committed 9216K, reserved 1048576K
}
Event: 3.943 GC heap before
{Heap before GC invocations=25 (full 0):
 garbage-first heap   total 128000K, used 66872K [0x0000000080000000, 0x0000000100000000)
  region size 1024K, 6 young (6144K), 4 survivors (4096K)
 Metaspace       used 66533K, committed 67072K, reserved 1114112K
  class space    used 8928K, committed 9216K, reserved 1048576K
}

