# JRE version: OpenJDK Runtime Environment (17.0.7) (build 17.0.7+0-b2043.56-10550314)
# Java VM: OpenJDK 64-Bit Server VM (17.0.7+0-b2043.56-10550314, mixed mode, tiered, compressed oops, compressed class ptrs, g1 gc, windows-amd64)
GC Precious Log:
 CPUs: 8 total, 8 available
 Memory: 16303M
 Large Page Support: Disabled
 NUMA Support: Disabled
 Compressed Oops: Enabled (32-bit)
 Heap Region Size: 1M
 Heap Min Capacity: 8M
 Heap Initial Capacity: 256M
 Heap Max Capacity: 2G
 Pre-touch: Disabled
 Parallel Workers: 8
 Concurrent Workers: 2
 Concurrent Refinement Workers: 8
 Periodic GC: Disabled
Heap:
 garbage-first heap   total 264192K, used 116483K [0x0000000080000000, 0x0000000100000000)
  region size 1024K, 5 young (5120K), 5 survivors (5120K)
 Metaspace       used 103344K, committed 104128K, reserved 1179648K
  class space    used 14211K, committed 14592K, reserved 1048576K
GC Heap History (20 events):
Event: 3.603 GC heap after
{Heap after GC invocations=17 (full 0):
 garbage-first heap   total 264192K, used 60685K [0x0000000080000000, 0x0000000100000000)
  region size 1024K, 2 young (2048K), 2 survivors (2048K)
 Metaspace       used 59961K, committed 60416K, reserved 1114112K
  class space    used 8020K, committed 8256K, reserved 1048576K
}
Event: 4.517 GC heap before
{Heap before GC invocations=18 (full 0):
 garbage-first heap   total 211968K, used 193805K [0x0000000080000000, 0x0000000100000000)
  region size 1024K, 123 young (125952K), 2 survivors (2048K)
 Metaspace       used 71371K, committed 71872K, reserved 1114112K
  class space    used 9607K, committed 9856K, reserved 1048576K
}
Event: 4.523 GC heap after
{Heap after GC invocations=19 (full 0):
 garbage-first heap   total 211968K, used 73205K [0x0000000080000000, 0x0000000100000000)
  region size 1024K, 10 young (10240K), 10 survivors (10240K)
 Metaspace       used 71371K, committed 71872K, reserved 1114112K
  class space    used 9607K, committed 9856K, reserved 1048576K
}
Event: 4.530 GC heap before
{Heap before GC invocations=19 (full 0):
 garbage-first heap   total 211968K, used 74229K [0x0000000080000000, 0x0000000100000000)
  region size 1024K, 11 young (11264K), 10 survivors (10240K)
 Metaspace       used 71457K, committed 72064K, reserved 1114112K
  class space    used 9618K, committed 9920K, reserved 1048576K
}
Event: 4.534 GC heap after
{Heap after GC invocations=20 (full 0):
 garbage-first heap   total 211968K, used 74206K [0x0000000080000000, 0x0000000100000000)
  region size 1024K, 1 young (1024K), 1 survivors (1024K)
 Metaspace       used 71457K, committed 72064K, reserved 1114112K
  class space    used 9618K, committed 9920K, reserved 1048576K
}
Event: 5.161 GC heap before
{Heap before GC invocations=20 (full 0):
 garbage-first heap   total 211968K, used 161246K [0x0000000080000000, 0x0000000100000000)
  region size 1024K, 86 young (88064K), 1 survivors (1024K)
 Metaspace       used 78000K, committed 78592K, reserved 1179648K
  class space    used 10502K, committed 10816K, reserved 1048576K
}
Event: 5.165 GC heap after
{Heap after GC invocations=21 (full 0):
 garbage-first heap   total 211968K, used 79659K [0x0000000080000000, 0x0000000100000000)
  region size 1024K, 7 young (7168K), 7 survivors (7168K)
 Metaspace       used 78000K, committed 78592K, reserved 1179648K
  class space    used 10502K, committed 10816K, reserved 1048576K
}
Event: 5.708 GC heap before
{Heap before GC invocations=22 (full 0):
 garbage-first heap   total 211968K, used 165675K [0x0000000080000000, 0x0000000100000000)
  region size 1024K, 90 young (92160K), 7 survivors (7168K)
 Metaspace       used 84492K, committed 85120K, reserved 1179648K
  class space    used 11605K, committed 11904K, reserved 1048576K
}
Event: 5.712 GC heap after
{Heap after GC invocations=23 (full 0):
 garbage-first heap   total 211968K, used 82931K [0x0000000080000000, 0x0000000100000000)
  region size 1024K, 4 young (4096K), 4 survivors (4096K)
 Metaspace       used 84492K, committed 85120K, reserved 1179648K
  class space    used 11605K, committed 11904K, reserved 1048576K
}
Event: 5.740 GC heap before
{Heap before GC invocations=23 (full 0):
 garbage-first heap   total 211968K, used 89075K [0x0000000080000000, 0x0000000100000000)
  region size 1024K, 10 young (10240K), 4 survivors (4096K)
 Metaspace       used 84891K, committed 85504K, reserved 1179648K
  class space    used 11670K, committed 11968K, reserved 1048576K
}
Event: 5.742 GC heap after
{Heap after GC invocations=24 (full 0):
 garbage-first heap   total 211968K, used 83330K [0x0000000080000000, 0x0000000100000000)
  region size 1024K, 1 young (1024K), 1 survivors (1024K)
 Metaspace       used 84891K, committed 85504K, reserved 1179648K
  class space    used 11670K, committed 11968K, reserved 1048576K
}
Event: 6.283 GC heap before
{Heap before GC invocations=24 (full 0):
 garbage-first heap   total 211968K, used 169346K [0x0000000080000000, 0x0000000100000000)
  region size 1024K, 85 young (87040K), 1 survivors (1024K)
 Metaspace       used 91683K, committed 92224K, reserved 1179648K
  class space    used 12724K, committed 12992K, reserved 1048576K
}
Event: 6.287 GC heap after
{Heap after GC invocations=25 (full 0):
 garbage-first heap   total 211968K, used 87715K [0x0000000080000000, 0x0000000100000000)
  region size 1024K, 6 young (6144K), 6 survivors (6144K)
 Metaspace       used 91683K, committed 92224K, reserved 1179648K
  class space    used 12724K, committed 12992K, reserved 1048576K
}
Event: 6.784 GC heap before
{Heap before GC invocations=25 (full 0):
 garbage-first heap   total 211968K, used 171683K [0x0000000080000000, 0x0000000100000000)
  region size 1024K, 88 young (90112K), 6 survivors (6144K)
 Metaspace       used 96244K, committed 96896K, reserved 1179648K
  class space    used 13299K, committed 13632K, reserved 1048576K
}
Event: 6.789 GC heap after
{Heap after GC invocations=26 (full 0):
 garbage-first heap   total 211968K, used 95604K [0x0000000080000000, 0x0000000100000000)
  region size 1024K, 11 young (11264K), 11 survivors (11264K)
 Metaspace       used 96244K, committed 96896K, reserved 1179648K
  class space    used 13299K, committed 13632K, reserved 1048576K
}
Event: 7.177 GC heap before
{Heap before GC invocations=26 (full 0):
 garbage-first heap   total 211968K, used 170356K [0x0000000080000000, 0x0000000100000000)
  region size 1024K, 85 young (87040K), 11 survivors (11264K)
 Metaspace       used 98411K, committed 99072K, reserved 1179648K
  class space    used 13707K, committed 14016K, reserved 1048576K
}
Event: 7.187 GC heap after
{Heap after GC invocations=27 (full 0):
 garbage-first heap   total 211968K, used 106973K [0x0000000080000000, 0x0000000100000000)
  region size 1024K, 11 young (11264K), 11 survivors (11264K)
 Metaspace       used 98411K, committed 99072K, reserved 1179648K
  class space    used 13707K, committed 14016K, reserved 1048576K
}
Event: 7.493 GC heap before
{Heap before GC invocations=27 (full 0):
 garbage-first heap   total 211968K, used 170461K [0x0000000080000000, 0x0000000100000000)
  region size 1024K, 74 young (75776K), 11 survivors (11264K)
 Metaspace       used 99044K, committed 99776K, reserved 1179648K
  class space    used 13745K, committed 14080K, reserved 1048576K
}
Event: 7.500 GC heap after
{Heap after GC invocations=28 (full 0):
 garbage-first heap   total 211968K, used 111637K [0x0000000080000000, 0x0000000100000000)
  region size 1024K, 7 young (7168K), 7 survivors (7168K)
 Metaspace       used 99044K, committed 99776K, reserved 1179648K
  class space    used 13745K, committed 14080K, reserved 1048576K
}
Event: 7.939 GC heap before
{Heap before GC invocations=28 (full 0):
 garbage-first heap   total 211968K, used 176149K [0x0000000080000000, 0x0000000100000000)
  region size 1024K, 66 young (67584K), 7 survivors (7168K)
 Metaspace       used 103344K, committed 104128K, reserved 1179648K
  class space    used 14211K, committed 14592K, reserved 1048576K
}

