# JRE version: OpenJDK Runtime Environment (17.0.7) (build 17.0.7+0-b2043.56-10550314)
# Java VM: OpenJDK 64-Bit Server VM (17.0.7+0-b2043.56-10550314, mixed mode, tiered, compressed oops, compressed class ptrs, g1 gc, windows-amd64)
GC Precious Log:
 CPUs: 8 total, 8 available
 Memory: 16303M
 Large Page Support: Disabled
 NUMA Support: Disabled
 Compressed Oops: Enabled (32-bit)
 Heap Region Size: 1M
 Heap Min Capacity: 8M
 Heap Initial Capacity: 256M
 Heap Max Capacity: 2G
 Pre-touch: Disabled
 Parallel Workers: 8
 Concurrent Workers: 2
 Concurrent Refinement Workers: 8
 Periodic GC: Disabled
Heap:
 garbage-first heap   total 539648K, used 339307K [0x0000000080000000, 0x0000000100000000)
  region size 1024K, 50 young (51200K), 15 survivors (15360K)
 Metaspace       used 200150K, committed 201728K, reserved 1245184K
  class space    used 25825K, committed 26560K, reserved 1048576K
GC Heap History (20 events):
Event: 85.702 GC heap before
{Heap before GC invocations=77 (full 0):
 garbage-first heap   total 447488K, used 382536K [0x0000000080000000, 0x0000000100000000)
  region size 1024K, 128 young (131072K), 3 survivors (3072K)
 Metaspace       used 183620K, committed 184768K, reserved 1245184K
  class space    used 23872K, committed 24384K, reserved 1048576K
}
Event: 85.708 GC heap after
{Heap after GC invocations=78 (full 0):
 garbage-first heap   total 447488K, used 264345K [0x0000000080000000, 0x0000000100000000)
  region size 1024K, 12 young (12288K), 12 survivors (12288K)
 Metaspace       used 183620K, committed 184768K, reserved 1245184K
  class space    used 23872K, committed 24384K, reserved 1048576K
}
Event: 202.192 GC heap before
{Heap before GC invocations=79 (full 0):
 garbage-first heap   total 447488K, used 382105K [0x0000000080000000, 0x0000000100000000)
  region size 1024K, 127 young (130048K), 12 survivors (12288K)
 Metaspace       used 187771K, committed 188992K, reserved 1245184K
  class space    used 24436K, committed 25024K, reserved 1048576K
}
Event: 202.201 GC heap after
{Heap after GC invocations=80 (full 0):
 garbage-first heap   total 447488K, used 270437K [0x0000000080000000, 0x0000000100000000)
  region size 1024K, 7 young (7168K), 7 survivors (7168K)
 Metaspace       used 187771K, committed 188992K, reserved 1245184K
  class space    used 24436K, committed 25024K, reserved 1048576K
}
Event: 202.255 GC heap before
{Heap before GC invocations=80 (full 0):
 garbage-first heap   total 447488K, used 283749K [0x0000000080000000, 0x0000000100000000)
  region size 1024K, 21 young (21504K), 7 survivors (7168K)
 Metaspace       used 187798K, committed 189056K, reserved 1245184K
  class space    used 24436K, committed 25024K, reserved 1048576K
}
Event: 202.259 GC heap after
{Heap after GC invocations=81 (full 0):
 garbage-first heap   total 447488K, used 269057K [0x0000000080000000, 0x0000000100000000)
  region size 1024K, 2 young (2048K), 2 survivors (2048K)
 Metaspace       used 187798K, committed 189056K, reserved 1245184K
  class space    used 24436K, committed 25024K, reserved 1048576K
}
Event: 202.586 GC heap before
{Heap before GC invocations=81 (full 0):
 garbage-first heap   total 447488K, used 320257K [0x0000000080000000, 0x0000000100000000)
  region size 1024K, 54 young (55296K), 2 survivors (2048K)
 Metaspace       used 189515K, committed 190784K, reserved 1245184K
  class space    used 24626K, committed 25216K, reserved 1048576K
}
Event: 202.589 GC heap after
{Heap after GC invocations=82 (full 0):
 garbage-first heap   total 447488K, used 273928K [0x0000000080000000, 0x0000000100000000)
  region size 1024K, 7 young (7168K), 7 survivors (7168K)
 Metaspace       used 189515K, committed 190784K, reserved 1245184K
  class space    used 24626K, committed 25216K, reserved 1048576K
}
Event: 203.228 GC heap before
{Heap before GC invocations=83 (full 0):
 garbage-first heap   total 476160K, used 381448K [0x0000000080000000, 0x0000000100000000)
  region size 1024K, 110 young (112640K), 7 survivors (7168K)
 Metaspace       used 193706K, committed 195008K, reserved 1245184K
  class space    used 25031K, committed 25664K, reserved 1048576K
}
Event: 203.238 GC heap after
{Heap after GC invocations=84 (full 0):
 garbage-first heap   total 476160K, used 282593K [0x0000000080000000, 0x0000000100000000)
  region size 1024K, 14 young (14336K), 14 survivors (14336K)
 Metaspace       used 193706K, committed 195008K, reserved 1245184K
  class space    used 25031K, committed 25664K, reserved 1048576K
}
Event: 203.291 GC heap before
{Heap before GC invocations=84 (full 0):
 garbage-first heap   total 476160K, used 290785K [0x0000000080000000, 0x0000000100000000)
  region size 1024K, 23 young (23552K), 14 survivors (14336K)
 Metaspace       used 194161K, committed 195520K, reserved 1245184K
  class space    used 25080K, committed 25728K, reserved 1048576K
}
Event: 203.300 GC heap after
{Heap after GC invocations=85 (full 0):
 garbage-first heap   total 476160K, used 277785K [0x0000000080000000, 0x0000000100000000)
  region size 1024K, 2 young (2048K), 2 survivors (2048K)
 Metaspace       used 194161K, committed 195520K, reserved 1245184K
  class space    used 25080K, committed 25728K, reserved 1048576K
}
Event: 280.781 GC heap before
{Heap before GC invocations=85 (full 0):
 garbage-first heap   total 476160K, used 399641K [0x0000000080000000, 0x0000000100000000)
  region size 1024K, 122 young (124928K), 2 survivors (2048K)
 Metaspace       used 195777K, committed 197184K, reserved 1245184K
  class space    used 25262K, committed 25920K, reserved 1048576K
}
Event: 280.788 GC heap after
{Heap after GC invocations=86 (full 0):
 garbage-first heap   total 476160K, used 288865K [0x0000000080000000, 0x0000000100000000)
  region size 1024K, 13 young (13312K), 13 survivors (13312K)
 Metaspace       used 195777K, committed 197184K, reserved 1245184K
  class space    used 25262K, committed 25920K, reserved 1048576K
}
Event: 287.556 GC heap before
{Heap before GC invocations=87 (full 0):
 garbage-first heap   total 519168K, used 397409K [0x0000000080000000, 0x0000000100000000)
  region size 1024K, 120 young (122880K), 13 survivors (13312K)
 Metaspace       used 196007K, committed 197376K, reserved 1245184K
  class space    used 25264K, committed 25920K, reserved 1048576K
}
Event: 287.566 GC heap after
{Heap after GC invocations=88 (full 0):
 garbage-first heap   total 519168K, used 296800K [0x0000000080000000, 0x0000000100000000)
  region size 1024K, 9 young (9216K), 9 survivors (9216K)
 Metaspace       used 196007K, committed 197376K, reserved 1245184K
  class space    used 25264K, committed 25920K, reserved 1048576K
}
Event: 287.667 GC heap before
{Heap before GC invocations=88 (full 0):
 garbage-first heap   total 519168K, used 312160K [0x0000000080000000, 0x0000000100000000)
  region size 1024K, 25 young (25600K), 9 survivors (9216K)
 Metaspace       used 196594K, committed 198144K, reserved 1245184K
  class space    used 25358K, committed 26112K, reserved 1048576K
}
Event: 287.677 GC heap after
{Heap after GC invocations=89 (full 0):
 garbage-first heap   total 519168K, used 293965K [0x0000000080000000, 0x0000000100000000)
  region size 1024K, 2 young (2048K), 2 survivors (2048K)
 Metaspace       used 196594K, committed 198144K, reserved 1245184K
  class space    used 25358K, committed 26112K, reserved 1048576K
}
Event: 371.343 GC heap before
{Heap before GC invocations=89 (full 0):
 garbage-first heap   total 519168K, used 426061K [0x0000000080000000, 0x0000000100000000)
  region size 1024K, 132 young (135168K), 2 survivors (2048K)
 Metaspace       used 198597K, committed 200128K, reserved 1245184K
  class space    used 25620K, committed 26368K, reserved 1048576K
}
Event: 371.350 GC heap after
{Heap after GC invocations=90 (full 0):
 garbage-first heap   total 519168K, used 306539K [0x0000000080000000, 0x0000000100000000)
  region size 1024K, 15 young (15360K), 15 survivors (15360K)
 Metaspace       used 198597K, committed 200128K, reserved 1245184K
  class space    used 25620K, committed 26368K, reserved 1048576K
}

