# JRE version: OpenJDK Runtime Environment (17.0.7) (build 17.0.7+0-b2043.56-10550314)
# Java VM: OpenJDK 64-Bit Server VM (17.0.7+0-b2043.56-10550314, mixed mode, tiered, compressed oops, compressed class ptrs, g1 gc, windows-amd64)
GC Precious Log:
 CPUs: 8 total, 8 available
 Memory: 16303M
 Large Page Support: Disabled
 NUMA Support: Disabled
 Compressed Oops: Enabled (32-bit)
 Heap Region Size: 1M
 Heap Min Capacity: 8M
 Heap Initial Capacity: 256M
 Heap Max Capacity: 2G
 Pre-touch: Disabled
 Parallel Workers: 8
 Concurrent Workers: 2
 Concurrent Refinement Workers: 8
 Periodic GC: Disabled
Heap:
 garbage-first heap   total 169984K, used 124292K [0x0000000080000000, 0x0000000100000000)
  region size 1024K, 46 young (47104K), 5 survivors (5120K)
 Metaspace       used 89003K, committed 89664K, reserved 1179648K
  class space    used 12279K, committed 12608K, reserved 1048576K
GC Heap History (20 events):
Event: 3.984 GC heap before
{Heap before GC invocations=21 (full 0):
 garbage-first heap   total 129024K, used 63446K [0x0000000080000000, 0x0000000100000000)
  region size 1024K, 7 young (7168K), 5 survivors (5120K)
 Metaspace       used 65272K, committed 65856K, reserved 1114112K
  class space    used 8752K, committed 9024K, reserved 1048576K
}
Event: 3.986 GC heap after
{Heap after GC invocations=22 (full 0):
 garbage-first heap   total 129024K, used 62890K [0x0000000080000000, 0x0000000100000000)
  region size 1024K, 4 young (4096K), 4 survivors (4096K)
 Metaspace       used 65272K, committed 65856K, reserved 1114112K
  class space    used 8752K, committed 9024K, reserved 1048576K
}
Event: 4.021 GC heap before
{Heap before GC invocations=23 (full 0):
 garbage-first heap   total 130048K, used 75178K [0x0000000080000000, 0x0000000100000000)
  region size 1024K, 13 young (13312K), 4 survivors (4096K)
 Metaspace       used 65276K, committed 65856K, reserved 1114112K
  class space    used 8752K, committed 9024K, reserved 1048576K
}
Event: 4.024 GC heap after
{Heap after GC invocations=24 (full 0):
 garbage-first heap   total 130048K, used 68669K [0x0000000080000000, 0x0000000100000000)
  region size 1024K, 4 young (4096K), 4 survivors (4096K)
 Metaspace       used 65276K, committed 65856K, reserved 1114112K
  class space    used 8752K, committed 9024K, reserved 1048576K
}
Event: 4.166 GC heap before
{Heap before GC invocations=25 (full 0):
 garbage-first heap   total 130048K, used 95293K [0x0000000080000000, 0x0000000100000000)
  region size 1024K, 28 young (28672K), 4 survivors (4096K)
 Metaspace       used 67011K, committed 67584K, reserved 1114112K
  class space    used 8992K, committed 9280K, reserved 1048576K
}
Event: 4.168 GC heap after
{Heap after GC invocations=26 (full 0):
 garbage-first heap   total 130048K, used 66291K [0x0000000080000000, 0x0000000100000000)
  region size 1024K, 3 young (3072K), 3 survivors (3072K)
 Metaspace       used 67011K, committed 67584K, reserved 1114112K
  class space    used 8992K, committed 9280K, reserved 1048576K
}
Event: 4.326 GC heap before
{Heap before GC invocations=26 (full 0):
 garbage-first heap   total 130048K, used 93939K [0x0000000080000000, 0x0000000100000000)
  region size 1024K, 30 young (30720K), 3 survivors (3072K)
 Metaspace       used 69119K, committed 69760K, reserved 1114112K
  class space    used 9255K, committed 9536K, reserved 1048576K
}
Event: 4.328 GC heap after
{Heap after GC invocations=27 (full 0):
 garbage-first heap   total 130048K, used 67668K [0x0000000080000000, 0x0000000100000000)
  region size 1024K, 2 young (2048K), 2 survivors (2048K)
 Metaspace       used 69119K, committed 69760K, reserved 1114112K
  class space    used 9255K, committed 9536K, reserved 1048576K
}
Event: 4.505 GC heap before
{Heap before GC invocations=28 (full 0):
 garbage-first heap   total 130048K, used 100436K [0x0000000080000000, 0x0000000100000000)
  region size 1024K, 30 young (30720K), 2 survivors (2048K)
 Metaspace       used 71586K, committed 72192K, reserved 1114112K
  class space    used 9648K, committed 9920K, reserved 1048576K
}
Event: 4.507 GC heap after
{Heap after GC invocations=29 (full 0):
 garbage-first heap   total 130048K, used 73181K [0x0000000080000000, 0x0000000100000000)
  region size 1024K, 3 young (3072K), 3 survivors (3072K)
 Metaspace       used 71586K, committed 72192K, reserved 1114112K
  class space    used 9648K, committed 9920K, reserved 1048576K
}
Event: 4.526 GC heap before
{Heap before GC invocations=29 (full 0):
 garbage-first heap   total 130048K, used 75229K [0x0000000080000000, 0x0000000100000000)
  region size 1024K, 6 young (6144K), 3 survivors (3072K)
 Metaspace       used 71925K, committed 72512K, reserved 1114112K
  class space    used 9702K, committed 9984K, reserved 1048576K
}
Event: 4.528 GC heap after
{Heap after GC invocations=30 (full 0):
 garbage-first heap   total 130048K, used 73380K [0x0000000080000000, 0x0000000100000000)
  region size 1024K, 1 young (1024K), 1 survivors (1024K)
 Metaspace       used 71925K, committed 72512K, reserved 1114112K
  class space    used 9702K, committed 9984K, reserved 1048576K
}
Event: 4.689 GC heap before
{Heap before GC invocations=30 (full 0):
 garbage-first heap   total 130048K, used 101028K [0x0000000080000000, 0x0000000100000000)
  region size 1024K, 28 young (28672K), 1 survivors (1024K)
 Metaspace       used 75083K, committed 75712K, reserved 1114112K
  class space    used 10120K, committed 10432K, reserved 1048576K
}
Event: 4.691 GC heap after
{Heap after GC invocations=31 (full 0):
 garbage-first heap   total 169984K, used 74789K [0x0000000080000000, 0x0000000100000000)
  region size 1024K, 2 young (2048K), 2 survivors (2048K)
 Metaspace       used 75083K, committed 75712K, reserved 1114112K
  class space    used 10120K, committed 10432K, reserved 1048576K
}
Event: 5.014 GC heap before
{Heap before GC invocations=32 (full 0):
 garbage-first heap   total 169984K, used 128037K [0x0000000080000000, 0x0000000100000000)
  region size 1024K, 54 young (55296K), 2 survivors (2048K)
 Metaspace       used 77939K, committed 78592K, reserved 1179648K
  class space    used 10497K, committed 10816K, reserved 1048576K
}
Event: 5.017 GC heap after
{Heap after GC invocations=33 (full 0):
 garbage-first heap   total 169984K, used 79171K [0x0000000080000000, 0x0000000100000000)
  region size 1024K, 7 young (7168K), 7 survivors (7168K)
 Metaspace       used 77939K, committed 78592K, reserved 1179648K
  class space    used 10497K, committed 10816K, reserved 1048576K
}
Event: 5.315 GC heap before
{Heap before GC invocations=33 (full 0):
 garbage-first heap   total 169984K, used 131395K [0x0000000080000000, 0x0000000100000000)
  region size 1024K, 57 young (58368K), 7 survivors (7168K)
 Metaspace       used 81764K, committed 82368K, reserved 1179648K
  class space    used 11117K, committed 11392K, reserved 1048576K
}
Event: 5.318 GC heap after
{Heap after GC invocations=34 (full 0):
 garbage-first heap   total 169984K, used 81041K [0x0000000080000000, 0x0000000100000000)
  region size 1024K, 2 young (2048K), 2 survivors (2048K)
 Metaspace       used 81764K, committed 82368K, reserved 1179648K
  class space    used 11117K, committed 11392K, reserved 1048576K
}
Event: 5.636 GC heap before
{Heap before GC invocations=34 (full 0):
 garbage-first heap   total 169984K, used 135313K [0x0000000080000000, 0x0000000100000000)
  region size 1024K, 55 young (56320K), 2 survivors (2048K)
 Metaspace       used 85826K, committed 86464K, reserved 1179648K
  class space    used 11809K, committed 12096K, reserved 1048576K
}
Event: 5.639 GC heap after
{Heap after GC invocations=35 (full 0):
 garbage-first heap   total 169984K, used 83332K [0x0000000080000000, 0x0000000100000000)
  region size 1024K, 5 young (5120K), 5 survivors (5120K)
 Metaspace       used 85826K, committed 86464K, reserved 1179648K
  class space    used 11809K, committed 12096K, reserved 1048576K
}

