# JRE version: OpenJDK Runtime Environment (17.0.7) (build 17.0.7+0-b2043.56-10550314)
# Java VM: OpenJDK 64-Bit Server VM (17.0.7+0-b2043.56-10550314, mixed mode, tiered, compressed oops, compressed class ptrs, g1 gc, windows-amd64)
GC Precious Log:
 CPUs: 8 total, 8 available
 Memory: 16303M
 Large Page Support: Disabled
 NUMA Support: Disabled
 Compressed Oops: Enabled (32-bit)
 Heap Region Size: 1M
 Heap Min Capacity: 8M
 Heap Initial Capacity: 256M
 Heap Max Capacity: 2G
 Pre-touch: Disabled
 Parallel Workers: 8
 Concurrent Workers: 2
 Concurrent Refinement Workers: 8
 Periodic GC: Disabled
Heap:
 garbage-first heap   total 291840K, used 170689K [0x0000000080000000, 0x0000000100000000)
  region size 1024K, 2 young (2048K), 2 survivors (2048K)
 Metaspace       used 95750K, committed 96512K, reserved 1179648K
  class space    used 13305K, committed 13696K, reserved 1048576K
GC Heap History (20 events):
Event: 5.431 GC heap after
{Heap after GC invocations=36 (full 0):
 garbage-first heap   total 191488K, used 110793K [0x0000000080000000, 0x0000000100000000)
  region size 1024K, 6 young (6144K), 6 survivors (6144K)
 Metaspace       used 80610K, committed 81408K, reserved 1179648K
  class space    used 10925K, committed 11328K, reserved 1048576K
}
Event: 5.673 GC heap before
{Heap before GC invocations=37 (full 0):
 garbage-first heap   total 194560K, used 151753K [0x0000000080000000, 0x0000000100000000)
  region size 1024K, 47 young (48128K), 6 survivors (6144K)
 Metaspace       used 82399K, committed 83136K, reserved 1179648K
  class space    used 11171K, committed 11520K, reserved 1048576K
}
Event: 5.677 GC heap after
{Heap after GC invocations=38 (full 0):
 garbage-first heap   total 233472K, used 114083K [0x0000000080000000, 0x0000000100000000)
  region size 1024K, 6 young (6144K), 6 survivors (6144K)
 Metaspace       used 82399K, committed 83136K, reserved 1179648K
  class space    used 11171K, committed 11520K, reserved 1048576K
}
Event: 5.699 GC heap before
{Heap before GC invocations=38 (full 0):
 garbage-first heap   total 233472K, used 118179K [0x0000000080000000, 0x0000000100000000)
  region size 1024K, 11 young (11264K), 6 survivors (6144K)
 Metaspace       used 82684K, committed 83456K, reserved 1179648K
  class space    used 11206K, committed 11584K, reserved 1048576K
}
Event: 5.702 GC heap after
{Heap after GC invocations=39 (full 0):
 garbage-first heap   total 233472K, used 114970K [0x0000000080000000, 0x0000000100000000)
  region size 1024K, 5 young (5120K), 5 survivors (5120K)
 Metaspace       used 82684K, committed 83456K, reserved 1179648K
  class space    used 11206K, committed 11584K, reserved 1048576K
}
Event: 6.089 GC heap before
{Heap before GC invocations=40 (full 0):
 garbage-first heap   total 233472K, used 183578K [0x0000000080000000, 0x0000000100000000)
  region size 1024K, 71 young (72704K), 5 survivors (5120K)
 Metaspace       used 87780K, committed 88576K, reserved 1179648K
  class space    used 12122K, committed 12480K, reserved 1048576K
}
Event: 6.092 GC heap after
{Heap after GC invocations=41 (full 0):
 garbage-first heap   total 233472K, used 117152K [0x0000000080000000, 0x0000000100000000)
  region size 1024K, 7 young (7168K), 7 survivors (7168K)
 Metaspace       used 87780K, committed 88576K, reserved 1179648K
  class space    used 12122K, committed 12480K, reserved 1048576K
}
Event: 6.111 GC heap before
{Heap before GC invocations=41 (full 0):
 garbage-first heap   total 233472K, used 120224K [0x0000000080000000, 0x0000000100000000)
  region size 1024K, 11 young (11264K), 7 survivors (7168K)
 Metaspace       used 88100K, committed 88896K, reserved 1179648K
  class space    used 12165K, committed 12544K, reserved 1048576K
}
Event: 6.114 GC heap after
{Heap after GC invocations=42 (full 0):
 garbage-first heap   total 233472K, used 117315K [0x0000000080000000, 0x0000000100000000)
  region size 1024K, 1 young (1024K), 1 survivors (1024K)
 Metaspace       used 88100K, committed 88896K, reserved 1179648K
  class space    used 12165K, committed 12544K, reserved 1048576K
}
Event: 6.384 GC heap before
{Heap before GC invocations=42 (full 0):
 garbage-first heap   total 233472K, used 152131K [0x0000000080000000, 0x0000000100000000)
  region size 1024K, 36 young (36864K), 1 survivors (1024K)
 Metaspace       used 91144K, committed 91904K, reserved 1179648K
  class space    used 12611K, committed 12992K, reserved 1048576K
}
Event: 6.386 GC heap after
{Heap after GC invocations=43 (full 0):
 garbage-first heap   total 233472K, used 118412K [0x0000000080000000, 0x0000000100000000)
  region size 1024K, 3 young (3072K), 3 survivors (3072K)
 Metaspace       used 91144K, committed 91904K, reserved 1179648K
  class space    used 12611K, committed 12992K, reserved 1048576K
}
Event: 6.819 GC heap before
{Heap before GC invocations=44 (full 0):
 garbage-first heap   total 244736K, used 210572K [0x0000000080000000, 0x0000000100000000)
  region size 1024K, 73 young (74752K), 3 survivors (3072K)
 Metaspace       used 95611K, committed 96448K, reserved 1179648K
  class space    used 13283K, committed 13696K, reserved 1048576K
}
Event: 6.823 GC heap after
{Heap after GC invocations=45 (full 0):
 garbage-first heap   total 244736K, used 148264K [0x0000000080000000, 0x0000000100000000)
  region size 1024K, 10 young (10240K), 10 survivors (10240K)
 Metaspace       used 95611K, committed 96448K, reserved 1179648K
  class space    used 13283K, committed 13696K, reserved 1048576K
}
Event: 6.836 GC heap before
{Heap before GC invocations=45 (full 0):
 garbage-first heap   total 244736K, used 153384K [0x0000000080000000, 0x0000000100000000)
  region size 1024K, 11 young (11264K), 10 survivors (10240K)
 Metaspace       used 95714K, committed 96512K, reserved 1179648K
  class space    used 13304K, committed 13696K, reserved 1048576K
}
Event: 6.839 GC heap after
{Heap after GC invocations=46 (full 0):
 garbage-first heap   total 244736K, used 152612K [0x0000000080000000, 0x0000000100000000)
  region size 1024K, 1 young (1024K), 1 survivors (1024K)
 Metaspace       used 95714K, committed 96512K, reserved 1179648K
  class space    used 13304K, committed 13696K, reserved 1048576K
}
Event: 6.978 GC heap before
{Heap before GC invocations=46 (full 0):
 garbage-first heap   total 244736K, used 205860K [0x0000000080000000, 0x0000000100000000)
  region size 1024K, 53 young (54272K), 1 survivors (1024K)
 Metaspace       used 95732K, committed 96512K, reserved 1179648K
  class space    used 13305K, committed 13696K, reserved 1048576K
}
Event: 6.984 GC heap after
{Heap after GC invocations=47 (full 0):
 garbage-first heap   total 244736K, used 167663K [0x0000000080000000, 0x0000000100000000)
  region size 1024K, 7 young (7168K), 7 survivors (7168K)
 Metaspace       used 95732K, committed 96512K, reserved 1179648K
  class space    used 13305K, committed 13696K, reserved 1048576K
}
Event: 7.160 GC heap before
{Heap before GC invocations=48 (full 0):
 garbage-first heap   total 291840K, used 201455K [0x0000000080000000, 0x0000000100000000)
  region size 1024K, 40 young (40960K), 7 survivors (7168K)
 Metaspace       used 95750K, committed 96512K, reserved 1179648K
  class space    used 13305K, committed 13696K, reserved 1048576K
}
Event: 7.163 GC heap after
{Heap after GC invocations=49 (full 0):
 garbage-first heap   total 291840K, used 170782K [0x0000000080000000, 0x0000000100000000)
  region size 1024K, 4 young (4096K), 4 survivors (4096K)
 Metaspace       used 95750K, committed 96512K, reserved 1179648K
  class space    used 13305K, committed 13696K, reserved 1048576K
}
Event: 7.197 GC heap before
{Heap before GC invocations=49 (full 0):
 garbage-first heap   total 291840K, used 179998K [0x0000000080000000, 0x0000000100000000)
  region size 1024K, 14 young (14336K), 4 survivors (4096K)
 Metaspace       used 95750K, committed 96512K, reserved 1179648K
  class space    used 13305K, committed 13696K, reserved 1048576K
}

