# JRE version: OpenJDK Runtime Environment (17.0.7) (build 17.0.7+0-b2043.56-10550314)
# Java VM: OpenJDK 64-Bit Server VM (17.0.7+0-b2043.56-10550314, mixed mode, tiered, compressed oops, compressed class ptrs, g1 gc, windows-amd64)
GC Precious Log:
 CPUs: 8 total, 8 available
 Memory: 16303M
 Large Page Support: Disabled
 NUMA Support: Disabled
 Compressed Oops: Enabled (32-bit)
 Heap Region Size: 1M
 Heap Min Capacity: 8M
 Heap Initial Capacity: 256M
 Heap Max Capacity: 2G
 Pre-touch: Disabled
 Parallel Workers: 8
 Concurrent Workers: 2
 Concurrent Refinement Workers: 8
 Periodic GC: Disabled
Heap:
 garbage-first heap   total 132096K, used 77150K [0x0000000080000000, 0x0000000100000000)
  region size 1024K, 5 young (5120K), 5 survivors (5120K)
 Metaspace       used 76836K, committed 77376K, reserved 1179648K
  class space    used 10356K, committed 10624K, reserved 1048576K
GC Heap History (20 events):
Event: 3.271 GC heap after
{Heap after GC invocations=18 (full 0):
 garbage-first heap   total 106496K, used 58581K [0x0000000080000000, 0x0000000100000000)
  region size 1024K, 1 young (1024K), 1 survivors (1024K)
 Metaspace       used 55363K, committed 55872K, reserved 1114112K
  class space    used 7449K, committed 7680K, reserved 1048576K
}
Event: 3.360 GC heap before
{Heap before GC invocations=19 (full 0):
 garbage-first heap   total 109568K, used 74965K [0x0000000080000000, 0x0000000100000000)
  region size 1024K, 16 young (16384K), 1 survivors (1024K)
 Metaspace       used 56654K, committed 57152K, reserved 1114112K
  class space    used 7657K, committed 7872K, reserved 1048576K
}
Event: 3.361 GC heap after
{Heap after GC invocations=20 (full 0):
 garbage-first heap   total 109568K, used 60140K [0x0000000080000000, 0x0000000100000000)
  region size 1024K, 2 young (2048K), 2 survivors (2048K)
 Metaspace       used 56654K, committed 57152K, reserved 1114112K
  class space    used 7657K, committed 7872K, reserved 1048576K
}
Event: 3.376 GC heap before
{Heap before GC invocations=20 (full 0):
 garbage-first heap   total 109568K, used 63212K [0x0000000080000000, 0x0000000100000000)
  region size 1024K, 5 young (5120K), 2 survivors (2048K)
 Metaspace       used 56945K, committed 57472K, reserved 1114112K
  class space    used 7699K, committed 7936K, reserved 1048576K
}
Event: 3.377 GC heap after
{Heap after GC invocations=21 (full 0):
 garbage-first heap   total 132096K, used 60281K [0x0000000080000000, 0x0000000100000000)
  region size 1024K, 1 young (1024K), 1 survivors (1024K)
 Metaspace       used 56945K, committed 57472K, reserved 1114112K
  class space    used 7699K, committed 7936K, reserved 1048576K
}
Event: 3.543 GC heap before
{Heap before GC invocations=21 (full 0):
 garbage-first heap   total 132096K, used 88953K [0x0000000080000000, 0x0000000100000000)
  region size 1024K, 29 young (29696K), 1 survivors (1024K)
 Metaspace       used 60130K, committed 60672K, reserved 1114112K
  class space    used 8067K, committed 8320K, reserved 1048576K
}
Event: 3.545 GC heap after
{Heap after GC invocations=22 (full 0):
 garbage-first heap   total 132096K, used 60934K [0x0000000080000000, 0x0000000100000000)
  region size 1024K, 1 young (1024K), 1 survivors (1024K)
 Metaspace       used 60130K, committed 60672K, reserved 1114112K
  class space    used 8067K, committed 8320K, reserved 1048576K
}
Event: 3.809 GC heap before
{Heap before GC invocations=23 (full 0):
 garbage-first heap   total 132096K, used 92678K [0x0000000080000000, 0x0000000100000000)
  region size 1024K, 32 young (32768K), 1 survivors (1024K)
 Metaspace       used 64673K, committed 65216K, reserved 1114112K
  class space    used 8685K, committed 8960K, reserved 1048576K
}
Event: 3.811 GC heap after
{Heap after GC invocations=24 (full 0):
 garbage-first heap   total 132096K, used 63017K [0x0000000080000000, 0x0000000100000000)
  region size 1024K, 3 young (3072K), 3 survivors (3072K)
 Metaspace       used 64673K, committed 65216K, reserved 1114112K
  class space    used 8685K, committed 8960K, reserved 1048576K
}
Event: 3.847 GC heap before
{Heap before GC invocations=24 (full 0):
 garbage-first heap   total 132096K, used 66089K [0x0000000080000000, 0x0000000100000000)
  region size 1024K, 7 young (7168K), 3 survivors (3072K)
 Metaspace       used 65305K, committed 65920K, reserved 1114112K
  class space    used 8762K, committed 9088K, reserved 1048576K
}
Event: 3.849 GC heap after
{Heap after GC invocations=25 (full 0):
 garbage-first heap   total 132096K, used 63661K [0x0000000080000000, 0x0000000100000000)
  region size 1024K, 3 young (3072K), 3 survivors (3072K)
 Metaspace       used 65305K, committed 65920K, reserved 1114112K
  class space    used 8762K, committed 9088K, reserved 1048576K
}
Event: 4.013 GC heap before
{Heap before GC invocations=26 (full 0):
 garbage-first heap   total 132096K, used 103597K [0x0000000080000000, 0x0000000100000000)
  region size 1024K, 36 young (36864K), 3 survivors (3072K)
 Metaspace       used 67043K, committed 67584K, reserved 1114112K
  class space    used 9003K, committed 9280K, reserved 1048576K
}
Event: 4.015 GC heap after
{Heap after GC invocations=27 (full 0):
 garbage-first heap   total 132096K, used 67124K [0x0000000080000000, 0x0000000100000000)
  region size 1024K, 5 young (5120K), 5 survivors (5120K)
 Metaspace       used 67043K, committed 67584K, reserved 1114112K
  class space    used 9003K, committed 9280K, reserved 1048576K
}
Event: 4.199 GC heap before
{Heap before GC invocations=27 (full 0):
 garbage-first heap   total 132096K, used 99892K [0x0000000080000000, 0x0000000100000000)
  region size 1024K, 37 young (37888K), 5 survivors (5120K)
 Metaspace       used 69544K, committed 70080K, reserved 1114112K
  class space    used 9341K, committed 9600K, reserved 1048576K
}
Event: 4.201 GC heap after
{Heap after GC invocations=28 (full 0):
 garbage-first heap   total 132096K, used 68578K [0x0000000080000000, 0x0000000100000000)
  region size 1024K, 2 young (2048K), 2 survivors (2048K)
 Metaspace       used 69544K, committed 70080K, reserved 1114112K
  class space    used 9341K, committed 9600K, reserved 1048576K
}
Event: 4.276 GC heap before
{Heap before GC invocations=29 (full 0):
 garbage-first heap   total 132096K, used 77794K [0x0000000080000000, 0x0000000100000000)
  region size 1024K, 12 young (12288K), 2 survivors (2048K)
 Metaspace       used 70538K, committed 71168K, reserved 1114112K
  class space    used 9495K, committed 9792K, reserved 1048576K
}
Event: 4.278 GC heap after
{Heap after GC invocations=30 (full 0):
 garbage-first heap   total 132096K, used 68897K [0x0000000080000000, 0x0000000100000000)
  region size 1024K, 3 young (3072K), 3 survivors (3072K)
 Metaspace       used 70538K, committed 71168K, reserved 1114112K
  class space    used 9495K, committed 9792K, reserved 1048576K
}
Event: 4.493 GC heap before
{Heap before GC invocations=31 (full 0):
 garbage-first heap   total 132096K, used 107809K [0x0000000080000000, 0x0000000100000000)
  region size 1024K, 37 young (37888K), 3 survivors (3072K)
 Metaspace       used 74162K, committed 74752K, reserved 1114112K
  class space    used 9988K, committed 10240K, reserved 1048576K
}
Event: 4.495 GC heap after
{Heap after GC invocations=32 (full 0):
 garbage-first heap   total 132096K, used 74991K [0x0000000080000000, 0x0000000100000000)
  region size 1024K, 5 young (5120K), 5 survivors (5120K)
 Metaspace       used 74162K, committed 74752K, reserved 1114112K
  class space    used 9988K, committed 10240K, reserved 1048576K
}
Event: 4.662 GC heap before
{Heap before GC invocations=32 (full 0):
 garbage-first heap   total 132096K, used 106735K [0x0000000080000000, 0x0000000100000000)
  region size 1024K, 36 young (36864K), 5 survivors (5120K)
 Metaspace       used 76836K, committed 77376K, reserved 1179648K
  class space    used 10356K, committed 10624K, reserved 1048576K
}

