# JRE version: OpenJDK Runtime Environment (17.0.7) (build 17.0.7+0-b2043.56-10550314)
# Java VM: OpenJDK 64-Bit Server VM (17.0.7+0-b2043.56-10550314, mixed mode, tiered, compressed oops, compressed class ptrs, g1 gc, windows-amd64)
GC Precious Log:
 CPUs: 8 total, 8 available
 Memory: 16303M
 Large Page Support: Disabled
 NUMA Support: Disabled
 Compressed Oops: Enabled (32-bit)
 Heap Region Size: 1M
 Heap Min Capacity: 8M
 Heap Initial Capacity: 256M
 Heap Max Capacity: 2G
 Pre-touch: Disabled
 Parallel Workers: 8
 Concurrent Workers: 2
 Concurrent Refinement Workers: 8
 Periodic GC: Disabled
Heap:
 garbage-first heap   total 485376K, used 157783K [0x0000000080000000, 0x0000000100000000)
  region size 1024K, 27 young (27648K), 2 survivors (2048K)
 Metaspace       used 140120K, committed 141120K, reserved 1179648K
  class space    used 19624K, committed 20160K, reserved 1048576K
GC Heap History (20 events):
Event: 3568.182 GC heap before
{Heap before GC invocations=39 (full 0):
 garbage-first heap   total 242688K, used 201001K [0x0000000080000000, 0x0000000100000000)
  region size 1024K, 71 young (72704K), 3 survivors (3072K)
 Metaspace       used 114375K, committed 115264K, reserved 1179648K
  class space    used 15365K, committed 15808K, reserved 1048576K
}
Event: 3568.185 GC heap after
{Heap after GC invocations=40 (full 0):
 garbage-first heap   total 242688K, used 135420K [0x0000000080000000, 0x0000000100000000)
  region size 1024K, 6 young (6144K), 6 survivors (6144K)
 Metaspace       used 114375K, committed 115264K, reserved 1179648K
  class space    used 15365K, committed 15808K, reserved 1048576K
}
Event: 3568.443 GC heap before
{Heap before GC invocations=40 (full 0):
 garbage-first heap   total 242688K, used 201980K [0x0000000080000000, 0x0000000100000000)
  region size 1024K, 72 young (73728K), 6 survivors (6144K)
 Metaspace       used 116046K, committed 116928K, reserved 1179648K
  class space    used 15581K, committed 16000K, reserved 1048576K
}
Event: 3568.446 GC heap after
{Heap after GC invocations=41 (full 0):
 garbage-first heap   total 242688K, used 136943K [0x0000000080000000, 0x0000000100000000)
  region size 1024K, 6 young (6144K), 6 survivors (6144K)
 Metaspace       used 116046K, committed 116928K, reserved 1179648K
  class space    used 15581K, committed 16000K, reserved 1048576K
}
Event: 3568.465 GC heap before
{Heap before GC invocations=41 (full 0):
 garbage-first heap   total 242688K, used 138991K [0x0000000080000000, 0x0000000100000000)
  region size 1024K, 10 young (10240K), 6 survivors (6144K)
 Metaspace       used 116357K, committed 117248K, reserved 1179648K
  class space    used 15608K, committed 16064K, reserved 1048576K
}
Event: 3568.467 GC heap after
{Heap after GC invocations=42 (full 0):
 garbage-first heap   total 242688K, used 137590K [0x0000000080000000, 0x0000000100000000)
  region size 1024K, 3 young (3072K), 3 survivors (3072K)
 Metaspace       used 116357K, committed 117248K, reserved 1179648K
  class space    used 15608K, committed 16064K, reserved 1048576K
}
Event: 3574.122 GC heap before
{Heap before GC invocations=43 (full 0):
 garbage-first heap   total 242688K, used 204150K [0x0000000080000000, 0x0000000100000000)
  region size 1024K, 70 young (71680K), 3 survivors (3072K)
 Metaspace       used 122646K, committed 123520K, reserved 1179648K
  class space    used 16595K, committed 17024K, reserved 1048576K
}
Event: 3574.126 GC heap after
{Heap after GC invocations=44 (full 0):
 garbage-first heap   total 242688K, used 138272K [0x0000000080000000, 0x0000000100000000)
  region size 1024K, 7 young (7168K), 7 survivors (7168K)
 Metaspace       used 122646K, committed 123520K, reserved 1179648K
  class space    used 16595K, committed 17024K, reserved 1048576K
}
Event: 3574.154 GC heap before
{Heap before GC invocations=44 (full 0):
 garbage-first heap   total 242688K, used 141344K [0x0000000080000000, 0x0000000100000000)
  region size 1024K, 11 young (11264K), 7 survivors (7168K)
 Metaspace       used 123164K, committed 124032K, reserved 1179648K
  class space    used 16667K, committed 17088K, reserved 1048576K
}
Event: 3574.160 GC heap after
{Heap after GC invocations=45 (full 0):
 garbage-first heap   total 242688K, used 125322K [0x0000000080000000, 0x0000000100000000)
  region size 1024K, 1 young (1024K), 1 survivors (1024K)
 Metaspace       used 123164K, committed 124032K, reserved 1179648K
  class space    used 16667K, committed 17088K, reserved 1048576K
}
Event: 3574.186 GC heap before
{Heap before GC invocations=45 (full 0):
 garbage-first heap   total 242688K, used 135562K [0x0000000080000000, 0x0000000100000000)
  region size 1024K, 11 young (11264K), 1 survivors (1024K)
 Metaspace       used 123490K, committed 124352K, reserved 1179648K
  class space    used 16710K, committed 17152K, reserved 1048576K
}
Event: 3574.191 GC heap after
{Heap after GC invocations=46 (full 0):
 garbage-first heap   total 242688K, used 126976K [0x0000000080000000, 0x0000000100000000)
  region size 1024K, 2 young (2048K), 2 survivors (2048K)
 Metaspace       used 123490K, committed 124352K, reserved 1179648K
  class space    used 16710K, committed 17152K, reserved 1048576K
}
Event: 3574.537 GC heap before
{Heap before GC invocations=46 (full 0):
 garbage-first heap   total 242688K, used 200704K [0x0000000080000000, 0x0000000100000000)
  region size 1024K, 75 young (76800K), 2 survivors (2048K)
 Metaspace       used 132065K, committed 133056K, reserved 1179648K
  class space    used 18280K, committed 18752K, reserved 1048576K
}
Event: 3574.543 GC heap after
{Heap after GC invocations=47 (full 0):
 garbage-first heap   total 242688K, used 133166K [0x0000000080000000, 0x0000000100000000)
  region size 1024K, 9 young (9216K), 9 survivors (9216K)
 Metaspace       used 132065K, committed 133056K, reserved 1179648K
  class space    used 18280K, committed 18752K, reserved 1048576K
}
Event: 3574.840 GC heap before
{Heap before GC invocations=48 (full 0):
 garbage-first heap   total 242688K, used 200750K [0x0000000080000000, 0x0000000100000000)
  region size 1024K, 76 young (77824K), 9 survivors (9216K)
 Metaspace       used 136363K, committed 137280K, reserved 1179648K
  class space    used 19053K, committed 19520K, reserved 1048576K
}
Event: 3574.845 GC heap after
{Heap after GC invocations=49 (full 0):
 garbage-first heap   total 242688K, used 136104K [0x0000000080000000, 0x0000000100000000)
  region size 1024K, 5 young (5120K), 5 survivors (5120K)
 Metaspace       used 136363K, committed 137280K, reserved 1179648K
  class space    used 19053K, committed 19520K, reserved 1048576K
}
Event: 3574.871 GC heap before
{Heap before GC invocations=49 (full 0):
 garbage-first heap   total 242688K, used 141224K [0x0000000080000000, 0x0000000100000000)
  region size 1024K, 12 young (12288K), 5 survivors (5120K)
 Metaspace       used 136517K, committed 137536K, reserved 1179648K
  class space    used 19080K, committed 19584K, reserved 1048576K
}
Event: 3574.875 GC heap after
{Heap after GC invocations=50 (full 0):
 garbage-first heap   total 242688K, used 133157K [0x0000000080000000, 0x0000000100000000)
  region size 1024K, 2 young (2048K), 2 survivors (2048K)
 Metaspace       used 136517K, committed 137536K, reserved 1179648K
  class space    used 19080K, committed 19584K, reserved 1048576K
}
Event: 4015.351 GC heap before
{Heap before GC invocations=50 (full 0):
 garbage-first heap   total 242688K, used 219173K [0x0000000080000000, 0x0000000100000000)
  region size 1024K, 70 young (71680K), 2 survivors (2048K)
 Metaspace       used 138248K, committed 139264K, reserved 1179648K
  class space    used 19401K, committed 19904K, reserved 1048576K
}
Event: 4015.354 GC heap after
{Heap after GC invocations=51 (full 0):
 garbage-first heap   total 485376K, used 133207K [0x0000000080000000, 0x0000000100000000)
  region size 1024K, 2 young (2048K), 2 survivors (2048K)
 Metaspace       used 138248K, committed 139264K, reserved 1179648K
  class space    used 19401K, committed 19904K, reserved 1048576K
}

