# JRE version: OpenJDK Runtime Environment (17.0.7) (build 17.0.7+0-b2043.56-10550314)
# Java VM: OpenJDK 64-Bit Server VM (17.0.7+0-b2043.56-10550314, mixed mode, tiered, compressed oops, compressed class ptrs, g1 gc, windows-amd64)
GC Precious Log:
 CPUs: 8 total, 8 available
 Memory: 16303M
 Large Page Support: Disabled
 NUMA Support: Disabled
 Compressed Oops: Enabled (32-bit)
 Heap Region Size: 1M
 Heap Min Capacity: 8M
 Heap Initial Capacity: 256M
 Heap Max Capacity: 2G
 Pre-touch: Disabled
 Parallel Workers: 8
 Concurrent Workers: 2
 Concurrent Refinement Workers: 8
 Periodic GC: Disabled
Heap:
 garbage-first heap   total 279552K, used 234752K [0x0000000080000000, 0x0000000100000000)
  region size 1024K, 2 young (2048K), 2 survivors (2048K)
 Metaspace       used 127241K, committed 128256K, reserved 1179648K
  class space    used 17235K, committed 17728K, reserved 1048576K
GC Heap History (20 events):
Event: 72.504 GC heap after
{Heap after GC invocations=49 (full 0):
 garbage-first heap   total 279552K, used 136924K [0x0000000080000000, 0x0000000100000000)
  region size 1024K, 8 young (8192K), 8 survivors (8192K)
 Metaspace       used 114267K, committed 115072K, reserved 1179648K
  class space    used 15532K, committed 15936K, reserved 1048576K
}
Event: 75.216 GC heap before
{Heap before GC invocations=49 (full 0):
 garbage-first heap   total 279552K, used 219868K [0x0000000080000000, 0x0000000100000000)
  region size 1024K, 90 young (92160K), 8 survivors (8192K)
 Metaspace       used 115947K, committed 116736K, reserved 1179648K
  class space    used 15710K, committed 16128K, reserved 1048576K
}
Event: 75.223 GC heap after
{Heap after GC invocations=50 (full 0):
 garbage-first heap   total 279552K, used 146679K [0x0000000080000000, 0x0000000100000000)
  region size 1024K, 10 young (10240K), 10 survivors (10240K)
 Metaspace       used 115947K, committed 116736K, reserved 1179648K
  class space    used 15710K, committed 16128K, reserved 1048576K
}
Event: 75.557 GC heap before
{Heap before GC invocations=50 (full 0):
 garbage-first heap   total 279552K, used 221431K [0x0000000080000000, 0x0000000100000000)
  region size 1024K, 84 young (86016K), 10 survivors (10240K)
 Metaspace       used 117329K, committed 118144K, reserved 1179648K
  class space    used 15845K, committed 16256K, reserved 1048576K
}
Event: 75.562 GC heap after
{Heap after GC invocations=51 (full 0):
 garbage-first heap   total 279552K, used 148421K [0x0000000080000000, 0x0000000100000000)
  region size 1024K, 4 young (4096K), 4 survivors (4096K)
 Metaspace       used 117329K, committed 118144K, reserved 1179648K
  class space    used 15845K, committed 16256K, reserved 1048576K
}
Event: 134.730 GC heap before
{Heap before GC invocations=51 (full 0):
 garbage-first heap   total 279552K, used 225221K [0x0000000080000000, 0x0000000100000000)
  region size 1024K, 80 young (81920K), 4 survivors (4096K)
 Metaspace       used 120918K, committed 121856K, reserved 1179648K
  class space    used 16333K, committed 16832K, reserved 1048576K
}
Event: 134.733 GC heap after
{Heap after GC invocations=52 (full 0):
 garbage-first heap   total 279552K, used 149744K [0x0000000080000000, 0x0000000100000000)
  region size 1024K, 5 young (5120K), 5 survivors (5120K)
 Metaspace       used 120918K, committed 121856K, reserved 1179648K
  class space    used 16333K, committed 16832K, reserved 1048576K
}
Event: 135.004 GC heap before
{Heap before GC invocations=52 (full 0):
 garbage-first heap   total 279552K, used 195824K [0x0000000080000000, 0x0000000100000000)
  region size 1024K, 31 young (31744K), 5 survivors (5120K)
 Metaspace       used 122412K, committed 123392K, reserved 1179648K
  class space    used 16595K, committed 17088K, reserved 1048576K
}
Event: 135.008 GC heap after
{Heap after GC invocations=53 (full 0):
 garbage-first heap   total 279552K, used 177096K [0x0000000080000000, 0x0000000100000000)
  region size 1024K, 11 young (11264K), 11 survivors (11264K)
 Metaspace       used 122412K, committed 123392K, reserved 1179648K
  class space    used 16595K, committed 17088K, reserved 1048576K
}
Event: 135.273 GC heap before
{Heap before GC invocations=53 (full 0):
 garbage-first heap   total 279552K, used 232392K [0x0000000080000000, 0x0000000100000000)
  region size 1024K, 63 young (64512K), 11 survivors (11264K)
 Metaspace       used 123590K, committed 124608K, reserved 1179648K
  class space    used 16743K, committed 17280K, reserved 1048576K
}
Event: 135.278 GC heap after
{Heap after GC invocations=54 (full 0):
 garbage-first heap   total 279552K, used 186419K [0x0000000080000000, 0x0000000100000000)
  region size 1024K, 7 young (7168K), 7 survivors (7168K)
 Metaspace       used 123590K, committed 124608K, reserved 1179648K
  class space    used 16743K, committed 17280K, reserved 1048576K
}
Event: 135.360 GC heap before
{Heap before GC invocations=54 (full 0):
 garbage-first heap   total 279552K, used 204851K [0x0000000080000000, 0x0000000100000000)
  region size 1024K, 20 young (20480K), 7 survivors (7168K)
 Metaspace       used 124412K, committed 125440K, reserved 1179648K
  class space    used 16849K, committed 17344K, reserved 1048576K
}
Event: 135.363 GC heap after
{Heap after GC invocations=55 (full 0):
 garbage-first heap   total 279552K, used 196594K [0x0000000080000000, 0x0000000100000000)
  region size 1024K, 4 young (4096K), 4 survivors (4096K)
 Metaspace       used 124412K, committed 125440K, reserved 1179648K
  class space    used 16849K, committed 17344K, reserved 1048576K
}
Event: 135.545 GC heap before
{Heap before GC invocations=55 (full 0):
 garbage-first heap   total 279552K, used 245746K [0x0000000080000000, 0x0000000100000000)
  region size 1024K, 39 young (39936K), 4 survivors (4096K)
 Metaspace       used 126260K, committed 127296K, reserved 1179648K
  class space    used 17104K, committed 17600K, reserved 1048576K
}
Event: 135.548 GC heap after
{Heap after GC invocations=56 (full 0):
 garbage-first heap   total 279552K, used 215221K [0x0000000080000000, 0x0000000100000000)
  region size 1024K, 5 young (5120K), 5 survivors (5120K)
 Metaspace       used 126260K, committed 127296K, reserved 1179648K
  class space    used 17104K, committed 17600K, reserved 1048576K
}
Event: 135.655 GC heap before
{Heap before GC invocations=56 (full 0):
 garbage-first heap   total 279552K, used 242869K [0x0000000080000000, 0x0000000100000000)
  region size 1024K, 28 young (28672K), 5 survivors (5120K)
 Metaspace       used 127241K, committed 128256K, reserved 1179648K
  class space    used 17235K, committed 17728K, reserved 1048576K
}
Event: 135.658 GC heap after
{Heap after GC invocations=57 (full 0):
 garbage-first heap   total 279552K, used 222999K [0x0000000080000000, 0x0000000100000000)
  region size 1024K, 4 young (4096K), 4 survivors (4096K)
 Metaspace       used 127241K, committed 128256K, reserved 1179648K
  class space    used 17235K, committed 17728K, reserved 1048576K
}
Event: 135.685 GC heap before
{Heap before GC invocations=57 (full 0):
 garbage-first heap   total 279552K, used 240407K [0x0000000080000000, 0x0000000100000000)
  region size 1024K, 22 young (22528K), 4 survivors (4096K)
 Metaspace       used 127241K, committed 128256K, reserved 1179648K
  class space    used 17235K, committed 17728K, reserved 1048576K
}
Event: 135.689 GC heap after
{Heap after GC invocations=58 (full 0):
 garbage-first heap   total 279552K, used 229729K [0x0000000080000000, 0x0000000100000000)
  region size 1024K, 3 young (3072K), 3 survivors (3072K)
 Metaspace       used 127241K, committed 128256K, reserved 1179648K
  class space    used 17235K, committed 17728K, reserved 1048576K
}
Event: 135.706 GC heap before
{Heap before GC invocations=58 (full 0):
 garbage-first heap   total 279552K, used 240993K [0x0000000080000000, 0x0000000100000000)
  region size 1024K, 14 young (14336K), 3 survivors (3072K)
 Metaspace       used 127241K, committed 128256K, reserved 1179648K
  class space    used 17235K, committed 17728K, reserved 1048576K
}

