# JRE version: OpenJDK Runtime Environment (17.0.7) (build 17.0.7+0-b2043.56-10550314)
# Java VM: OpenJDK 64-Bit Server VM (17.0.7+0-b2043.56-10550314, mixed mode, tiered, compressed oops, compressed class ptrs, g1 gc, windows-amd64)
GC Precious Log:
 CPUs: 8 total, 8 available
 Memory: 16303M
 Large Page Support: Disabled
 NUMA Support: Disabled
 Compressed Oops: Enabled (32-bit)
 Heap Region Size: 1M
 Heap Min Capacity: 8M
 Heap Initial Capacity: 256M
 Heap Max Capacity: 2G
 Pre-touch: Disabled
 Parallel Workers: 8
 Concurrent Workers: 2
 Concurrent Refinement Workers: 8
 Periodic GC: Disabled
Heap:
 garbage-first heap   total 256000K, used 191284K [0x0000000080000000, 0x0000000100000000)
  region size 1024K, 12 young (12288K), 5 survivors (5120K)
 Metaspace       used 137452K, committed 138560K, reserved 1179648K
  class space    used 18933K, committed 19456K, reserved 1048576K
GC Heap History (20 events):
Event: 1050.186 GC heap before
{Heap before GC invocations=53 (full 0):
 garbage-first heap   total 256000K, used 225985K [0x0000000080000000, 0x0000000100000000)
  region size 1024K, 67 young (68608K), 2 survivors (2048K)
 Metaspace       used 135243K, committed 136128K, reserved 1179648K
  class space    used 18823K, committed 19264K, reserved 1048576K
}
Event: 1050.188 GC heap after
{Heap after GC invocations=54 (full 0):
 garbage-first heap   total 256000K, used 146513K [0x0000000080000000, 0x0000000100000000)
  region size 1024K, 4 young (4096K), 4 survivors (4096K)
 Metaspace       used 135243K, committed 136128K, reserved 1179648K
  class space    used 18823K, committed 19264K, reserved 1048576K
}
Event: 1051.602 GC heap before
{Heap before GC invocations=54 (full 0):
 garbage-first heap   total 256000K, used 211025K [0x0000000080000000, 0x0000000100000000)
  region size 1024K, 68 young (69632K), 4 survivors (4096K)
 Metaspace       used 135849K, committed 136832K, reserved 1179648K
  class space    used 18860K, committed 19328K, reserved 1048576K
}
Event: 1051.607 GC heap after
{Heap after GC invocations=55 (full 0):
 garbage-first heap   total 256000K, used 152450K [0x0000000080000000, 0x0000000100000000)
  region size 1024K, 9 young (9216K), 9 survivors (9216K)
 Metaspace       used 135849K, committed 136832K, reserved 1179648K
  class space    used 18860K, committed 19328K, reserved 1048576K
}
Event: 1071.236 GC heap before
{Heap before GC invocations=55 (full 0):
 garbage-first heap   total 256000K, used 227202K [0x0000000080000000, 0x0000000100000000)
  region size 1024K, 68 young (69632K), 9 survivors (9216K)
 Metaspace       used 136094K, committed 137152K, reserved 1179648K
  class space    used 18877K, committed 19392K, reserved 1048576K
}
Event: 1071.241 GC heap after
{Heap after GC invocations=56 (full 0):
 garbage-first heap   total 256000K, used 158171K [0x0000000080000000, 0x0000000100000000)
  region size 1024K, 7 young (7168K), 7 survivors (7168K)
 Metaspace       used 136094K, committed 137152K, reserved 1179648K
  class space    used 18877K, committed 19392K, reserved 1048576K
}
Event: 1097.823 GC heap before
{Heap before GC invocations=56 (full 0):
 garbage-first heap   total 256000K, used 212443K [0x0000000080000000, 0x0000000100000000)
  region size 1024K, 61 young (62464K), 7 survivors (7168K)
 Metaspace       used 136365K, committed 137472K, reserved 1179648K
  class space    used 18910K, committed 19456K, reserved 1048576K
}
Event: 1097.828 GC heap after
{Heap after GC invocations=57 (full 0):
 garbage-first heap   total 256000K, used 163181K [0x0000000080000000, 0x0000000100000000)
  region size 1024K, 6 young (6144K), 6 survivors (6144K)
 Metaspace       used 136365K, committed 137472K, reserved 1179648K
  class space    used 18910K, committed 19456K, reserved 1048576K
}
Event: 1098.105 GC heap before
{Heap before GC invocations=57 (full 0):
 garbage-first heap   total 256000K, used 213357K [0x0000000080000000, 0x0000000100000000)
  region size 1024K, 56 young (57344K), 6 survivors (6144K)
 Metaspace       used 136613K, committed 137728K, reserved 1179648K
  class space    used 18912K, committed 19456K, reserved 1048576K
}
Event: 1098.110 GC heap after
{Heap after GC invocations=58 (full 0):
 garbage-first heap   total 256000K, used 168888K [0x0000000080000000, 0x0000000100000000)
  region size 1024K, 6 young (6144K), 6 survivors (6144K)
 Metaspace       used 136613K, committed 137728K, reserved 1179648K
  class space    used 18912K, committed 19456K, reserved 1048576K
}
Event: 1188.048 GC heap before
{Heap before GC invocations=58 (full 0):
 garbage-first heap   total 256000K, used 229304K [0x0000000080000000, 0x0000000100000000)
  region size 1024K, 51 young (52224K), 6 survivors (6144K)
 Metaspace       used 136801K, committed 137920K, reserved 1179648K
  class space    used 18915K, committed 19456K, reserved 1048576K
}
Event: 1188.051 GC heap after
{Heap after GC invocations=59 (full 0):
 garbage-first heap   total 256000K, used 171780K [0x0000000080000000, 0x0000000100000000)
  region size 1024K, 4 young (4096K), 4 survivors (4096K)
 Metaspace       used 136801K, committed 137920K, reserved 1179648K
  class space    used 18915K, committed 19456K, reserved 1048576K
}
Event: 1188.262 GC heap before
{Heap before GC invocations=59 (full 0):
 garbage-first heap   total 256000K, used 215812K [0x0000000080000000, 0x0000000100000000)
  region size 1024K, 47 young (48128K), 4 survivors (4096K)
 Metaspace       used 136981K, committed 138048K, reserved 1179648K
  class space    used 18926K, committed 19456K, reserved 1048576K
}
Event: 1188.267 GC heap after
{Heap after GC invocations=60 (full 0):
 garbage-first heap   total 256000K, used 176498K [0x0000000080000000, 0x0000000100000000)
  region size 1024K, 6 young (6144K), 6 survivors (6144K)
 Metaspace       used 136981K, committed 138048K, reserved 1179648K
  class space    used 18926K, committed 19456K, reserved 1048576K
}
Event: 1239.719 GC heap before
{Heap before GC invocations=60 (full 0):
 garbage-first heap   total 256000K, used 230770K [0x0000000080000000, 0x0000000100000000)
  region size 1024K, 45 young (46080K), 6 survivors (6144K)
 Metaspace       used 137242K, committed 138368K, reserved 1179648K
  class space    used 18931K, committed 19456K, reserved 1048576K
}
Event: 1239.723 GC heap after
{Heap after GC invocations=61 (full 0):
 garbage-first heap   total 256000K, used 178161K [0x0000000080000000, 0x0000000100000000)
  region size 1024K, 2 young (2048K), 2 survivors (2048K)
 Metaspace       used 137242K, committed 138368K, reserved 1179648K
  class space    used 18931K, committed 19456K, reserved 1048576K
}
Event: 1343.898 GC heap before
{Heap before GC invocations=61 (full 0):
 garbage-first heap   total 256000K, used 218097K [0x0000000080000000, 0x0000000100000000)
  region size 1024K, 42 young (43008K), 2 survivors (2048K)
 Metaspace       used 137308K, committed 138432K, reserved 1179648K
  class space    used 18932K, committed 19456K, reserved 1048576K
}
Event: 1343.901 GC heap after
{Heap after GC invocations=62 (full 0):
 garbage-first heap   total 256000K, used 181539K [0x0000000080000000, 0x0000000100000000)
  region size 1024K, 6 young (6144K), 6 survivors (6144K)
 Metaspace       used 137308K, committed 138432K, reserved 1179648K
  class space    used 18932K, committed 19456K, reserved 1048576K
}
Event: 1344.130 GC heap before
{Heap before GC invocations=62 (full 0):
 garbage-first heap   total 256000K, used 217379K [0x0000000080000000, 0x0000000100000000)
  region size 1024K, 42 young (43008K), 6 survivors (6144K)
 Metaspace       used 137446K, committed 138560K, reserved 1179648K
  class space    used 18933K, committed 19456K, reserved 1048576K
}
Event: 1344.135 GC heap after
{Heap after GC invocations=63 (full 0):
 garbage-first heap   total 256000K, used 186164K [0x0000000080000000, 0x0000000100000000)
  region size 1024K, 5 young (5120K), 5 survivors (5120K)
 Metaspace       used 137446K, committed 138560K, reserved 1179648K
  class space    used 18933K, committed 19456K, reserved 1048576K
}

