# JRE version: OpenJDK Runtime Environment (17.0.7) (build 17.0.7+0-b2043.56-10550314)
# Java VM: OpenJDK 64-Bit Server VM (17.0.7+0-b2043.56-10550314, mixed mode, tiered, compressed oops, compressed class ptrs, g1 gc, windows-amd64)
GC Precious Log:
 CPUs: 8 total, 8 available
 Memory: 16303M
 Large Page Support: Disabled
 NUMA Support: Disabled
 Compressed Oops: Enabled (32-bit)
 Heap Region Size: 1M
 Heap Min Capacity: 8M
 Heap Initial Capacity: 256M
 Heap Max Capacity: 2G
 Pre-touch: Disabled
 Parallel Workers: 8
 Concurrent Workers: 2
 Concurrent Refinement Workers: 8
 Periodic GC: Disabled
Heap:
 garbage-first heap   total 435200K, used 196119K [0x0000000080000000, 0x0000000100000000)
  region size 1024K, 2 young (2048K), 2 survivors (2048K)
 Metaspace       used 130929K, committed 131840K, reserved 1179648K
  class space    used 18060K, committed 18496K, reserved 1048576K
GC Heap History (20 events):
Event: 8.969 GC heap after
{Heap after GC invocations=41 (full 0):
 garbage-first heap   total 435200K, used 158559K [0x0000000080000000, 0x0000000100000000)
  region size 1024K, 5 young (5120K), 5 survivors (5120K)
 Metaspace       used 109213K, committed 110016K, reserved 1179648K
  class space    used 14706K, committed 15104K, reserved 1048576K
}
Event: 10.034 GC heap before
{Heap before GC invocations=41 (full 0):
 garbage-first heap   total 435200K, used 328543K [0x0000000080000000, 0x0000000100000000)
  region size 1024K, 170 young (174080K), 5 survivors (5120K)
 Metaspace       used 113099K, committed 113856K, reserved 1179648K
  class space    used 15118K, committed 15488K, reserved 1048576K
}
Event: 10.040 GC heap after
{Heap after GC invocations=42 (full 0):
 garbage-first heap   total 435200K, used 164561K [0x0000000080000000, 0x0000000100000000)
  region size 1024K, 11 young (11264K), 11 survivors (11264K)
 Metaspace       used 113099K, committed 113856K, reserved 1179648K
  class space    used 15118K, committed 15488K, reserved 1048576K
}
Event: 10.300 GC heap before
{Heap before GC invocations=42 (full 0):
 garbage-first heap   total 435200K, used 339665K [0x0000000080000000, 0x0000000100000000)
  region size 1024K, 183 young (187392K), 11 survivors (11264K)
 Metaspace       used 113274K, committed 114176K, reserved 1179648K
  class space    used 15136K, committed 15552K, reserved 1048576K
}
Event: 10.304 GC heap after
{Heap after GC invocations=43 (full 0):
 garbage-first heap   total 435200K, used 165394K [0x0000000080000000, 0x0000000100000000)
  region size 1024K, 12 young (12288K), 12 survivors (12288K)
 Metaspace       used 113274K, committed 114176K, reserved 1179648K
  class space    used 15136K, committed 15552K, reserved 1048576K
}
Event: 10.880 GC heap before
{Heap before GC invocations=43 (full 0):
 garbage-first heap   total 435200K, used 353810K [0x0000000080000000, 0x0000000100000000)
  region size 1024K, 197 young (201728K), 12 survivors (12288K)
 Metaspace       used 113593K, committed 114368K, reserved 1179648K
  class space    used 15171K, committed 15552K, reserved 1048576K
}
Event: 10.885 GC heap after
{Heap after GC invocations=44 (full 0):
 garbage-first heap   total 435200K, used 166172K [0x0000000080000000, 0x0000000100000000)
  region size 1024K, 12 young (12288K), 12 survivors (12288K)
 Metaspace       used 113593K, committed 114368K, reserved 1179648K
  class space    used 15171K, committed 15552K, reserved 1048576K
}
Event: 11.031 GC heap before
{Heap before GC invocations=44 (full 0):
 garbage-first heap   total 435200K, used 202012K [0x0000000080000000, 0x0000000100000000)
  region size 1024K, 49 young (50176K), 12 survivors (12288K)
 Metaspace       used 114228K, committed 115008K, reserved 1179648K
  class space    used 15268K, committed 15680K, reserved 1048576K
}
Event: 11.036 GC heap after
{Heap after GC invocations=45 (full 0):
 garbage-first heap   total 435200K, used 171324K [0x0000000080000000, 0x0000000100000000)
  region size 1024K, 17 young (17408K), 17 survivors (17408K)
 Metaspace       used 114228K, committed 115008K, reserved 1179648K
  class space    used 15268K, committed 15680K, reserved 1048576K
}
Event: 11.595 GC heap before
{Heap before GC invocations=46 (full 0):
 garbage-first heap   total 435200K, used 339967K [0x0000000080000000, 0x0000000100000000)
  region size 1024K, 205 young (209920K), 17 survivors (17408K)
 Metaspace       used 121781K, committed 122624K, reserved 1179648K
  class space    used 16428K, committed 16832K, reserved 1048576K
}
Event: 11.610 GC heap after
{Heap after GC invocations=47 (full 0):
 garbage-first heap   total 435200K, used 171961K [0x0000000080000000, 0x0000000100000000)
  region size 1024K, 26 young (26624K), 26 survivors (26624K)
 Metaspace       used 121781K, committed 122624K, reserved 1179648K
  class space    used 16428K, committed 16832K, reserved 1048576K
}
Event: 11.614 GC heap before
{Heap before GC invocations=47 (full 0):
 garbage-first heap   total 435200K, used 172985K [0x0000000080000000, 0x0000000100000000)
  region size 1024K, 27 young (27648K), 26 survivors (26624K)
 Metaspace       used 121812K, committed 122688K, reserved 1179648K
  class space    used 16429K, committed 16832K, reserved 1048576K
}
Event: 11.624 GC heap after
{Heap after GC invocations=48 (full 0):
 garbage-first heap   total 435200K, used 170836K [0x0000000080000000, 0x0000000100000000)
  region size 1024K, 4 young (4096K), 4 survivors (4096K)
 Metaspace       used 121812K, committed 122688K, reserved 1179648K
  class space    used 16429K, committed 16832K, reserved 1048576K
}
Event: 11.811 GC heap before
{Heap before GC invocations=48 (full 0):
 garbage-first heap   total 435200K, used 345940K [0x0000000080000000, 0x0000000100000000)
  region size 1024K, 176 young (180224K), 4 survivors (4096K)
 Metaspace       used 125385K, committed 126272K, reserved 1179648K
  class space    used 17168K, committed 17600K, reserved 1048576K
}
Event: 11.826 GC heap after
{Heap after GC invocations=49 (full 0):
 garbage-first heap   total 435200K, used 193535K [0x0000000080000000, 0x0000000100000000)
  region size 1024K, 22 young (22528K), 22 survivors (22528K)
 Metaspace       used 125385K, committed 126272K, reserved 1179648K
  class space    used 17168K, committed 17600K, reserved 1048576K
}
Event: 12.310 GC heap before
{Heap before GC invocations=50 (full 0):
 garbage-first heap   total 435200K, used 345087K [0x0000000080000000, 0x0000000100000000)
  region size 1024K, 171 young (175104K), 22 survivors (22528K)
 Metaspace       used 129465K, committed 130368K, reserved 1179648K
  class space    used 17891K, committed 18304K, reserved 1048576K
}
Event: 12.324 GC heap after
{Heap after GC invocations=51 (full 0):
 garbage-first heap   total 435200K, used 199286K [0x0000000080000000, 0x0000000100000000)
  region size 1024K, 6 young (6144K), 6 survivors (6144K)
 Metaspace       used 129465K, committed 130368K, reserved 1179648K
  class space    used 17891K, committed 18304K, reserved 1048576K
}
Event: 12.350 GC heap before
{Heap before GC invocations=51 (full 0):
 garbage-first heap   total 435200K, used 213622K [0x0000000080000000, 0x0000000100000000)
  region size 1024K, 21 young (21504K), 6 survivors (6144K)
 Metaspace       used 129561K, committed 130432K, reserved 1179648K
  class space    used 17899K, committed 18304K, reserved 1048576K
}
Event: 12.353 GC heap after
{Heap after GC invocations=52 (full 0):
 garbage-first heap   total 435200K, used 195854K [0x0000000080000000, 0x0000000100000000)
  region size 1024K, 2 young (2048K), 2 survivors (2048K)
 Metaspace       used 129561K, committed 130432K, reserved 1179648K
  class space    used 17899K, committed 18304K, reserved 1048576K
}
Event: 12.600 GC heap before
{Heap before GC invocations=52 (full 0):
 garbage-first heap   total 435200K, used 351502K [0x0000000080000000, 0x0000000100000000)
  region size 1024K, 154 young (157696K), 2 survivors (2048K)
 Metaspace       used 130929K, committed 131840K, reserved 1179648K
  class space    used 18060K, committed 18496K, reserved 1048576K
}

