# JRE version: OpenJDK Runtime Environment (17.0.7) (build 17.0.7+0-b2043.56-10550314)
# Java VM: OpenJDK 64-Bit Server VM (17.0.7+0-b2043.56-10550314, mixed mode, tiered, compressed oops, compressed class ptrs, g1 gc, windows-amd64)
GC Precious Log:
 CPUs: 8 total, 8 available
 Memory: 16303M
 Large Page Support: Disabled
 NUMA Support: Disabled
 Compressed Oops: Enabled (32-bit)
 Heap Region Size: 1M
 Heap Min Capacity: 8M
 Heap Initial Capacity: 256M
 Heap Max Capacity: 2G
 Pre-touch: Disabled
 Parallel Workers: 8
 Concurrent Workers: 2
 Concurrent Refinement Workers: 8
 Periodic GC: Disabled
Heap:
 garbage-first heap   total 164864K, used 111250K [0x0000000080000000, 0x0000000100000000)
  region size 1024K, 31 young (31744K), 2 survivors (2048K)
 Metaspace       used 82218K, committed 82816K, reserved 1179648K
  class space    used 11215K, committed 11520K, reserved 1048576K
GC Heap History (20 events):
Event: 3.527 GC heap before
{Heap before GC invocations=17 (full 0):
 garbage-first heap   total 107520K, used 83062K [0x0000000080000000, 0x0000000100000000)
  region size 1024K, 25 young (25600K), 2 survivors (2048K)
 Metaspace       used 60262K, committed 60800K, reserved 1114112K
  class space    used 8086K, committed 8320K, reserved 1048576K
}
Event: 3.528 GC heap after
{Heap after GC invocations=18 (full 0):
 garbage-first heap   total 107520K, used 60845K [0x0000000080000000, 0x0000000100000000)
  region size 1024K, 2 young (2048K), 2 survivors (2048K)
 Metaspace       used 60262K, committed 60800K, reserved 1114112K
  class space    used 8086K, committed 8320K, reserved 1048576K
}
Event: 3.748 GC heap before
{Heap before GC invocations=19 (full 0):
 garbage-first heap   total 109568K, used 85421K [0x0000000080000000, 0x0000000100000000)
  region size 1024K, 26 young (26624K), 2 survivors (2048K)
 Metaspace       used 63640K, committed 64192K, reserved 1114112K
  class space    used 8566K, committed 8832K, reserved 1048576K
}
Event: 3.750 GC heap after
{Heap after GC invocations=20 (full 0):
 garbage-first heap   total 109568K, used 61946K [0x0000000080000000, 0x0000000100000000)
  region size 1024K, 3 young (3072K), 3 survivors (3072K)
 Metaspace       used 63640K, committed 64192K, reserved 1114112K
  class space    used 8566K, committed 8832K, reserved 1048576K
}
Event: 3.818 GC heap before
{Heap before GC invocations=20 (full 0):
 garbage-first heap   total 109568K, used 71162K [0x0000000080000000, 0x0000000100000000)
  region size 1024K, 13 young (13312K), 3 survivors (3072K)
 Metaspace       used 65319K, committed 65856K, reserved 1114112K
  class space    used 8762K, committed 9024K, reserved 1048576K
}
Event: 3.821 GC heap after
{Heap after GC invocations=21 (full 0):
 garbage-first heap   total 109568K, used 63424K [0x0000000080000000, 0x0000000100000000)
  region size 1024K, 4 young (4096K), 4 survivors (4096K)
 Metaspace       used 65319K, committed 65856K, reserved 1114112K
  class space    used 8762K, committed 9024K, reserved 1048576K
}
Event: 3.945 GC heap before
{Heap before GC invocations=22 (full 0):
 garbage-first heap   total 132096K, used 94144K [0x0000000080000000, 0x0000000100000000)
  region size 1024K, 29 young (29696K), 4 survivors (4096K)
 Metaspace       used 66439K, committed 67008K, reserved 1114112K
  class space    used 8916K, committed 9216K, reserved 1048576K
}
Event: 3.948 GC heap after
{Heap after GC invocations=23 (full 0):
 garbage-first heap   total 132096K, used 66003K [0x0000000080000000, 0x0000000100000000)
  region size 1024K, 4 young (4096K), 4 survivors (4096K)
 Metaspace       used 66439K, committed 67008K, reserved 1114112K
  class space    used 8916K, committed 9216K, reserved 1048576K
}
Event: 4.141 GC heap before
{Heap before GC invocations=23 (full 0):
 garbage-first heap   total 132096K, used 100819K [0x0000000080000000, 0x0000000100000000)
  region size 1024K, 38 young (38912K), 4 survivors (4096K)
 Metaspace       used 69078K, committed 69696K, reserved 1114112K
  class space    used 9256K, committed 9536K, reserved 1048576K
}
Event: 4.143 GC heap after
{Heap after GC invocations=24 (full 0):
 garbage-first heap   total 132096K, used 68177K [0x0000000080000000, 0x0000000100000000)
  region size 1024K, 3 young (3072K), 3 survivors (3072K)
 Metaspace       used 69078K, committed 69696K, reserved 1114112K
  class space    used 9256K, committed 9536K, reserved 1048576K
}
Event: 4.247 GC heap before
{Heap before GC invocations=25 (full 0):
 garbage-first heap   total 132096K, used 83537K [0x0000000080000000, 0x0000000100000000)
  region size 1024K, 19 young (19456K), 3 survivors (3072K)
 Metaspace       used 70553K, committed 71104K, reserved 1114112K
  class space    used 9500K, committed 9792K, reserved 1048576K
}
Event: 4.249 GC heap after
{Heap after GC invocations=26 (full 0):
 garbage-first heap   total 132096K, used 68807K [0x0000000080000000, 0x0000000100000000)
  region size 1024K, 3 young (3072K), 3 survivors (3072K)
 Metaspace       used 70553K, committed 71104K, reserved 1114112K
  class space    used 9500K, committed 9792K, reserved 1048576K
}
Event: 4.466 GC heap before
{Heap before GC invocations=27 (full 0):
 garbage-first heap   total 132096K, used 108743K [0x0000000080000000, 0x0000000100000000)
  region size 1024K, 38 young (38912K), 3 survivors (3072K)
 Metaspace       used 74332K, committed 74944K, reserved 1114112K
  class space    used 10013K, committed 10304K, reserved 1048576K
}
Event: 4.468 GC heap after
{Heap after GC invocations=28 (full 0):
 garbage-first heap   total 132096K, used 74744K [0x0000000080000000, 0x0000000100000000)
  region size 1024K, 5 young (5120K), 5 survivors (5120K)
 Metaspace       used 74332K, committed 74944K, reserved 1114112K
  class space    used 10013K, committed 10304K, reserved 1048576K
}
Event: 4.668 GC heap before
{Heap before GC invocations=28 (full 0):
 garbage-first heap   total 132096K, used 107512K [0x0000000080000000, 0x0000000100000000)
  region size 1024K, 37 young (37888K), 5 survivors (5120K)
 Metaspace       used 76975K, committed 77504K, reserved 1179648K
  class space    used 10380K, committed 10624K, reserved 1048576K
}
Event: 4.671 GC heap after
{Heap after GC invocations=29 (full 0):
 garbage-first heap   total 132096K, used 76877K [0x0000000080000000, 0x0000000100000000)
  region size 1024K, 5 young (5120K), 5 survivors (5120K)
 Metaspace       used 76975K, committed 77504K, reserved 1179648K
  class space    used 10380K, committed 10624K, reserved 1048576K
}
Event: 4.897 GC heap before
{Heap before GC invocations=30 (full 0):
 garbage-first heap   total 137216K, used 108621K [0x0000000080000000, 0x0000000100000000)
  region size 1024K, 36 young (36864K), 5 survivors (5120K)
 Metaspace       used 78201K, committed 78848K, reserved 1179648K
  class space    used 10540K, committed 10816K, reserved 1048576K
}
Event: 4.900 GC heap after
{Heap after GC invocations=31 (full 0):
 garbage-first heap   total 137216K, used 79890K [0x0000000080000000, 0x0000000100000000)
  region size 1024K, 5 young (5120K), 5 survivors (5120K)
 Metaspace       used 78201K, committed 78848K, reserved 1179648K
  class space    used 10540K, committed 10816K, reserved 1048576K
}
Event: 5.012 GC heap before
{Heap before GC invocations=31 (full 0):
 garbage-first heap   total 137216K, used 103442K [0x0000000080000000, 0x0000000100000000)
  region size 1024K, 29 young (29696K), 5 survivors (5120K)
 Metaspace       used 80009K, committed 80640K, reserved 1179648K
  class space    used 10796K, committed 11072K, reserved 1048576K
}
Event: 5.015 GC heap after
{Heap after GC invocations=32 (full 0):
 garbage-first heap   total 164864K, used 81554K [0x0000000080000000, 0x0000000100000000)
  region size 1024K, 2 young (2048K), 2 survivors (2048K)
 Metaspace       used 80009K, committed 80640K, reserved 1179648K
  class space    used 10796K, committed 11072K, reserved 1048576K
}

