# JRE version: OpenJDK Runtime Environment (17.0.7) (build 17.0.7+0-b2043.56-10550314)
# Java VM: OpenJDK 64-Bit Server VM (17.0.7+0-b2043.56-10550314, mixed mode, tiered, compressed oops, compressed class ptrs, g1 gc, windows-amd64)
GC Precious Log:
 CPUs: 8 total, 8 available
 Memory: 16303M
 Large Page Support: Disabled
 NUMA Support: Disabled
 Compressed Oops: Enabled (32-bit)
 Heap Region Size: 1M
 Heap Min Capacity: 8M
 Heap Initial Capacity: 256M
 Heap Max Capacity: 2G
 Pre-touch: Disabled
 Parallel Workers: 8
 Concurrent Workers: 2
 Concurrent Refinement Workers: 8
 Periodic GC: Disabled
Heap:
 garbage-first heap   total 215040K, used 94031K [0x0000000080000000, 0x0000000100000000)
  region size 1024K, 2 young (2048K), 2 survivors (2048K)
 Metaspace       used 63643K, committed 64320K, reserved 1114112K
  class space    used 8577K, committed 8832K, reserved 1048576K
GC Heap History (20 events):
Event: 2.357 GC heap after
{Heap after GC invocations=13 (full 0):
 garbage-first heap   total 136192K, used 53471K [0x0000000080000000, 0x0000000100000000)
  region size 1024K, 7 young (7168K), 7 survivors (7168K)
 Metaspace       used 41956K, committed 42304K, reserved 1114112K
  class space    used 5655K, committed 5824K, reserved 1048576K
}
Event: 2.671 GC heap before
{Heap before GC invocations=13 (full 0):
 garbage-first heap   total 136192K, used 106719K [0x0000000080000000, 0x0000000100000000)
  region size 1024K, 54 young (55296K), 7 survivors (7168K)
 Metaspace       used 46405K, committed 46848K, reserved 1114112K
  class space    used 6162K, committed 6400K, reserved 1048576K
}
Event: 2.674 GC heap after
{Heap after GC invocations=14 (full 0):
 garbage-first heap   total 136192K, used 57123K [0x0000000080000000, 0x0000000100000000)
  region size 1024K, 5 young (5120K), 5 survivors (5120K)
 Metaspace       used 46405K, committed 46848K, reserved 1114112K
  class space    used 6162K, committed 6400K, reserved 1048576K
}
Event: 3.011 GC heap before
{Heap before GC invocations=14 (full 0):
 garbage-first heap   total 136192K, used 107299K [0x0000000080000000, 0x0000000100000000)
  region size 1024K, 50 young (51200K), 5 survivors (5120K)
 Metaspace       used 50845K, committed 51392K, reserved 1114112K
  class space    used 6689K, committed 6912K, reserved 1048576K
}
Event: 3.015 GC heap after
{Heap after GC invocations=15 (full 0):
 garbage-first heap   total 136192K, used 64713K [0x0000000080000000, 0x0000000100000000)
  region size 1024K, 5 young (5120K), 5 survivors (5120K)
 Metaspace       used 50845K, committed 51392K, reserved 1114112K
  class space    used 6689K, committed 6912K, reserved 1048576K
}
Event: 3.266 GC heap before
{Heap before GC invocations=15 (full 0):
 garbage-first heap   total 136192K, used 105673K [0x0000000080000000, 0x0000000100000000)
  region size 1024K, 45 young (46080K), 5 survivors (5120K)
 Metaspace       used 53814K, committed 54464K, reserved 1114112K
  class space    used 7241K, committed 7552K, reserved 1048576K
}
Event: 3.269 GC heap after
{Heap after GC invocations=16 (full 0):
 garbage-first heap   total 136192K, used 67350K [0x0000000080000000, 0x0000000100000000)
  region size 1024K, 3 young (3072K), 3 survivors (3072K)
 Metaspace       used 53814K, committed 54464K, reserved 1114112K
  class space    used 7241K, committed 7552K, reserved 1048576K
}
Event: 3.342 GC heap before
{Heap before GC invocations=16 (full 0):
 garbage-first heap   total 136192K, used 76566K [0x0000000080000000, 0x0000000100000000)
  region size 1024K, 13 young (13312K), 3 survivors (3072K)
 Metaspace       used 54902K, committed 55488K, reserved 1114112K
  class space    used 7424K, committed 7680K, reserved 1048576K
}
Event: 3.344 GC heap after
{Heap after GC invocations=17 (full 0):
 garbage-first heap   total 136192K, used 67323K [0x0000000080000000, 0x0000000100000000)
  region size 1024K, 3 young (3072K), 3 survivors (3072K)
 Metaspace       used 54902K, committed 55488K, reserved 1114112K
  class space    used 7424K, committed 7680K, reserved 1048576K
}
Event: 3.719 GC heap before
{Heap before GC invocations=18 (full 0):
 garbage-first heap   total 136192K, used 109307K [0x0000000080000000, 0x0000000100000000)
  region size 1024K, 44 young (45056K), 3 survivors (3072K)
 Metaspace       used 57513K, committed 58176K, reserved 1114112K
  class space    used 7801K, committed 8128K, reserved 1048576K
}
Event: 3.722 GC heap after
{Heap after GC invocations=19 (full 0):
 garbage-first heap   total 136192K, used 70813K [0x0000000080000000, 0x0000000100000000)
  region size 1024K, 6 young (6144K), 6 survivors (6144K)
 Metaspace       used 57513K, committed 58176K, reserved 1114112K
  class space    used 7801K, committed 8128K, reserved 1048576K
}
Event: 3.749 GC heap before
{Heap before GC invocations=19 (full 0):
 garbage-first heap   total 136192K, used 72861K [0x0000000080000000, 0x0000000100000000)
  region size 1024K, 10 young (10240K), 6 survivors (6144K)
 Metaspace       used 57560K, committed 58240K, reserved 1114112K
  class space    used 7801K, committed 8128K, reserved 1048576K
}
Event: 3.751 GC heap after
{Heap after GC invocations=20 (full 0):
 garbage-first heap   total 136192K, used 71814K [0x0000000080000000, 0x0000000100000000)
  region size 1024K, 1 young (1024K), 1 survivors (1024K)
 Metaspace       used 57560K, committed 58240K, reserved 1114112K
  class space    used 7801K, committed 8128K, reserved 1048576K
}
Event: 3.786 GC heap before
{Heap before GC invocations=21 (full 0):
 garbage-first heap   total 138240K, used 85126K [0x0000000080000000, 0x0000000100000000)
  region size 1024K, 7 young (7168K), 1 survivors (1024K)
 Metaspace       used 57655K, committed 58304K, reserved 1114112K
  class space    used 7813K, committed 8128K, reserved 1048576K
}
Event: 3.788 GC heap after
{Heap after GC invocations=22 (full 0):
 garbage-first heap   total 138240K, used 82809K [0x0000000080000000, 0x0000000100000000)
  region size 1024K, 4 young (4096K), 4 survivors (4096K)
 Metaspace       used 57655K, committed 58304K, reserved 1114112K
  class space    used 7813K, committed 8128K, reserved 1048576K
}
Event: 3.851 GC heap before
{Heap before GC invocations=23 (full 0):
 garbage-first heap   total 153600K, used 102265K [0x0000000080000000, 0x0000000100000000)
  region size 1024K, 20 young (20480K), 4 survivors (4096K)
 Metaspace       used 58524K, committed 59200K, reserved 1114112K
  class space    used 7921K, committed 8256K, reserved 1048576K
}
Event: 3.853 GC heap after
{Heap after GC invocations=24 (full 0):
 garbage-first heap   total 153600K, used 91336K [0x0000000080000000, 0x0000000100000000)
  region size 1024K, 3 young (3072K), 3 survivors (3072K)
 Metaspace       used 58524K, committed 59200K, reserved 1114112K
  class space    used 7921K, committed 8256K, reserved 1048576K
}
Event: 3.972 GC heap before
{Heap before GC invocations=25 (full 0):
 garbage-first heap   total 163840K, used 114888K [0x0000000080000000, 0x0000000100000000)
  region size 1024K, 25 young (25600K), 3 survivors (3072K)
 Metaspace       used 60486K, committed 61120K, reserved 1114112K
  class space    used 8218K, committed 8512K, reserved 1048576K
}
Event: 3.974 GC heap after
{Heap after GC invocations=26 (full 0):
 garbage-first heap   total 163840K, used 93318K [0x0000000080000000, 0x0000000100000000)
  region size 1024K, 1 young (1024K), 1 survivors (1024K)
 Metaspace       used 60486K, committed 61120K, reserved 1114112K
  class space    used 8218K, committed 8512K, reserved 1048576K
}
Event: 4.146 GC heap before
{Heap before GC invocations=26 (full 0):
 garbage-first heap   total 163840K, used 120966K [0x0000000080000000, 0x0000000100000000)
  region size 1024K, 28 young (28672K), 1 survivors (1024K)
 Metaspace       used 63643K, committed 64320K, reserved 1114112K
  class space    used 8577K, committed 8832K, reserved 1048576K
}

