# JRE version: OpenJDK Runtime Environment (17.0.7) (build 17.0.7+0-b2043.56-10550314)
# Java VM: OpenJDK 64-Bit Server VM (17.0.7+0-b2043.56-10550314, mixed mode, tiered, compressed oops, compressed class ptrs, g1 gc, windows-amd64)
GC Precious Log:
 CPUs: 8 total, 8 available
 Memory: 16303M
 Large Page Support: Disabled
 NUMA Support: Disabled
 Compressed Oops: Enabled (32-bit)
 Heap Region Size: 1M
 Heap Min Capacity: 8M
 Heap Initial Capacity: 256M
 Heap Max Capacity: 2G
 Pre-touch: Disabled
 Parallel Workers: 8
 Concurrent Workers: 2
 Concurrent Refinement Workers: 8
 Periodic GC: Disabled
Heap:
 garbage-first heap   total 423936K, used 184270K [0x0000000080000000, 0x0000000100000000)
  region size 1024K, 3 young (3072K), 3 survivors (3072K)
 Metaspace       used 122111K, committed 122816K, reserved 1179648K
  class space    used 16890K, committed 17216K, reserved 1048576K
GC Heap History (20 events):
Event: 6.921 GC heap after
{Heap after GC invocations=42 (full 0):
 garbage-first heap   total 212992K, used 107101K [0x0000000080000000, 0x0000000100000000)
  region size 1024K, 8 young (8192K), 8 survivors (8192K)
 Metaspace       used 98500K, committed 99136K, reserved 1179648K
  class space    used 13710K, committed 14016K, reserved 1048576K
}
Event: 7.239 GC heap before
{Heap before GC invocations=42 (full 0):
 garbage-first heap   total 212992K, used 153181K [0x0000000080000000, 0x0000000100000000)
  region size 1024K, 55 young (56320K), 8 survivors (8192K)
 Metaspace       used 99177K, committed 99904K, reserved 1179648K
  class space    used 13764K, committed 14080K, reserved 1048576K
}
Event: 7.244 GC heap after
{Heap after GC invocations=43 (full 0):
 garbage-first heap   total 212992K, used 111434K [0x0000000080000000, 0x0000000100000000)
  region size 1024K, 5 young (5120K), 5 survivors (5120K)
 Metaspace       used 99177K, committed 99904K, reserved 1179648K
  class space    used 13764K, committed 14080K, reserved 1048576K
}
Event: 7.643 GC heap before
{Heap before GC invocations=44 (full 0):
 garbage-first heap   total 212992K, used 177994K [0x0000000080000000, 0x0000000100000000)
  region size 1024K, 66 young (67584K), 5 survivors (5120K)
 Metaspace       used 102135K, committed 102912K, reserved 1179648K
  class space    used 14063K, committed 14464K, reserved 1048576K
}
Event: 7.649 GC heap after
{Heap after GC invocations=45 (full 0):
 garbage-first heap   total 212992K, used 115049K [0x0000000080000000, 0x0000000100000000)
  region size 1024K, 9 young (9216K), 9 survivors (9216K)
 Metaspace       used 102135K, committed 102912K, reserved 1179648K
  class space    used 14063K, committed 14464K, reserved 1048576K
}
Event: 7.660 GC heap before
{Heap before GC invocations=45 (full 0):
 garbage-first heap   total 212992K, used 116073K [0x0000000080000000, 0x0000000100000000)
  region size 1024K, 10 young (10240K), 9 survivors (9216K)
 Metaspace       used 102165K, committed 102976K, reserved 1179648K
  class space    used 14068K, committed 14464K, reserved 1048576K
}
Event: 7.664 GC heap after
{Heap after GC invocations=46 (full 0):
 garbage-first heap   total 212992K, used 115374K [0x0000000080000000, 0x0000000100000000)
  region size 1024K, 1 young (1024K), 1 survivors (1024K)
 Metaspace       used 102165K, committed 102976K, reserved 1179648K
  class space    used 14068K, committed 14464K, reserved 1048576K
}
Event: 8.109 GC heap before
{Heap before GC invocations=46 (full 0):
 garbage-first heap   total 212992K, used 174766K [0x0000000080000000, 0x0000000100000000)
  region size 1024K, 60 young (61440K), 1 survivors (1024K)
 Metaspace       used 104985K, committed 105728K, reserved 1179648K
  class space    used 14304K, committed 14656K, reserved 1048576K
}
Event: 8.112 GC heap after
{Heap after GC invocations=47 (full 0):
 garbage-first heap   total 423936K, used 116047K [0x0000000080000000, 0x0000000100000000)
  region size 1024K, 2 young (2048K), 2 survivors (2048K)
 Metaspace       used 104985K, committed 105728K, reserved 1179648K
  class space    used 14304K, committed 14656K, reserved 1048576K
}
Event: 9.403 GC heap before
{Heap before GC invocations=48 (full 0):
 garbage-first heap   total 409600K, used 345423K [0x0000000080000000, 0x0000000100000000)
  region size 1024K, 227 young (232448K), 2 survivors (2048K)
 Metaspace       used 112168K, committed 112960K, reserved 1179648K
  class space    used 15315K, committed 15680K, reserved 1048576K
}
Event: 9.415 GC heap after
{Heap after GC invocations=49 (full 0):
 garbage-first heap   total 409600K, used 141351K [0x0000000080000000, 0x0000000100000000)
  region size 1024K, 27 young (27648K), 27 survivors (27648K)
 Metaspace       used 112168K, committed 112960K, reserved 1179648K
  class space    used 15315K, committed 15680K, reserved 1048576K
}
Event: 9.416 GC heap before
{Heap before GC invocations=49 (full 0):
 garbage-first heap   total 409600K, used 142375K [0x0000000080000000, 0x0000000100000000)
  region size 1024K, 28 young (28672K), 27 survivors (27648K)
 Metaspace       used 112200K, committed 112960K, reserved 1179648K
  class space    used 15323K, committed 15680K, reserved 1048576K
}
Event: 9.424 GC heap after
{Heap after GC invocations=50 (full 0):
 garbage-first heap   total 409600K, used 143406K [0x0000000080000000, 0x0000000100000000)
  region size 1024K, 3 young (3072K), 3 survivors (3072K)
 Metaspace       used 112200K, committed 112960K, reserved 1179648K
  class space    used 15323K, committed 15680K, reserved 1048576K
}
Event: 9.693 GC heap before
{Heap before GC invocations=50 (full 0):
 garbage-first heap   total 409600K, used 300078K [0x0000000080000000, 0x0000000100000000)
  region size 1024K, 157 young (160768K), 3 survivors (3072K)
 Metaspace       used 116545K, committed 117248K, reserved 1179648K
  class space    used 16002K, committed 16320K, reserved 1048576K
}
Event: 9.707 GC heap after
{Heap after GC invocations=51 (full 0):
 garbage-first heap   total 409600K, used 164408K [0x0000000080000000, 0x0000000100000000)
  region size 1024K, 20 young (20480K), 20 survivors (20480K)
 Metaspace       used 116545K, committed 117248K, reserved 1179648K
  class space    used 16002K, committed 16320K, reserved 1048576K
}
Event: 9.943 GC heap before
{Heap before GC invocations=51 (full 0):
 garbage-first heap   total 409600K, used 308792K [0x0000000080000000, 0x0000000100000000)
  region size 1024K, 161 young (164864K), 20 survivors (20480K)
 Metaspace       used 120581K, committed 121344K, reserved 1179648K
  class space    used 16713K, committed 17088K, reserved 1048576K
}
Event: 9.960 GC heap after
{Heap after GC invocations=52 (full 0):
 garbage-first heap   total 409600K, used 182029K [0x0000000080000000, 0x0000000100000000)
  region size 1024K, 17 young (17408K), 17 survivors (17408K)
 Metaspace       used 120581K, committed 121344K, reserved 1179648K
  class space    used 16713K, committed 17088K, reserved 1048576K
}
Event: 10.258 GC heap before
{Heap before GC invocations=52 (full 0):
 garbage-first heap   total 409600K, used 318221K [0x0000000080000000, 0x0000000100000000)
  region size 1024K, 150 young (153600K), 17 survivors (17408K)
 Metaspace       used 121858K, committed 122560K, reserved 1179648K
  class space    used 16866K, committed 17216K, reserved 1048576K
}
Event: 10.269 GC heap after
{Heap after GC invocations=53 (full 0):
 garbage-first heap   total 409600K, used 185578K [0x0000000080000000, 0x0000000100000000)
  region size 1024K, 4 young (4096K), 4 survivors (4096K)
 Metaspace       used 121858K, committed 122560K, reserved 1179648K
  class space    used 16866K, committed 17216K, reserved 1048576K
}
Event: 10.570 GC heap before
{Heap before GC invocations=53 (full 0):
 garbage-first heap   total 409600K, used 328938K [0x0000000080000000, 0x0000000100000000)
  region size 1024K, 144 young (147456K), 4 survivors (4096K)
 Metaspace       used 122111K, committed 122816K, reserved 1179648K
  class space    used 16890K, committed 17216K, reserved 1048576K
}

