# JRE version: OpenJDK Runtime Environment (17.0.7) (build 17.0.7+0-b2043.56-10550314)
# Java VM: OpenJDK 64-Bit Server VM (17.0.7+0-b2043.56-10550314, mixed mode, tiered, compressed oops, compressed class ptrs, g1 gc, windows-amd64)
GC Precious Log:
 CPUs: 8 total, 8 available
 Memory: 16303M
 Large Page Support: Disabled
 NUMA Support: Disabled
 Compressed Oops: Enabled (32-bit)
 Heap Region Size: 1M
 Heap Min Capacity: 8M
 Heap Initial Capacity: 256M
 Heap Max Capacity: 2G
 Pre-touch: Disabled
 Parallel Workers: 8
 Concurrent Workers: 2
 Concurrent Refinement Workers: 8
 Periodic GC: Disabled
Heap:
 garbage-first heap   total 276480K, used 166790K [0x0000000080000000, 0x0000000100000000)
  region size 1024K, 3 young (3072K), 3 survivors (3072K)
 Metaspace       used 95381K, committed 96192K, reserved 1179648K
  class space    used 13250K, committed 13696K, reserved 1048576K
GC Heap History (20 events):
Event: 4.564 GC heap after
{Heap after GC invocations=21 (full 0):
 garbage-first heap   total 276480K, used 98778K [0x0000000080000000, 0x0000000100000000)
  region size 1024K, 17 young (17408K), 17 survivors (17408K)
 Metaspace       used 71216K, committed 71936K, reserved 1114112K
  class space    used 9614K, committed 9920K, reserved 1048576K
}
Event: 4.569 GC heap before
{Heap before GC invocations=21 (full 0):
 garbage-first heap   total 276480K, used 99802K [0x0000000080000000, 0x0000000100000000)
  region size 1024K, 18 young (18432K), 17 survivors (17408K)
 Metaspace       used 71275K, committed 71936K, reserved 1114112K
  class space    used 9623K, committed 9920K, reserved 1048576K
}
Event: 4.573 GC heap after
{Heap after GC invocations=22 (full 0):
 garbage-first heap   total 276480K, used 98668K [0x0000000080000000, 0x0000000100000000)
  region size 1024K, 1 young (1024K), 1 survivors (1024K)
 Metaspace       used 71275K, committed 71936K, reserved 1114112K
  class space    used 9623K, committed 9920K, reserved 1048576K
}
Event: 4.718 GC heap before
{Heap before GC invocations=22 (full 0):
 garbage-first heap   total 276480K, used 122220K [0x0000000080000000, 0x0000000100000000)
  region size 1024K, 25 young (25600K), 1 survivors (1024K)
 Metaspace       used 73262K, committed 74048K, reserved 1114112K
  class space    used 9915K, committed 10304K, reserved 1048576K
}
Event: 4.719 GC heap after
{Heap after GC invocations=23 (full 0):
 garbage-first heap   total 276480K, used 98782K [0x0000000080000000, 0x0000000100000000)
  region size 1024K, 2 young (2048K), 2 survivors (2048K)
 Metaspace       used 73262K, committed 74048K, reserved 1114112K
  class space    used 9915K, committed 10304K, reserved 1048576K
}
Event: 5.415 GC heap before
{Heap before GC invocations=24 (full 0):
 garbage-first heap   total 276480K, used 223710K [0x0000000080000000, 0x0000000100000000)
  region size 1024K, 120 young (122880K), 2 survivors (2048K)
 Metaspace       used 82457K, committed 83264K, reserved 1179648K
  class space    used 11180K, committed 11584K, reserved 1048576K
}
Event: 5.418 GC heap after
{Heap after GC invocations=25 (full 0):
 garbage-first heap   total 276480K, used 109540K [0x0000000080000000, 0x0000000100000000)
  region size 1024K, 8 young (8192K), 8 survivors (8192K)
 Metaspace       used 82457K, committed 83264K, reserved 1179648K
  class space    used 11180K, committed 11584K, reserved 1048576K
}
Event: 5.428 GC heap before
{Heap before GC invocations=25 (full 0):
 garbage-first heap   total 276480K, used 111588K [0x0000000080000000, 0x0000000100000000)
  region size 1024K, 11 young (11264K), 8 survivors (8192K)
 Metaspace       used 82619K, committed 83392K, reserved 1179648K
  class space    used 11201K, committed 11584K, reserved 1048576K
}
Event: 5.431 GC heap after
{Heap after GC invocations=26 (full 0):
 garbage-first heap   total 276480K, used 110381K [0x0000000080000000, 0x0000000100000000)
  region size 1024K, 9 young (9216K), 9 survivors (9216K)
 Metaspace       used 82619K, committed 83392K, reserved 1179648K
  class space    used 11201K, committed 11584K, reserved 1048576K
}
Event: 6.183 GC heap before
{Heap before GC invocations=27 (full 0):
 garbage-first heap   total 276480K, used 248621K [0x0000000080000000, 0x0000000100000000)
  region size 1024K, 123 young (125952K), 9 survivors (9216K)
 Metaspace       used 91665K, committed 92416K, reserved 1179648K
  class space    used 12703K, committed 13056K, reserved 1048576K
}
Event: 6.188 GC heap after
{Heap after GC invocations=28 (full 0):
 garbage-first heap   total 276480K, used 139897K [0x0000000080000000, 0x0000000100000000)
  region size 1024K, 16 young (16384K), 16 survivors (16384K)
 Metaspace       used 91665K, committed 92416K, reserved 1179648K
  class space    used 12703K, committed 13056K, reserved 1048576K
}
Event: 6.195 GC heap before
{Heap before GC invocations=28 (full 0):
 garbage-first heap   total 276480K, used 140921K [0x0000000080000000, 0x0000000100000000)
  region size 1024K, 17 young (17408K), 16 survivors (16384K)
 Metaspace       used 91705K, committed 92480K, reserved 1179648K
  class space    used 12711K, committed 13120K, reserved 1048576K
}
Event: 6.200 GC heap after
{Heap after GC invocations=29 (full 0):
 garbage-first heap   total 276480K, used 142037K [0x0000000080000000, 0x0000000100000000)
  region size 1024K, 2 young (2048K), 2 survivors (2048K)
 Metaspace       used 91705K, committed 92480K, reserved 1179648K
  class space    used 12711K, committed 13120K, reserved 1048576K
}
Event: 6.527 GC heap before
{Heap before GC invocations=29 (full 0):
 garbage-first heap   total 276480K, used 199381K [0x0000000080000000, 0x0000000100000000)
  region size 1024K, 59 young (60416K), 2 survivors (2048K)
 Metaspace       used 95349K, committed 96192K, reserved 1179648K
  class space    used 13248K, committed 13696K, reserved 1048576K
}
Event: 6.531 GC heap after
{Heap after GC invocations=30 (full 0):
 garbage-first heap   total 276480K, used 143928K [0x0000000080000000, 0x0000000100000000)
  region size 1024K, 4 young (4096K), 4 survivors (4096K)
 Metaspace       used 95349K, committed 96192K, reserved 1179648K
  class space    used 13248K, committed 13696K, reserved 1048576K
}
Event: 6.879 GC heap before
{Heap before GC invocations=31 (full 0):
 garbage-first heap   total 276480K, used 231992K [0x0000000080000000, 0x0000000100000000)
  region size 1024K, 87 young (89088K), 4 survivors (4096K)
 Metaspace       used 95380K, committed 96192K, reserved 1179648K
  class space    used 13250K, committed 13696K, reserved 1048576K
}
Event: 6.888 GC heap after
{Heap after GC invocations=32 (full 0):
 garbage-first heap   total 276480K, used 163210K [0x0000000080000000, 0x0000000100000000)
  region size 1024K, 11 young (11264K), 11 survivors (11264K)
 Metaspace       used 95380K, committed 96192K, reserved 1179648K
  class space    used 13250K, committed 13696K, reserved 1048576K
}
Event: 6.899 GC heap before
{Heap before GC invocations=32 (full 0):
 garbage-first heap   total 276480K, used 165258K [0x0000000080000000, 0x0000000100000000)
  region size 1024K, 13 young (13312K), 11 survivors (11264K)
 Metaspace       used 95380K, committed 96192K, reserved 1179648K
  class space    used 13250K, committed 13696K, reserved 1048576K
}
Event: 6.903 GC heap after
{Heap after GC invocations=33 (full 0):
 garbage-first heap   total 276480K, used 165203K [0x0000000080000000, 0x0000000100000000)
  region size 1024K, 2 young (2048K), 2 survivors (2048K)
 Metaspace       used 95380K, committed 96192K, reserved 1179648K
  class space    used 13250K, committed 13696K, reserved 1048576K
}
Event: 7.151 GC heap before
{Heap before GC invocations=33 (full 0):
 garbage-first heap   total 276480K, used 225619K [0x0000000080000000, 0x0000000100000000)
  region size 1024K, 61 young (62464K), 2 survivors (2048K)
 Metaspace       used 95381K, committed 96192K, reserved 1179648K
  class space    used 13250K, committed 13696K, reserved 1048576K
}

