# JRE version: OpenJDK Runtime Environment (17.0.7) (build 17.0.7+0-b2043.56-10550314)
# Java VM: OpenJDK 64-Bit Server VM (17.0.7+0-b2043.56-10550314, mixed mode, tiered, compressed oops, compressed class ptrs, g1 gc, windows-amd64)
GC Precious Log:
 CPUs: 8 total, 8 available
 Memory: 16303M
 Large Page Support: Disabled
 NUMA Support: Disabled
 Compressed Oops: Enabled (32-bit)
 Heap Region Size: 1M
 Heap Min Capacity: 8M
 Heap Initial Capacity: 256M
 Heap Max Capacity: 2G
 Pre-touch: Disabled
 Parallel Workers: 8
 Concurrent Workers: 2
 Concurrent Refinement Workers: 8
 Periodic GC: Disabled
Heap:
 garbage-first heap   total 278528K, used 164038K [0x0000000080000000, 0x0000000100000000)
  region size 1024K, 12 young (12288K), 7 survivors (7168K)
 Metaspace       used 104738K, committed 105536K, reserved 1179648K
  class space    used 14181K, committed 14592K, reserved 1048576K
GC Heap History (20 events):
Event: 4.934 GC heap before
{Heap before GC invocations=35 (full 0):
 garbage-first heap   total 184320K, used 147076K [0x0000000080000000, 0x0000000100000000)
  region size 1024K, 44 young (45056K), 3 survivors (3072K)
 Metaspace       used 77296K, committed 78016K, reserved 1179648K
  class space    used 10471K, committed 10816K, reserved 1048576K
}
Event: 4.936 GC heap after
{Heap after GC invocations=36 (full 0):
 garbage-first heap   total 184320K, used 107307K [0x0000000080000000, 0x0000000100000000)
  region size 1024K, 5 young (5120K), 5 survivors (5120K)
 Metaspace       used 77296K, committed 78016K, reserved 1179648K
  class space    used 10471K, committed 10816K, reserved 1048576K
}
Event: 5.172 GC heap before
{Heap before GC invocations=36 (full 0):
 garbage-first heap   total 184320K, used 148267K [0x0000000080000000, 0x0000000100000000)
  region size 1024K, 45 young (46080K), 5 survivors (5120K)
 Metaspace       used 80437K, committed 81216K, reserved 1179648K
  class space    used 10901K, committed 11264K, reserved 1048576K
}
Event: 5.174 GC heap after
{Heap after GC invocations=37 (full 0):
 garbage-first heap   total 184320K, used 109843K [0x0000000080000000, 0x0000000100000000)
  region size 1024K, 5 young (5120K), 5 survivors (5120K)
 Metaspace       used 80437K, committed 81216K, reserved 1179648K
  class space    used 10901K, committed 11264K, reserved 1048576K
}
Event: 5.430 GC heap before
{Heap before GC invocations=38 (full 0):
 garbage-first heap   total 191488K, used 149779K [0x0000000080000000, 0x0000000100000000)
  region size 1024K, 45 young (46080K), 5 survivors (5120K)
 Metaspace       used 84049K, committed 84800K, reserved 1179648K
  class space    used 11359K, committed 11712K, reserved 1048576K
}
Event: 5.433 GC heap after
{Heap after GC invocations=39 (full 0):
 garbage-first heap   total 191488K, used 112186K [0x0000000080000000, 0x0000000100000000)
  region size 1024K, 5 young (5120K), 5 survivors (5120K)
 Metaspace       used 84049K, committed 84800K, reserved 1179648K
  class space    used 11359K, committed 11712K, reserved 1048576K
}
Event: 5.512 GC heap before
{Heap before GC invocations=39 (full 0):
 garbage-first heap   total 191488K, used 123450K [0x0000000080000000, 0x0000000100000000)
  region size 1024K, 17 young (17408K), 5 survivors (5120K)
 Metaspace       used 85777K, committed 86592K, reserved 1179648K
  class space    used 11573K, committed 11968K, reserved 1048576K
}
Event: 5.515 GC heap after
{Heap after GC invocations=40 (full 0):
 garbage-first heap   total 191488K, used 112709K [0x0000000080000000, 0x0000000100000000)
  region size 1024K, 3 young (3072K), 3 survivors (3072K)
 Metaspace       used 85777K, committed 86592K, reserved 1179648K
  class space    used 11573K, committed 11968K, reserved 1048576K
}
Event: 5.855 GC heap before
{Heap before GC invocations=41 (full 0):
 garbage-first heap   total 208896K, used 161861K [0x0000000080000000, 0x0000000100000000)
  region size 1024K, 47 young (48128K), 3 survivors (3072K)
 Metaspace       used 92618K, committed 93440K, reserved 1179648K
  class space    used 12799K, committed 13184K, reserved 1048576K
}
Event: 5.857 GC heap after
{Heap after GC invocations=42 (full 0):
 garbage-first heap   total 208896K, used 117767K [0x0000000080000000, 0x0000000100000000)
  region size 1024K, 4 young (4096K), 4 survivors (4096K)
 Metaspace       used 92618K, committed 93440K, reserved 1179648K
  class space    used 12799K, committed 13184K, reserved 1048576K
}
Event: 5.923 GC heap before
{Heap before GC invocations=42 (full 0):
 garbage-first heap   total 208896K, used 125959K [0x0000000080000000, 0x0000000100000000)
  region size 1024K, 13 young (13312K), 4 survivors (4096K)
 Metaspace       used 94163K, committed 94976K, reserved 1179648K
  class space    used 13110K, committed 13504K, reserved 1048576K
}
Event: 5.925 GC heap after
{Heap after GC invocations=43 (full 0):
 garbage-first heap   total 208896K, used 117978K [0x0000000080000000, 0x0000000100000000)
  region size 1024K, 4 young (4096K), 4 survivors (4096K)
 Metaspace       used 94163K, committed 94976K, reserved 1179648K
  class space    used 13110K, committed 13504K, reserved 1048576K
}
Event: 6.122 GC heap before
{Heap before GC invocations=44 (full 0):
 garbage-first heap   total 225280K, used 181466K [0x0000000080000000, 0x0000000100000000)
  region size 1024K, 59 young (60416K), 4 survivors (4096K)
 Metaspace       used 94345K, committed 95168K, reserved 1179648K
  class space    used 13119K, committed 13504K, reserved 1048576K
}
Event: 6.131 GC heap after
{Heap after GC invocations=45 (full 0):
 garbage-first heap   total 270336K, used 134609K [0x0000000080000000, 0x0000000100000000)
  region size 1024K, 8 young (8192K), 8 survivors (8192K)
 Metaspace       used 94345K, committed 95168K, reserved 1179648K
  class space    used 13119K, committed 13504K, reserved 1048576K
}
Event: 6.434 GC heap before
{Heap before GC invocations=45 (full 0):
 garbage-first heap   total 270336K, used 197073K [0x0000000080000000, 0x0000000100000000)
  region size 1024K, 69 young (70656K), 8 survivors (8192K)
 Metaspace       used 97615K, committed 98432K, reserved 1179648K
  class space    used 13507K, committed 13888K, reserved 1048576K
}
Event: 6.442 GC heap after
{Heap after GC invocations=46 (full 0):
 garbage-first heap   total 270336K, used 146432K [0x0000000080000000, 0x0000000100000000)
  region size 1024K, 9 young (9216K), 9 survivors (9216K)
 Metaspace       used 97615K, committed 98432K, reserved 1179648K
  class space    used 13507K, committed 13888K, reserved 1048576K
}
Event: 6.509 GC heap before
{Heap before GC invocations=47 (full 0):
 garbage-first heap   total 270336K, used 160768K [0x0000000080000000, 0x0000000100000000)
  region size 1024K, 18 young (18432K), 9 survivors (9216K)
 Metaspace       used 98503K, committed 99328K, reserved 1179648K
  class space    used 13620K, committed 14016K, reserved 1048576K
}
Event: 6.514 GC heap after
{Heap after GC invocations=48 (full 0):
 garbage-first heap   total 270336K, used 155103K [0x0000000080000000, 0x0000000100000000)
  region size 1024K, 2 young (2048K), 2 survivors (2048K)
 Metaspace       used 98503K, committed 99328K, reserved 1179648K
  class space    used 13620K, committed 14016K, reserved 1048576K
}
Event: 6.833 GC heap before
{Heap before GC invocations=49 (full 0):
 garbage-first heap   total 278528K, used 216543K [0x0000000080000000, 0x0000000100000000)
  region size 1024K, 61 young (62464K), 2 survivors (2048K)
 Metaspace       used 104170K, committed 104896K, reserved 1179648K
  class space    used 14111K, committed 14464K, reserved 1048576K
}
Event: 6.836 GC heap after
{Heap after GC invocations=50 (full 0):
 garbage-first heap   total 278528K, used 160966K [0x0000000080000000, 0x0000000100000000)
  region size 1024K, 7 young (7168K), 7 survivors (7168K)
 Metaspace       used 104170K, committed 104896K, reserved 1179648K
  class space    used 14111K, committed 14464K, reserved 1048576K
}

